/cluster/raid/home/michael.tsesmelis/SideProject/network_analysis.py:109: SettingWithCopyWarning: 
A value is trying to be set on a copy of a slice from a DataFrame.
Try using .loc[row_indexer,col_indexer] = value instead

See the caveats in the documentation: https://pandas.pydata.org/pandas-docs/stable/user_guide/indexing.html#returning-a-view-versus-a-copy
  assignee_df[assignee_df['ID'] == node[0]]['impact'] = impact
/cluster/raid/home/michael.tsesmelis/SideProject/network_analysis.py:110: SettingWithCopyWarning: 
A value is trying to be set on a copy of a slice from a DataFrame.
Try using .loc[row_indexer,col_indexer] = value instead

See the caveats in the documentation: https://pandas.pydata.org/pandas-docs/stable/user_guide/indexing.html#returning-a-view-versus-a-copy
  assignee_df[assignee_df['ID'] == node[0]]['normalised impact'] = impact/length
/cluster/raid/home/michael.tsesmelis/SideProject/network_analysis.py:128: SettingWithCopyWarning: 
A value is trying to be set on a copy of a slice from a DataFrame.
Try using .loc[row_indexer,col_indexer] = value instead

See the caveats in the documentation: https://pandas.pydata.org/pandas-docs/stable/user_guide/indexing.html#returning-a-view-versus-a-copy
  assignee_df[assignee_df['ID'] == node]['influence'] = centrality_measure
Traceback (most recent call last):
  File "main.py", line 125, in <module>
    managerial_layer()
  File "main.py", line 121, in managerial_layer
    unfold_network(cpc_time_series, tensors, topical_patents[:2]) 
  File "/cluster/raid/home/michael.tsesmelis/SideProject/network_analysis.py", line 165, in unfold_network
    clusters_df.to_markdown("output_tables/technologies_index.md")
  File "/cluster/raid/home/michael.tsesmelis/SideProject/lib/python3.8/site-packages/pandas/core/frame.py", line 2572, in to_markdown
    with get_handle(buf, mode, storage_options=storage_options) as handles:
  File "/cluster/raid/home/michael.tsesmelis/SideProject/lib/python3.8/site-packages/pandas/io/common.py", line 702, in get_handle
    handle = open(
FileNotFoundError: [Errno 2] No such file or directory: 'output_tables/technologies_index.md'
