/cluster/raid/home/michael.tsesmelis/SideProject
3. Finished preparing data (2022-02-11 15:08:26.562353)
4. Running job ['cyber', 'honeypot', 'cybersecurity'] (2022-02-11 15:08:26.562662)
5. Finding topical patents (2022-02-11 15:08:26.562677)
['9578055', '8479288', '7694339', '9485276', '10541954', '9117076', '9374382', '10706746', '9363278', '10963910', '10673887', '10599838', '10469527', '10931660', '10581897', '10502572', '9817969', '10430588', '10264004', '9906538', '10887346', '10262133', '10498759', '10884044', '10511446', '10986130', '9635016', '6263318', '10645118', '8769649', '10237351', '9509712', '9996692', '10635838', '10708304', '10867034', '10671957', '10728019', '9680857', '7917593', '9648029', '10992706', '10601853', '8782141', '10518162', '10965758', '10142365', '9137242', '10222405', '10812517', '9690932', '10867512', '9319420', '9923915', '10681068', '11003773', '10701089', '9552470', '9542919', '10719622', '10742658', '9875360', '8832794', '10404737', '10003598', '8683589', '10515328', '10678954', '10666792', '10887325', '10262143', '10154046', '9621569', '11005860', '9509716', '10320820', '10630726', '10812504', '10425438', '10951651', '10999653', '10943097', '10387657', '8787928', '7934258', '10063583', '10212184', '10367839', '10116994', '10681079', '10572659', '10778708', '10880337', '10043197', '10990432', '10986090', '9367694', '9305106', '10432660', '10616270', '9166981', '9616828', '9661006', '10380335', '9596266', '10897712', '10820198', '11032310', '8286225', '10469518', '10885133', '10623436', '9824609', '10826324', '10296748', '11050714', '9544326', '9985987', '9501645', '9137241', '10685293', '10205733', '9118702', '10932135', '9923922', '10348747', '10986129', '10587647', '10027705', '10791139', '7950060', '8726393', '10171510', '9584541', '10075474', '10372915', '10958685', '9756062', '10250619', '10949784', '9503420', '8701174', '9280911', '10686841', '11012448', '9990660', '8856231', '6676477', '9876811', '8943594', '9998426', '10476678', '9501647', '10298608', '10944778', '10798125', '9479507', '10079850', '9210185', '10721262', '10956566', '9357397', '10341376', '9224067', '10348752', '10050990', '10454958', '10238948', '10878084', '10264012', '11036865', '7412723', '11038920', '10284598', '9350758', '10963572', '9781149', '10938842', '10986117', '8549642', '9646588', '9954884', '9979621', '10497071', '11036853', '9712553', '10685115', '10277622', '9591009', '10542046', '9027126', '10859622', '8181250', '9697352', '10791136', '10181038', '9392003', '9379912', '9118714', '7937765', '10593311', '10757132', '9544724', '10938854', '11050778', '10382474', '8826401', '10542013', '7865732', '8893281', '10594714', '9942245', '10609061', '10625694', '10990916', '10641585', '10986126', '10503899', '10812510', '7328187', '10803182', '10592938', '9614669', '9930058', '9729507', '10033754', '7559079', '10949534', '10063580', '11019063', '10887334', '10438001', '10848515', '10586052', '10614214', '8608644', '10447734', '11005839', '10798065', '10193919', '10979454', '10129290', '9185124', '10826931', '10298609', '10523609', '10107014', '10742667', '10999316', '10708291', '10516680', '10896261', '10148678', '10885393', '10218736', '9965133', '10037546', '10630713', '10333898', '10778701', '10972256', '10498756', '7383578', '11012414', '8621637', '10616253', '10511621', '10623437', '10230764', '10320619', '10944795', '10929529', '10320827', '10728239', '9171167', '10749875', '9712547', '10438155', '9930061', '9373267', '8776226', '10423787', '8434136', '10404735', '10178060', '10812519', '10614401', '9699209', '10346395', '9319414', '10915641', '10924481', '7676841', '8588823', '10218731', '9392013', '10695884', '10491624', '10462139', '10056005', '10291650', '10897483', '10977587', '6981146', '10237297', '9521160', '10826925', '9596256', '9800604', '10862919', '10897473', '9159246', '10587651', '7949710', '9807109', '9008617', '9697355', '9794283', '10103890', '10474470', '10235523', '10812516', '8793790', '10735456', '10193923', '10958670', '10277629', '8150783', '10257100', '8627060', '10546276', '9602529', '10958672', '10454963', '7149937', '6947405', '10979448', '8752174', '9840212', '8732807', '10021119', '11012417', '10243998', '8413241', '9537887', '10097581', '10021136', '8516596', '10270798', '10826939', '9521120', '8799189', '9338175', '7856405', '10440055', '10951662', '10778714', '9241008', '10992699', '8707180', '8667582', '10505972', '10122751', '10791144', '9178899', '10242193', '9473526', '9350754', '9584537', '9245116', '10581877', '10063568', '10979453', '9251509', '10418008', '8640238', '9894036', '11031135', '10135855', '10498763', '8843953', '8762188', '10462181', '10397259', '10412100', '10061635', '10708282', '11050779', '7930256', '9032521', '10158653', '10924510', '10003609', '9177139', '10862926', '10791140', '11025674', '10911482', '10860460', '8266701', '9135306', '10404672', '10958684', '10366229', '10339837', '10992708', '10609079', '10333974', '10949543', '10903871', '7962756', '11038919', '10523642', '9614863', '8869133', '10248910', '10135236', '10805343', '11023585', '8528092', '9910993', '10530808', '10326776', '9298925', '10217071', '9503472', '7904959', '10243993', '10764334', '7159180', '8443439', '10454894', '9749347', '10311360', '10313382', '9762605', '10505853', '10686825', '9253203', '10681061', '9398029', '10812499', '8977843', '10419468', '10171488', '10509373', '8732296', '9660996', '10805317', '9306965', '9838427', '10691795', '10692365', '10728261', '9705899', '10903933', '10848517', '9813454', '9544047', '9270690', '10515564', '9930062', '10943693', '10127160', '10291642', '10410158', '10268976', '8515881', '9560075', '10708271', '10440119', '9104516', '8800037', '7756933', '8595831', '10904282', '10372910', '10560483', '10419480', '10367841', '10257226', '10904283', '10148686', '10339321', '10853883', '10686807', '10659490', '10601856', '10728265', '9253181', '9294498', '9521163', '10419474', '8191149', '9882918', '8769267', '10516698', '10182065', '9614872', '10862925', '10938795', '10681066', '10404748', '9092631', '9300682', '11012463', '10979391', '9537884', '10929541', '10176320', '10075475', '10091220', '10929539', '10523695', '9558677', '9094449', '11037083', '8156541', '9602536', '10554412', '9203859', '10681074', '10839076', '10623416', '11005869', '8099460', '9373144', '8583583', '10404729', '10931702', '10764313', '10097577', '9497161', '8832808', '10050989', '9870715', '10439884', '8601587', '10986128', '9178897', '10812351', '10817750', '10505953', '11032319', '10542015', '10681071', '9426169', '10735466', '10970188', '9602530', '9641550', '9774626', '7457780', '10986112', '9767279', '10560467', '10162969', '10581894', '11019038', '10484411', '8826231', '6330491', '10311245', '9129108', '10248522', '11010469', '9866575', '10116690', '9635025', '10491619', '10915217', '10606991', '9774616', '10348757', '10616265', '9083741', '9749343', '10574697', '10412117', '9258321', '10110629', '10546135', '8374626', '9954897', '9531669', '10789373', '10902114', '10862901', '8914880', '10135867', '8677484', '9749344', '10917428', '10205734', '10412078', '10002374', '5590197', '9049226', '10944639', '8443446', '7904958', '10594729', '10511635']
6. Unfolding network (2022-02-11 15:11:35.699138)
6.1 Finding topical clusters (2022-02-11 15:11:35.699194)
['H04L63/1458', 'H04L63/1491', 'H04W12/126', 'G06F21/74']
6.2 Finding topical assignees (2022-02-11 15:11:35.699222)
6.2.1 Finding topical assignees for cluster H04L63/1458 (2022-02-11 15:11:35.699231)
11019038: no assignee
6.2.1 Finding topical assignees for cluster H04L63/1491 (2022-02-11 15:11:35.701035)
11019085: no assignee
6.2.1 Finding topical assignees for cluster H04W12/126 (2022-02-11 15:11:35.701931)
10924462: no assignee
10756906: no assignee
6.2.1 Finding topical assignees for cluster G06F21/74 (2022-02-11 15:11:35.702413)
10819521: no assignee
10826701: no assignee
e62cea34-5174-4cfd-a59d-7ebea8b78dca Amazon Technologies, Inc. {'emergingness': [1.0, 0.0, 0.0, 1.0, 1.0, 1.0, 1.0, 1.0], 'patents': ['10911483', '11050784', '10791132', '10951725', '10891282', '10938853', '11050787', '10873601'], 'H04L63/1458': 6, 'H04L63/1491': 2}
2098b97e-24f3-4f9b-9db6-da54999d745d Zycada Networks {'emergingness': [0.0], 'patents': ['10873599'], 'H04L63/1458': 1}
19b4ed1b-7ef1-4bb7-af26-878fa25c9924 CISCO TECHNOLOGY, INC. {'emergingness': [0.0, 1.0, 1.0, 1.0, 1.0, 1.0, 1.0, 1.0, 1.0, 1.0, 1.0, 1.0, 1.0, 1.0, 1.0, 1.0, 1.0, 1.0, 1.0, 1.0, 0.0, 1.0, 1.0, 1.0, 1.0, 1.0, 1.0, 1.0, 1.0, 1.0, 1.0, 1.0], 'patents': ['10917421', '10771476', '10868834', '10862776', '10812523', '10897474', '10742529', '10848495', '10749897', '10728158', '10728280', '10917438', '10931692', '10862910', '10855698', '10979322', '11012469', '10728119', '10917319', '10904116', '10911207', '10728271', '10904275', '10873593', '10735283', '10797973', '11005728', '10764310', '11012296', '10958681', '10750368', '10880748'], 'H04L63/1458': 30, 'H04W12/126': 2}
c0b57b8b-d348-4323-b29c-0c5f38e9f179 NEC CORPORATION {'emergingness': [0.0, 1.0, 0.0, 0.0, 1.0, 0.0, 0.0, 1.0], 'patents': ['10855707', '10999323', '10841105', '10911488', '10887344', '10855721', '10868830', '10749671'], 'H04L63/1458': 5, 'H04L63/1491': 2, 'G06F21/74': 1}
bb4c7fe8-3e26-462f-9577-312354d0c603 INTEL CORPORATION {'emergingness': [0.0, 0.0, 0.0, 1.0, 1.0, 0.0, 0.0, 1.0, 0.0, 0.0, 1.0, 1.0, 1.0, 0.0, 1.0, 0.0, 1.0, 1.0], 'patents': ['11005884', '10972277', '10728750', '10740084', '10999284', '10884814', '10970390', '10860709', '10795829', '11036850', '11017092', '10908952', '11018863', '10762244', '11029952', '11019061', '10776524', '10936723'], 'H04L63/1458': 3, 'H04L63/1491': 1, 'G06F21/74': 15}
cc924fe6-bb70-4924-9166-95e7047a5a9f AO Kaspersky Lab {'emergingness': [0.0, 0.0], 'patents': ['10771500', '11025667'], 'H04L63/1458': 2}
1f3aea53-afb2-4532-a53c-3ca86665a1b8 SPLUNK INC. {'emergingness': [1.0, 1.0], 'patents': ['10771479', '11038915'], 'H04L63/1458': 1, 'H04L63/1491': 1}
7b4e2fc9-47c8-46ea-ba79-457ba97c5150 Centripetal Networks, Inc. {'emergingness': [0.0, 0.0], 'patents': ['11012417', '11012414'], 'H04L63/1458': 2}
8085beb6-c2e8-46a7-925a-c9aa641640d3 CLOUDFLARE, INC. {'emergingness': [1.0, 1.0, 1.0, 1.0, 0.0], 'patents': ['10853443', '10984068', '10922377', '10872128', '11025670'], 'H04L63/1458': 4, 'H04L63/1491': 1}
17b0eccf-13fc-46ef-80a4-05f4fe837195 NEBBIOLO TECHNOLOGIES, INC. {'emergingness': [0.0], 'patents': ['10798063'], 'H04L63/1458': 1}
206c005a-bb62-450d-a6c9-304cde11fb19 Ramot at Tel-Aviv University Ltd. {'emergingness': [0.0], 'patents': ['10915630'], 'H04L63/1458': 1}
9e4ed436-c0f4-4a94-8ecc-670c521c55f2 Adobe Inc. {'emergingness': [0.0], 'patents': ['10841323'], 'H04L63/1458': 1}
f8c63eb8-c33a-47dd-9238-236c8e0a2640 OPT/NET B.V. {'emergingness': [0.0], 'patents': ['10917420'], 'H04L63/1458': 1}
fc99c0b0-fd8a-46e6-b508-6d2442ba3724 Alibaba Group Holding Limited {'emergingness': [0.0, 0.0, 0.0, 0.0], 'patents': ['10931710', '10798110', '10924457', '10715550'], 'H04L63/1458': 3, 'H04L63/1491': 1}
fe5b3737-49aa-46b9-a060-593e929087b5 HUAWEI TECHNOLOGIES CO., LTD. {'emergingness': [0.0, 0.0, 0.0, 0.0, 0.0, 0.0, 0.0, 0.0, 0.0], 'patents': ['10798060', '10972917', '10929538', '11003745', '10891397', '10922441', '10735393', '10977474', '10831905'], 'H04L63/1458': 2, 'H04W12/126': 1, 'G06F21/74': 6}
1863794f-8146-4f77-a3a4-402293cb31c8 NXP B.V. {'emergingness': [0.0, 0.0, 0.0], 'patents': ['10922264', '11018879', '10853520'], 'H04L63/1458': 1, 'H04W12/126': 1, 'G06F21/74': 1}
f0e500af-e10d-4508-8d46-20b29a45988d Arista Networks, Inc. {'emergingness': [1.0], 'patents': ['10917342'], 'H04L63/1458': 1}
86afbbb1-c416-49c2-a360-2dd81584f088 Subspace Inc. {'emergingness': [0.0], 'patents': ['10708316'], 'H04L63/1458': 1}
fb338146-68c6-4d0a-9c05-940b324e6906 NIPPON TELEGRAPH AND TELEPHONE CORPORATION {'emergingness': [0.0, 0.0, 0.0, 0.0], 'patents': ['11050776', '10728281', '10721244', '10735564'], 'H04L63/1458': 4, 'H04L63/1491': 1}
8363ab02-b78a-4803-9cf8-b9f59bba97ab NSFOCUS TECHNOLOGIES, INC. {'emergingness': [0.0, 0.0], 'patents': ['10812525', '10812524'], 'H04L63/1458': 2}
f77d1487-8040-4b75-b4ad-8e55d3577c18 NSFOCUS INFORMATION TECHNOLOGY CO., LTD. {'emergingness': [0.0, 0.0], 'patents': ['10812525', '10812524'], 'H04L63/1458': 2}
66e286b1-fb35-43bc-a184-592cb08d534a PERSPECTA LABS INC. {'emergingness': [0.0], 'patents': ['10904288'], 'H04L63/1458': 1, 'H04L63/1491': 1}
2c4297e9-52a3-40fb-ab2f-3e8f1b5d6c0f PayPal, Inc. {'emergingness': [0.0, 1.0, 0.0, 0.0, 1.0, 1.0, 1.0, 1.0], 'patents': ['11036835', '10855697', '10917430', '10893072', '10951650', '10984120', '10803462', '10748144'], 'H04L63/1458': 3, 'H04L63/1491': 2, 'H04W12/126': 2, 'G06F21/74': 1}
ebc86374-5faf-4834-a31f-ac5963a345b3 Palo Alto Networks, Inc. {'emergingness': [1.0, 1.0, 1.0, 1.0, 1.0, 1.0, 1.0, 1.0], 'patents': ['10764309', '10812972', '10944796', '10812971', '10747881', '10986126', '10992704', '10853484'], 'H04L63/1458': 4, 'H04L63/1491': 4}
776d6287-b242-4d83-b99c-347b9bc8bba9 AUTONETWORKS TECHNOLOGIES, LTD. {'emergingness': [0.0], 'patents': ['10892913'], 'H04L63/1458': 1}
f625788b-f90d-4bd6-989e-7cf0ec1db848 Sumitomo Wiring Systems, Ltd. {'emergingness': [0.0], 'patents': ['10892913'], 'H04L63/1458': 1}
fdf025da-081b-4a18-8d93-89b4752e25fa SUMITOMO ELECTRIC INDUSTRIES, LTD. {'emergingness': [0.0], 'patents': ['10892913'], 'H04L63/1458': 1}
49050903-5b78-4365-bdeb-3cad39f2b6a1 KOREA UNIVERSITY Research and Business Foundation {'emergingness': [0.0], 'patents': ['10931711'], 'H04L63/1458': 1}
b0e41602-d133-4b02-9566-e03b1fdb55ae AT&T Intellectual Property I, L.P. {'emergingness': [1.0, 1.0, 1.0, 1.0, 1.0], 'patents': ['10944783', '10938844', '10834114', '11039315', '10826943'], 'H04L63/1458': 5}
cefac8e6-2663-424b-bc5b-080c31a9781a Telefonaktiebolaget LM Ericsson (publ) {'emergingness': [0.0, 0.0, 0.0, 0.0], 'patents': ['10735392', '10911484', '10986018', '10771481'], 'H04L63/1458': 3, 'H04W12/126': 1}
ab3fae62-1ecf-4cc4-8ead-777a2c6c977a SENSYS NETWORKS, INC. {'emergingness': [0.0], 'patents': ['10873859'], 'H04L63/1458': 1}
bb031f8b-8c9a-4de5-b09d-709c787014aa Wells Fargo Bank, N.A. {'emergingness': [1.0], 'patents': ['10715535'], 'H04L63/1458': 1}
e43bb587-155d-43ec-838a-6facf930618a Arbor Networks, Inc. {'emergingness': [0.0, 0.0, 0.0, 0.0], 'patents': ['10771499', '10798124', '10965553', '10951649'], 'H04L63/1458': 4}
f64e9720-2f0c-4ac4-9e5e-f225905a7a40 SAMSUNG ELETRﾃ年ICA DA AMAZﾃ年IA LTDA. {'emergingness': [0.0], 'patents': ['10904758'], 'H04L63/1458': 1}
cbf12f04-88cc-4197-bf95-bc1c4f03ddc1 F5 NETWORKS, INC. {'emergingness': [1.0, 1.0, 1.0, 0.0], 'patents': ['10721269', '10834110', '10812266', '10855701'], 'H04L63/1458': 4}
f468f9bd-4b39-4768-91d0-4ad13f1abe6f KASADA PTY, LTD. {'emergingness': [0.0], 'patents': ['10855661'], 'H04L63/1458': 1}
98713aa4-1996-4adc-a7bd-7739a8b102a8 Electronics and Telecommunications Research Institute {'emergingness': [0.0], 'patents': ['10805319'], 'H04L63/1458': 1}
570bdd50-01a7-483a-afff-9d18df0e9c62 ADVANCED NEW TECHNOLOGIES CO., LTD. {'emergingness': [0.0, 0.0], 'patents': ['10965689', '10986101'], 'H04L63/1458': 2}
a30d14e3-a5c5-4bec-9fdb-2029f48e050e SAP SE {'emergingness': [0.0, 0.0, 0.0], 'patents': ['10769274', '10771503', '10958685'], 'H04L63/1458': 1, 'H04L63/1491': 2}
558fb3e6-363d-432f-9c8b-dec6a4a9da0e Radware, Ltd {'emergingness': [1.0, 1.0, 1.0, 1.0, 0.0, 1.0, 1.0], 'patents': ['10938851', '10887341', '10951648', '10742658', '10742679', '11019059', '10924484'], 'H04L63/1458': 7}
39719b1e-eb6d-414e-b351-7430992a204b Samsung Electronics Co., Ltd. {'emergingness': [0.0, 0.0, 0.0, 0.0, 0.0, 1.0, 1.0, 0.0, 0.0, 0.0, 1.0, 1.0, 0.0], 'patents': ['10855720', '10834596', '11042868', '11039110', '10733284', '11017378', '10705894', '10733304', '10740496', '10885229', '10942993', '10846696', '10762242'], 'H04L63/1458': 1, 'H04L63/1491': 1, 'H04W12/126': 2, 'G06F21/74': 9}
b0bfd77f-0824-4e4e-bb00-29501a1eb812 Level 3 Communications, LLC {'emergingness': [1.0, 0.0, 0.0, 1.0, 0.0], 'patents': ['10999319', '10785257', '10819739', '10944784', '11012467'], 'H04L63/1458': 5}
de8387d5-649f-4e19-bb81-52e6e9d78db6 MICROSOFT TECHNOLOGY LICENSING, LLC {'emergingness': [1.0, 1.0, 1.0, 1.0, 1.0, 1.0, 1.0, 1.0, 0.0, 1.0, 0.0, 1.0, 1.0, 1.0, 1.0, 1.0, 1.0, 0.0, 1.0, 1.0], 'patents': ['10805317', '10992338', '10944791', '10715533', '10922405', '10855713', '10862870', '10708300', '10942798', '11030280', '10904000', '10747905', '10783075', '10936303', '10764259', '10897360', '10715526', '10936459', '10897459', '10776102'], 'H04L63/1458': 2, 'H04L63/1491': 3, 'H04W12/126': 3, 'G06F21/74': 12}
6c95ceaf-33d5-4a8e-8b53-ec1446d1d626 McAfee, LLC {'emergingness': [0.0, 1.0, 1.0, 1.0, 1.0], 'patents': ['11005868', '10826918', '11050785', '10785191', '10862993'], 'H04L63/1458': 3, 'H04L63/1491': 1, 'H04W12/126': 1}
1fd680db-a65d-45bb-9906-bef56be3180f SecurityScorecard, Inc. {'emergingness': [1.0, 1.0], 'patents': ['10931704', '10848517'], 'H04L63/1458': 2}
251c8314-a1b4-48cd-9f83-bdbffac94d1e UNIKEN INC. {'emergingness': [0.0], 'patents': ['10999318'], 'H04L63/1458': 1}
bea0d74e-345f-4bef-b901-6cacf0132234 Hughes Network Systems, LLC {'emergingness': [0.0], 'patents': ['10951581'], 'H04L63/1458': 1}
4785c433-0403-4bc1-8d5b-094e558f0c3d Facebook, Inc. {'emergingness': [0.0], 'patents': ['10726131'], 'H04L63/1458': 1}
49a73f77-2a13-4e56-837f-7980975dc26f RED HAT, INC. {'emergingness': [1.0], 'patents': ['10819728'], 'H04L63/1458': 1}
3335e9bd-9a67-476d-a8b5-988542d35490 Zenedge, Inc. {'emergingness': [0.0], 'patents': ['10735382'], 'H04L63/1458': 1}
ea061357-b300-4046-b8ea-410a9e6870b3 AT&T Mobility II LLC {'emergingness': [1.0], 'patents': ['11039315'], 'H04L63/1458': 1}
4c5251b2-4a4c-4b6e-88ca-82c8c031580f RED BUTTON LTD. {'emergingness': [0.0], 'patents': ['10749896'], 'H04L63/1458': 1}
c6cbe83b-9547-4ed3-aedf-86f926bd23f9 NORTHROP GRUMMAN SYSTEMS CORPORATION {'emergingness': [0.0], 'patents': ['10868829'], 'H04L63/1458': 1}
298acba8-8912-4406-9197-9e1424d6715d Verizon Patent and Licensing Inc. {'emergingness': [0.0, 0.0, 1.0], 'patents': ['10757136', '11025662', '10778444'], 'H04L63/1458': 2, 'G06F21/74': 1}
72ecbaa0-dbf4-497d-b76d-049d6e78f536 CallFire, Inc. {'emergingness': [0.0], 'patents': ['10735460'], 'H04L63/1458': 1}
1a82136b-d83a-4a5e-84dc-849ed78c618e Level 3 Communication, LLC {'emergingness': [0.0], 'patents': ['10742672'], 'H04L63/1458': 1}
78f74b47-5496-4e82-9609-7110b9fe8470 AS America, Inc. {'emergingness': [0.0, 1.0, 1.0, 1.0, 1.0, 1.0, 1.0, 1.0], 'patents': ['10771502', '10965675', '11050769', '10819737', '10785214', '10972472', '10798126', '10958670'], 'H04L63/1458': 1, 'H04L63/1491': 7}
7d1f3891-dd8e-4c26-822b-411965e984b9 International Business Machines Corporation {'emergingness': [1.0, 0.0, 0.0, 1.0, 1.0, 1.0, 1.0, 1.0, 1.0, 1.0, 1.0, 1.0, 1.0, 1.0, 0.0, 0.0, 1.0, 1.0, 1.0, 0.0, 1.0, 1.0, 1.0, 1.0], 'patents': ['10834134', '10885127', '10972461', '10735459', '10951646', '10958687', '10733292', '10997279', '10887346', '10897483', '10834108', '10944790', '10979453', '10833939', '10942956', '10750370', '10708784', '10762185', '11044080', '11017103', '10872145', '10885206', '10896140', '11029991'], 'H04L63/1458': 4, 'H04L63/1491': 9, 'H04W12/126': 5, 'G06F21/74': 6}
96c9d68c-2205-4740-8177-2a53cee74965 Architecture Technology Corporation {'emergingness': [1.0, 1.0, 0.0], 'patents': ['10742674', '10777093', '10831877'], 'H04L63/1458': 2, 'G06F21/74': 1}
7d1810fc-1fcc-4eed-8036-6a637b691900 Charter Communications Operating, LLC {'emergingness': [0.0, 0.0, 0.0, 0.0], 'patents': ['11005865', '10911473', '11032315', '11012410'], 'H04L63/1458': 4}
525c22b3-6ed1-4bdc-b35a-d861d0d2459d A10 NETWORKS, INCORPORATED {'emergingness': [1.0, 1.0, 0.0, 0.0], 'patents': ['10992524', '10938783', '10887329', '10887342'], 'H04L63/1458': 4}
6fb0becd-28ad-40a4-9e0e-5ef30e88ff02 Fortinet, Inc. {'emergingness': [0.0, 0.0, 1.0, 0.0, 0.0, 0.0], 'patents': ['11025970', '10708299', '10868828', '10917325', '10798061', '10938926'], 'H04L63/1458': 5, 'H04W12/126': 1}
f9f9d548-718e-41f8-a8ad-5ce042263123 PISMO LABS TECHNOLOGY LIMITED {'emergingness': [1.0], 'patents': ['10931636'], 'H04L63/1458': 1}
fd7bc8ca-f7d3-43dc-9271-019e882dba90 Verizon Media Inc. {'emergingness': [0.0], 'patents': ['10949269'], 'H04L63/1458': 1}
99760390-a548-4f78-aecd-3b3cd2510569 Ribbon Communications Operating Company, Inc. {'emergingness': [0.0, 0.0], 'patents': ['10931696', '10742608'], 'H04L63/1458': 2}
62c6c491-b394-4c81-bf11-6308d6c3cfcf NETWORK NEXT, INC. {'emergingness': [0.0], 'patents': ['10797884'], 'H04L63/1458': 1}
0560b4c4-8407-4a30-b903-03e39b335917 IndraSoft, Inc. {'emergingness': [0.0], 'patents': ['11012466'], 'H04L63/1458': 1, 'H04L63/1491': 1}
d817f27a-1445-4ee8-b2ce-e4ea4931d964 Citrix Systems, Inc. {'emergingness': [0.0], 'patents': ['11019100'], 'H04L63/1458': 1}
5b3fb471-e683-42ee-856f-3b99fe2ccdd1 AXIOM {'emergingness': [0.0], 'patents': ['10708298'], 'H04L63/1458': 1}
ab2f8568-ff30-46a6-89d1-de318a5008cd TENCENT TECHNOLOGY (SHENZHEN) COMPANY LIMITED {'emergingness': [0.0, 0.0, 0.0, 0.0, 0.0, 0.0], 'patents': ['10785254', '10951640', '10771501', '10715546', '10834125', '10764038'], 'H04L63/1458': 5, 'G06F21/74': 1}
33233654-24a4-4115-a4e2-a62995fe2890 Imperva, Inc. {'emergingness': [0.0, 0.0], 'patents': ['11050786', '10834130'], 'H04L63/1458': 1, 'H04L63/1491': 1}
ec2a3c5d-c063-456e-8ec9-8167845d494a Blockchain ASICs Inc. {'emergingness': [1.0], 'patents': ['10936758'], 'H04L63/1458': 1}
c691eb1e-5096-4591-8270-c8bf7d2a4f01 Micro Focus LLC {'emergingness': [1.0], 'patents': ['10965697'], 'H04L63/1458': 1}
751d5f6a-137d-455b-aa9a-14fd675b2080 AMDOCS DEVELOPMENT LIMITED {'emergingness': [1.0], 'patents': ['10764323'], 'H04L63/1458': 1}
c842be34-2489-4ae0-a7f3-6ed8506849b6 VERISIGN, INC. {'emergingness': [0.0, 1.0, 1.0, 0.0], 'patents': ['10855719', '10735461', '10735378', '10904273'], 'H04L63/1458': 3, 'H04L63/1491': 1}
c9938356-deb7-46d9-b89e-b883f878a57c NEW YORK UNIVERSITY {'emergingness': [1.0], 'patents': ['10735438'], 'H04L63/1458': 1}
1770dd39-5aeb-49a4-9ef9-f8096c2cd87b Verizon Digital Media Services Inc. {'emergingness': [0.0, 0.0], 'patents': ['10880270', '11038902'], 'H04L63/1458': 2}
a2600a8e-8e59-479d-8592-ded862205fca NTT Communications Corporation {'emergingness': [1.0, 0.0], 'patents': ['10999315', '10999245'], 'H04L63/1458': 2}
b6b1d02f-cfa6-4df4-a96d-b19b58411f65 All Purpose Networks, Inc. {'emergingness': [1.0], 'patents': ['11026090'], 'H04L63/1458': 1}
d8db1bda-ab8f-4d4c-ba87-c7e96b9cc468 Fastly, Inc. {'emergingness': [0.0, 0.0], 'patents': ['11038922', '10949349'], 'H04L63/1458': 2}
f73a7e7f-2e5e-4829-94d7-3c51966d1336 Zscaler, Inc. {'emergingness': [1.0], 'patents': ['10972487'], 'H04L63/1458': 1}
d74d7e57-cb99-4b5e-94f0-c293a5fd0d54 KOREA ADVANCED INSTITUTE OF SCIENCE AND TECHNOLOGY {'emergingness': [0.0], 'patents': ['11005887'], 'H04L63/1458': 1, 'H04L63/1491': 1}
8001cdbd-48c4-49f5-928a-c85d9b1e7b88 Continental Automotive Systems, Inc. {'emergingness': [0.0], 'patents': ['11038912'], 'H04L63/1458': 1}
ff5fd46c-1451-4507-acc4-25559d29a5be Sophos Limited {'emergingness': [1.0, 0.0, 0.0, 1.0], 'patents': ['10986109', '10708304', '10986124', '10986122'], 'H04L63/1458': 1, 'H04L63/1491': 2, 'H04W12/126': 1}
059139bc-b03c-4387-aedc-ab6f45270e56 ALLOT LTD. {'emergingness': [0.0], 'patents': ['10862911'], 'H04L63/1458': 1}
6756d8e8-2c8f-4301-999f-c9fdf428a867 Circadence Corporation {'emergingness': [1.0], 'patents': ['10819826'], 'H04L63/1458': 1}
2683181e-82b6-4816-a565-afdc2711bfa1 BIOCATCH LTD. {'emergingness': [1.0, 1.0], 'patents': ['10917431', '10897482'], 'H04L63/1458': 2}
5c2dcb09-7c84-418b-b58d-bca57cb2a577 WANGSU SCIENCE & TECHNOLOGY CO., LTD. {'emergingness': [0.0], 'patents': ['11044262'], 'H04L63/1458': 1}
956654c5-67ef-4181-8bf3-503de9ba4f9b Oath Inc. {'emergingness': [0.0], 'patents': ['10708373'], 'H04L63/1458': 1}
5f007969-66d3-4a38-ad7e-3dd508ff3239 CLOUDMINDS ROBOTICS CO., LTD. {'emergingness': [0.0, 0.0], 'patents': ['10972478', '10824488'], 'H04L63/1458': 1, 'G06F21/74': 1}
657d43c2-f647-42bf-b0ff-2e34baa4d5e6 ARM IP Limited {'emergingness': [0.0, 1.0, 0.0, 0.0], 'patents': ['10873598', '10719632', '10956619', '10891146'], 'H04L63/1458': 1, 'G06F21/74': 3}
89bc0840-5714-47aa-88a8-a17fe2918baa Red Bend Ltd. {'emergingness': [0.0], 'patents': ['10944765'], 'H04L63/1458': 1}
a84254ee-87dd-42af-9381-df20028d3d51 QUALCOMM Incorporated {'emergingness': [1.0, 1.0], 'patents': ['10791463', '10795830'], 'H04L63/1458': 1, 'G06F21/74': 1}
67c2df25-ae1b-4a52-847f-469359c0632a NOKIA TECHNOLOGIES OY {'emergingness': [0.0], 'patents': ['10893069'], 'H04L63/1458': 1, 'H04W12/126': 1}
13789f8d-041c-49fc-954c-b845201b76a3 BEIJING JINGDONG SHANGKE INFORMATION TECHNOLOGY CO., LTD. {'emergingness': [0.0], 'patents': ['10735501'], 'H04L63/1458': 1}
c2ffe177-4e13-47ac-92e8-3e246be447ca BEIJING JINGDONG CENTURY TRADING CO., LTD. {'emergingness': [0.0], 'patents': ['10735501'], 'H04L63/1458': 1}
dc0de834-ca19-4d3d-9c14-b322b0b0f094 MITSUBISHI ELECTRIC CORPORATION {'emergingness': [0.0, 0.0], 'patents': ['10826915', '10785259'], 'H04L63/1458': 1, 'H04L63/1491': 1}
4b8e28d3-5866-4c7f-97a0-bc8a6c304206 LIQUINEQ AG {'emergingness': [0.0], 'patents': ['11042804'], 'H04L63/1458': 1}
0b082e73-b0af-440b-82d1-eccab790f3ba NortonLifeLock Inc. {'emergingness': [0.0, 0.0, 0.0, 0.0], 'patents': ['10721264', '10771504', '10757137', '11032319'], 'H04L63/1458': 1, 'H04L63/1491': 3}
87d25fac-6dcf-44d5-8667-d5041791141d Marvell Asia Pte, Ltd. {'emergingness': [0.0, 0.0], 'patents': ['10771498', '10754967'], 'H04L63/1458': 1, 'G06F21/74': 1}
802e1b9f-b4e7-4295-867a-6db6a2ab117c Hewlett Packard Enterprise Development LP {'emergingness': [0.0, 0.0, 0.0, 0.0, 0.0], 'patents': ['10944695', '10986137', '10956575', '10768941', '10747873'], 'H04L63/1458': 1, 'H04L63/1491': 2, 'G06F21/74': 2}
edc93765-93ff-48cc-b553-739aacbeadb9 NANNING FUGUI PRECISION INDUSTRIAL CO., LTD. {'emergingness': [0.0], 'patents': ['10880329'], 'H04L63/1458': 1}
87dfe878-2e8f-4659-8472-0440c30b3f83 DENSO CORPORATION {'emergingness': [0.0], 'patents': ['11019097'], 'H04L63/1458': 1}
f1463e37-c67b-424b-a590-a3ca65f997ab FUJITSU LIMITED {'emergingness': [0.0], 'patents': ['10897481'], 'H04L63/1458': 1}
d0c5f1e9-88be-4ce3-be2d-40e3688e8bc6 VMware, Inc. {'emergingness': [1.0, 1.0, 1.0, 1.0], 'patents': ['10756967', '10878085', '10824717', '10713353'], 'H04L63/1458': 1, 'G06F21/74': 3}
ea1a4c55-e6b6-41e5-bd7e-b5c7bd399cdc Darktrace Limited {'emergingness': [0.0], 'patents': ['10986121'], 'H04L63/1491': 1}
337cc37c-36c2-4f5c-9237-731ba7733e7b EMC IP Holding Company LLC {'emergingness': [1.0, 1.0, 1.0, 1.0], 'patents': ['10791144', '11005886', '10944778', '10951651'], 'H04L63/1491': 4}
8a288076-c7f7-4706-b236-eac80b8bcc41 Qualys, Inc. {'emergingness': [0.0, 0.0], 'patents': ['10965709', '10958686'], 'H04L63/1491': 2}
39080396-7a36-44d7-86bf-43b23247e5ff Bitdefender IPR Management Ltd. {'emergingness': [1.0], 'patents': ['10862854'], 'H04L63/1491': 1}
5bf07cea-eb35-41a8-bced-bc9cdbde0f4f Rapid7, Inc. {'emergingness': [1.0, 0.0, 0.0, 0.0, 0.0, 0.0, 1.0, 0.0, 0.0, 0.0, 0.0, 0.0], 'patents': ['11038920', '10965521', '10979454', '10992708', '10986127', '10848507', '10986128', '11038919', '10986129', '11038921', '10986130', '10826939'], 'H04L63/1491': 12}
93323f8b-24f3-4441-9541-d09a7e2f77f9 FIRST ORION CORP. {'emergingness': [0.0, 0.0], 'patents': ['10827061', '10805459'], 'H04L63/1491': 2}
849b863d-c71e-4f18-9d92-cfd84908e4a5 KWESST INC. {'emergingness': [0.0], 'patents': ['10969467'], 'H04L63/1491': 1}
d7ca9caf-4367-4c8d-9def-804d4e47a7c4 CrowdStrike, Inc. {'emergingness': [1.0, 0.0], 'patents': ['10853491', '10713356'], 'H04L63/1491': 2}
e26321a2-6df3-4c7b-a67d-ff6636ed6863 Stratus Digital Systems {'emergingness': [0.0], 'patents': ['10715538'], 'H04L63/1491': 1}
95cc9863-5637-4798-b1dc-c51368eaaeee Capital One Services, LLC {'emergingness': [1.0, 1.0, 1.0, 1.0, 1.0, 1.0, 0.0, 1.0], 'patents': ['10896072', '10884894', '10970137', '10958779', '10983841', '10860460', '11032585', '10742671'], 'H04L63/1491': 7, 'H04W12/126': 1}
841f0eb7-c2b6-4a60-9b35-4bbe55becb54 KnowBe4, Inc. {'emergingness': [1.0, 1.0, 1.0, 1.0, 1.0], 'patents': ['10992699', '10893071', '10917432', '10812529', '10986125'], 'H04L63/1491': 5}
7fc3cf83-3cb3-42c4-9074-fd3b3a8bc833 ORANGE {'emergingness': [0.0, 0.0], 'patents': ['10812511', '10740747'], 'H04L63/1491': 1, 'G06F21/74': 1}
9e91da7a-8ebf-4cb0-938d-8277d067449d RIDGEBACK NETWORK DEFENSE, INC. {'emergingness': [0.0], 'patents': ['10992707'], 'H04L63/1491': 1}
10fac3bc-9222-4bb9-bed8-44b0c6f135bd Dahm Endeavor LLC {'emergingness': [0.0], 'patents': ['10999653'], 'H04L63/1491': 1}
2c3467f8-b065-4da2-95aa-ec7003d9f544 NTT RESEARCH, INC. {'emergingness': [1.0], 'patents': ['10887324'], 'H04L63/1491': 1}
aaaeeccb-bc0c-45eb-b121-e0b3e18ec4bc United Services Automobile Association (USAA) {'emergingness': [1.0], 'patents': ['10826944'], 'H04L63/1491': 1}
19dd1729-27cd-4c90-bd7c-eeb93c4f1085 Enigma Networkz, LLC {'emergingness': [0.0], 'patents': ['10897472'], 'H04L63/1491': 1}
82572255-4e23-45e6-8078-a97fed139d2d Palantir Technologies Inc. {'emergingness': [1.0], 'patents': ['11025672'], 'H04L63/1491': 1}
4692a21e-0d7a-4ee0-899d-f94283691211 ACRONIS INTERNATIONAL GMBH {'emergingness': [0.0], 'patents': ['10938854'], 'H04L63/1491': 1}
026f2407-e9c8-4fc4-988c-7b748069df89 OneTrust, LLC {'emergingness': [1.0], 'patents': ['10708305'], 'H04L63/1491': 1}
e2682fd8-c7a7-4500-ad73-7f7728e6261d CA, Inc. {'emergingness': [0.0, 0.0, 1.0], 'patents': ['10855722', '10769275', '10819748'], 'H04L63/1491': 2, 'G06F21/74': 1}
85c5e162-f17d-45b6-9e2a-acb5c786c545 Carnegie Mellon University {'emergingness': [1.0], 'patents': ['10769312'], 'H04L63/1491': 1}
a8b58705-7922-4200-a129-4544ed26cc2a S2 Security Corporation {'emergingness': [0.0], 'patents': ['10742669'], 'H04L63/1491': 1}
7ce67109-6517-45a9-94c7-2897b4fb67b8 nChain Licensing AG {'emergingness': [0.0], 'patents': ['10735466'], 'H04L63/1491': 1}
6a530dc6-5176-4190-9c01-177e14c3181b ATTIVO NETWORKS INC. {'emergingness': [0.0], 'patents': ['11038658'], 'H04L63/1491': 1}
b1f40211-08bc-4551-b065-6cd0fb1d6da2 RELIANCE JIO INFOCOMM LIMITED {'emergingness': [0.0], 'patents': ['10798125'], 'H04L63/1491': 1}
e84ddc98-a789-4b2f-8394-a0970c6aec22 Juniper Networks, Inc. {'emergingness': [1.0], 'patents': ['11032318'], 'H04L63/1491': 1}
393c4aed-f6b7-47d3-bc56-410c620a5d75 SECUREWORKS CORP. {'emergingness': [0.0], 'patents': ['10708290'], 'H04L63/1491': 1}
6e5cc7dd-60b6-46df-9259-09d8e3054536 Dropbox, Inc. {'emergingness': [1.0], 'patents': ['10831715'], 'H04L63/1491': 1}
ebc43f6d-5fc3-4d05-b90b-06c08213f851 General Electric Technology GmbH {'emergingness': [0.0], 'patents': ['10826922'], 'H04L63/1491': 1}
03591749-0181-49f8-9b79-eabb40a563cd NOBLIS, INC. {'emergingness': [1.0], 'patents': ['10924502'], 'H04L63/1491': 1}
1b334a9a-02af-40b3-a0c7-3032306dc9b4 KENSHOO LTD. {'emergingness': [0.0], 'patents': ['10915923'], 'H04L63/1491': 1}
d9151f91-3d88-40e5-9a32-c39f865ae307 ACALVIO TECHNOLOGIES, INC. {'emergingness': [1.0], 'patents': ['10972503'], 'H04L63/1491': 1}
0a9a149f-9235-4294-ac00-37e563063fdd Tile, Inc. {'emergingness': [1.0, 0.0, 0.0], 'patents': ['10917754', '10805794', '10993075'], 'H04W12/126': 3}
89da984f-ab70-4f11-ac28-4335b32543b0 Zoho Corporation Private Limited {'emergingness': [0.0], 'patents': ['10785364'], 'H04W12/126': 1}
a5dd13a0-2d3c-4c6e-b309-58ca2db041e6 Hyundai Motor Company {'emergingness': [0.0], 'patents': ['11040700'], 'H04W12/126': 1}
e8052d7e-7e44-44c1-b82d-8a151887a187 Kia Motors Corporation {'emergingness': [0.0], 'patents': ['11040700'], 'H04W12/126': 1}
fa6433c4-e6c8-4b79-82e6-f72d3f7f3202 Polaris Wireless, Inc. {'emergingness': [1.0], 'patents': ['10945126'], 'H04W12/126': 1}
4b661a6e-291b-42ab-a44e-7c1156e8c8e4 Google LLC {'emergingness': [1.0, 0.0, 1.0], 'patents': ['10803408', '10949547', '10872154'], 'H04W12/126': 1, 'G06F21/74': 2}
39885d17-11ef-4503-938a-25f4655b1de7 PROTON WORLD INTERNATIONAL N.V. {'emergingness': [0.0], 'patents': ['10880739'], 'H04W12/126': 1}
14d7d93a-4d86-48d3-8aa9-e1ecd8773d3d TOWER-SEC LTD. {'emergingness': [0.0], 'patents': ['10824720'], 'H04W12/126': 1}
06f1fae5-7ea3-4087-9976-c34cc5e9fefa LEICA GEOSYSTEMS AG {'emergingness': [0.0, 0.0], 'patents': ['10920458', '10900260'], 'H04W12/126': 2}
acc2242d-bf7a-4c2f-9ee3-74bf2ba66353 T-Mobile USA, Inc. {'emergingness': [1.0, 0.0, 0.0, 1.0, 0.0], 'patents': ['10769315', '10868877', '10820200', '10936761', '10863025'], 'H04W12/126': 5}
f0e66539-0f94-47cd-adb4-d2cab0e55efd LOOKOUT, INC. {'emergingness': [1.0], 'patents': ['10785230'], 'H04W12/126': 1}
b427df83-b160-4c76-bc07-a0534973dd5e BlackBerry Limited {'emergingness': [1.0, 0.0], 'patents': ['11017105', '10812273'], 'H04W12/126': 2}
8e57cc67-58ec-4de3-b7c5-f7e5d23f6495 THALES DIS AIS DEUTSCHLAND GMBH {'emergingness': [0.0], 'patents': ['10966082'], 'H04W12/126': 1}
ebdfb2cc-1233-4aa6-bb86-dc9c71cab781 THALES DIS FRANCE SA {'emergingness': [0.0, 0.0, 0.0, 0.0], 'patents': ['10966082', '10965690', '10878083', '10956620'], 'H04W12/126': 2, 'G06F21/74': 2}
d334323f-ec20-4264-a7a6-691ce4f9bd98 Apple Inc. {'emergingness': [0.0, 1.0, 0.0, 1.0, 0.0, 1.0, 1.0, 1.0, 1.0], 'patents': ['10917790', '10869191', '10769279', '11025418', '11023588', '10878113', '10712934', '10872152', '11025644'], 'H04W12/126': 2, 'G06F21/74': 7}
bf12593c-4d62-450f-a818-479844fab5c4 STATE FARM MUTUAL AUTOMOBILE INSURANCE COMPANY {'emergingness': [1.0], 'patents': ['10956560'], 'H04W12/126': 1}
40afb273-e547-4cea-8e0a-e73fb0d21ffb nan {'emergingness': [0.0], 'patents': ['10825324'], 'H04W12/126': 1}
3ae92018-bc72-4db9-9b81-83576654e44f KUBOTA CORPORATION {'emergingness': [0.0], 'patents': ['10939355'], 'H04W12/126': 1}
cb6e373e-d19b-4fcf-b13b-720745c7e22e SHAPE SECURITY, INC. {'emergingness': [1.0], 'patents': ['11032243'], 'H04W12/126': 1}
bf64c166-8e42-4e22-939d-5b1159144448 Dell Products L.P. {'emergingness': [1.0], 'patents': ['10929520'], 'H04W12/126': 1}
cc0757f7-16bc-4c30-be2d-02707ecaf8c4 Pindrop Security, Inc. {'emergingness': [1.0], 'patents': ['10841802'], 'H04W12/126': 1}
f95a43db-68c6-460a-868f-d770e7145b4a YULONG COMPUTER TELECOMMUNICATION SCIENTIFIC (SHENZHEN) CO., LTD. {'emergingness': [0.0], 'patents': ['11019496'], 'H04W12/126': 1}
c982115b-3cb8-4f9f-95cf-b94835f7a6d1 ADUCID S.R.O. {'emergingness': [0.0], 'patents': ['10897358'], 'H04W12/126': 1}
cfdcad0c-e984-4141-acc2-7a9f0d98478d Gobo Research Lab LLC {'emergingness': [0.0], 'patents': ['10869173'], 'H04W12/126': 1}
e5c2999e-d3d4-408e-a5de-c53c897c0c8a Ivanti, Inc. {'emergingness': [1.0], 'patents': ['10805333'], 'H04W12/126': 1}
a550d24c-c9ee-4eb3-b9a5-8a4f745fd21d BINJ Laboratories, Inc. {'emergingness': [1.0], 'patents': ['11039268'], 'H04W12/126': 1}
5b3aeeb2-8176-4352-8ab1-a7e7ba2760f8 M2M Solutions LLC {'emergingness': [1.0], 'patents': ['10791442'], 'H04W12/126': 1}
760e8dda-2f8e-45d9-ba3f-dd3ec96c1e81 VISA INTERNATIONAL SERVICE ASSOCIATION {'emergingness': [1.0, 1.0], 'patents': ['10776791', '11010482'], 'H04W12/126': 1, 'G06F21/74': 1}
972a0bf2-e7cd-429d-9ae8-d78acd1e2a26 Connectwise, LLC {'emergingness': [0.0], 'patents': ['10904294'], 'H04W12/126': 1}
05d719e2-e859-4c29-8ac4-0aae89666dce Scorpion Security Products, Inc. {'emergingness': [1.0], 'patents': ['10708785'], 'H04W12/126': 1}
494dd474-0006-4804-b91a-29880f6da000 BANMA ZHIXING NETWORK (HONGKONG) CO., LIMITED {'emergingness': [0.0], 'patents': ['11032278'], 'H04W12/126': 1}
c0cd42d0-23c6-4d99-8f5e-c7b05524a54c RENESAS ELECTRONICS CORPORATION {'emergingness': [0.0, 0.0], 'patents': ['10719615', '10997105'], 'G06F21/74': 2}
4b9287a9-9d9a-4856-9928-9e6539665117 L3 Technologies, Inc. {'emergingness': [0.0, 0.0], 'patents': ['10997089', '10992642'], 'G06F21/74': 2}
68a396ca-ee61-4587-a8c5-daa3d2414c10 SEAGATE TECHNOLOGY LLC {'emergingness': [1.0], 'patents': ['10824367'], 'G06F21/74': 1}
6d0e9911-d827-44f7-814f-3f0a8b193d99 CULVERT-IOT CORPORATION {'emergingness': [0.0, 1.0, 1.0, 1.0, 1.0, 0.0, 0.0, 1.0], 'patents': ['10902226', '10952029', '10853591', '10860815', '10922501', '11030425', '11042717', '10810388'], 'G06F21/74': 8}
f6db2935-f67b-4c95-b2c2-829308fe8ae7 KABUSHIKI KAISHA TOSHIBA {'emergingness': [1.0, 1.0], 'patents': ['10909270', '10872174'], 'G06F21/74': 2}
407b2327-c8c5-4533-a36a-189d2a6caaca TracFone Wireless, Inc. {'emergingness': [1.0], 'patents': ['10956621'], 'G06F21/74': 1}
403cdae9-2272-483f-b5be-0a20ab08926a SIEMENS AKTIENGESELLSCHAFT {'emergingness': [0.0], 'patents': ['10754991'], 'G06F21/74': 1}
e614ca08-2620-4b85-b8d6-186160ceac7c Industry-University Cooperation Foundation Hanyang University {'emergingness': [0.0, 0.0], 'patents': ['10778679', '10972460'], 'G06F21/74': 2}
817fa9c5-167b-459b-8cf0-8100103cae7d BAIDU ONLINE NETWORK TECHNOLOGY (BEIJING) CO., LTD. {'emergingness': [0.0], 'patents': ['10810287'], 'G06F21/74': 1}
44006620-1e60-42fc-8780-bd967680a41e Panasonic Intellectual Property Corporation of America {'emergingness': [1.0], 'patents': ['10970424'], 'G06F21/74': 1}
976aa3ed-2d82-431d-8b94-d1461e497691 STMICROELECTRONICS S.R.L. {'emergingness': [0.0, 1.0, 0.0, 0.0], 'patents': ['10783240', '10891399', '11023566', '11042655'], 'G06F21/74': 5}
363e47b7-6ac4-49b0-871f-76ca55cdcbbe ITRON NETWORKED SOLUTIONS, INC. {'emergingness': [0.0], 'patents': ['10853522'], 'G06F21/74': 1}
ab3a2f59-ddfc-4b36-beda-9f40b9fe7cb4 THE BOEING COMPANY {'emergingness': [0.0, 1.0], 'patents': ['10915635', '10778641'], 'G06F21/74': 2}
f24a2df5-1333-477b-84ea-ec468b745cce SHENZHEN UNIVERSITY {'emergingness': [0.0], 'patents': ['10810326'], 'G06F21/74': 1}
972912eb-62f6-4c07-b192-bcd9759a1829 Beijing Beyondinfo Technology Co., Ltd. {'emergingness': [0.0], 'patents': ['10931641'], 'G06F21/74': 1}
59d45240-68ba-4a39-89b2-b81c0d1150b6 OlogN Technologies AG {'emergingness': [0.0], 'patents': ['10904222'], 'G06F21/74': 1}
9b334bb4-a862-46d6-a471-f9b2b9d8824c SPRINT COMMUNICATIONS COMPANY LLC {'emergingness': [1.0], 'patents': ['11005757'], 'G06F21/74': 1}
e42d57ed-bfc6-4853-851d-fdff6f391891 Endgame, Inc. {'emergingness': [0.0], 'patents': ['10706180'], 'G06F21/74': 1}
5969a94d-ab33-4aa1-9b6e-0c2a13b6364d Fortanix, Inc. {'emergingness': [0.0], 'patents': ['10872175'], 'G06F21/74': 1}
035e5569-5dc2-416f-8b08-87542a3316cf Lenovo (Singapore) Pte. Ltd. {'emergingness': [0.0], 'patents': ['10796025'], 'G06F21/74': 1}
3eb81166-828a-419f-bff0-ea01c60e3aa4 B. G. NEGEV TECHNOLOGIES & APPLICATIONS LTD., AT BEN-GURION UNIVERSITY {'emergingness': [0.0], 'patents': ['10742603'], 'G06F21/74': 1}
3034daa1-2a30-42cc-9c2c-57a9dedf8f28 NARF INDUSTRIES, LLC {'emergingness': [0.0], 'patents': ['10747686'], 'G06F21/74': 1}
7e43328c-3ba1-4de8-b7f1-48b96c327873 Georgia Tech Research Corporation {'emergingness': [1.0], 'patents': ['10986496'], 'G06F21/74': 1}
bd1b4677-38e2-461f-98be-be2db3b98d06 GUANGDONG OPPO MOBILE TELECOMMUNICATIONS CORP., LTD. {'emergingness': [1.0, 0.0, 0.0], 'patents': ['10942999', '10713381', '10929988'], 'G06F21/74': 3}
de7cd395-5520-416c-826a-62bdd25e82ff C-SKY Microsystems Co., Ltd. {'emergingness': [0.0], 'patents': ['10909246'], 'G06F21/74': 1}
ca78627d-f6e7-48f4-add1-2782e15befc3 Raytheon Technologies Corporation {'emergingness': [1.0], 'patents': ['10878101'], 'G06F21/74': 1}
0dcf1329-ab43-4f76-afb8-94eacbd8dd03 SAMSUNG ELECTRﾃ年ICA DA AMAZﾃ年IA LTDA. {'emergingness': [1.0], 'patents': ['10706171'], 'G06F21/74': 1}
79dbcf00-9638-4641-96d6-82904e68640a BUNDESDRUCKEREI GMBH {'emergingness': [1.0], 'patents': ['10956618'], 'G06F21/74': 1}
0f02a7cc-11b8-4dee-ae71-44d6c242d086 Analog Devices, Inc. {'emergingness': [1.0], 'patents': ['10999082'], 'G06F21/74': 1}
700221a9-3a54-4935-8d89-dd41a05c2cc1 NVIDIA Corporation {'emergingness': [0.0], 'patents': ['10817609'], 'G06F21/74': 1}
5d32f70b-6593-4d67-a644-37bc451d00b1 Kara Partners LLC {'emergingness': [1.0], 'patents': ['10917403'], 'G06F21/74': 1}
133cfe89-f9ca-484b-bc29-8add52cf476b FUJIAN LANDI COMMERCIAL EQUIPMENT CO., LTD. {'emergingness': [0.0], 'patents': ['10778447'], 'G06F21/74': 1}
a3d510a4-73ef-4b19-8359-34db0a880b2c Gryphon Online Safety Inc. {'emergingness': [0.0], 'patents': ['10776499'], 'G06F21/74': 1}
ceca8788-52ac-49a0-98b3-4cf20d2944ba EYGS LLP {'emergingness': [0.0], 'patents': ['10721069'], 'G06F21/74': 1}
a21b33af-ccce-4b00-8e93-3eb6d3ef382d Mastercard International Incorporated {'emergingness': [1.0], 'patents': ['10778416'], 'G06F21/74': 1}
c514dc05-f4c2-4f33-990d-8e17cad8b45a Unisys Corporation {'emergingness': [1.0], 'patents': ['10776489'], 'G06F21/74': 1}
d41e338c-ae5e-4f67-b290-d5f70ec4011a CRU DATA SECURITY GROUP, LLC {'emergingness': [0.0], 'patents': ['10936742'], 'G06F21/74': 1}
dba01161-715e-42e4-9084-31549e36fde9 CHINA UNIONPAY CO., LTD. {'emergingness': [0.0], 'patents': ['10708744'], 'G06F21/74': 1}
0f70d32b-9824-48c1-abf3-968bcdbc2999 Cryptera A/S {'emergingness': [0.0], 'patents': ['10915668'], 'G06F21/74': 1}
a5b90c8e-d1c0-46e3-af69-00665db83c89 ABB Power Grids Switzerland AG {'emergingness': [0.0], 'patents': ['10990684'], 'G06F21/74': 1}
df876f3a-8376-4c6e-9c43-30bc501dfd3b Texas Instruments Incorporated {'emergingness': [0.0], 'patents': ['10949571'], 'G06F21/74': 1}
c6768823-5c21-41a8-92e8-78b676ad850c ARRIS Enterprises LLC {'emergingness': [0.0], 'patents': ['10977342'], 'G06F21/74': 1}
c6124a6c-7de5-4fe6-8df5-a01f4b27d353 INFINEON TECHNOLOGIES AG {'emergingness': [1.0], 'patents': ['10970399'], 'G06F21/74': 1}
7797904c-ff45-4b17-809f-6bbed12be064 CyberArk Software Ltd. {'emergingness': [1.0], 'patents': ['10970378'], 'G06F21/74': 1}
03022723-e74f-4072-aa1c-c0be9aa7cbf5 MOTOROLA SOUTIONS, INC. {'emergingness': [0.0], 'patents': ['10817625'], 'G06F21/74': 1}
6.4 Getting nodes and edges (2022-02-11 15:11:35.705590)
[('H04L63/1458', {'emergingness': 0.44075829383886256, 'patent_count': 211}), ('H04L63/1491', {'emergingness': 0.504424778761062, 'patent_count': 113}), ('H04W12/126', {'emergingness': 0.49206349206349204, 'patent_count': 63}), ('G06F21/74', {'emergingness': 0.4825174825174825, 'patent_count': 143})]
[('e62cea34-5174-4cfd-a59d-7ebea8b78dca', {'weight': 0.75}), ('2098b97e-24f3-4f9b-9db6-da54999d745d', {'weight': 0.0}), ('19b4ed1b-7ef1-4bb7-af26-878fa25c9924', {'weight': 0.9375}), ('c0b57b8b-d348-4323-b29c-0c5f38e9f179', {'weight': 0.375}), ('bb4c7fe8-3e26-462f-9577-312354d0c603', {'weight': 0.5}), ('cc924fe6-bb70-4924-9166-95e7047a5a9f', {'weight': 0.0}), ('1f3aea53-afb2-4532-a53c-3ca86665a1b8', {'weight': 1.0}), ('7b4e2fc9-47c8-46ea-ba79-457ba97c5150', {'weight': 0.0}), ('8085beb6-c2e8-46a7-925a-c9aa641640d3', {'weight': 0.8}), ('17b0eccf-13fc-46ef-80a4-05f4fe837195', {'weight': 0.0}), ('206c005a-bb62-450d-a6c9-304cde11fb19', {'weight': 0.0}), ('9e4ed436-c0f4-4a94-8ecc-670c521c55f2', {'weight': 0.0}), ('f8c63eb8-c33a-47dd-9238-236c8e0a2640', {'weight': 0.0}), ('fc99c0b0-fd8a-46e6-b508-6d2442ba3724', {'weight': 0.0}), ('fe5b3737-49aa-46b9-a060-593e929087b5', {'weight': 0.0}), ('1863794f-8146-4f77-a3a4-402293cb31c8', {'weight': 0.0}), ('f0e500af-e10d-4508-8d46-20b29a45988d', {'weight': 1.0}), ('86afbbb1-c416-49c2-a360-2dd81584f088', {'weight': 0.0}), ('fb338146-68c6-4d0a-9c05-940b324e6906', {'weight': 0.0}), ('8363ab02-b78a-4803-9cf8-b9f59bba97ab', {'weight': 0.0}), ('f77d1487-8040-4b75-b4ad-8e55d3577c18', {'weight': 0.0}), ('66e286b1-fb35-43bc-a184-592cb08d534a', {'weight': 0.0}), ('2c4297e9-52a3-40fb-ab2f-3e8f1b5d6c0f', {'weight': 0.625}), ('ebc86374-5faf-4834-a31f-ac5963a345b3', {'weight': 1.0}), ('776d6287-b242-4d83-b99c-347b9bc8bba9', {'weight': 0.0}), ('f625788b-f90d-4bd6-989e-7cf0ec1db848', {'weight': 0.0}), ('fdf025da-081b-4a18-8d93-89b4752e25fa', {'weight': 0.0}), ('49050903-5b78-4365-bdeb-3cad39f2b6a1', {'weight': 0.0}), ('b0e41602-d133-4b02-9566-e03b1fdb55ae', {'weight': 1.0}), ('cefac8e6-2663-424b-bc5b-080c31a9781a', {'weight': 0.0}), ('ab3fae62-1ecf-4cc4-8ead-777a2c6c977a', {'weight': 0.0}), ('bb031f8b-8c9a-4de5-b09d-709c787014aa', {'weight': 1.0}), ('e43bb587-155d-43ec-838a-6facf930618a', {'weight': 0.0}), ('f64e9720-2f0c-4ac4-9e5e-f225905a7a40', {'weight': 0.0}), ('cbf12f04-88cc-4197-bf95-bc1c4f03ddc1', {'weight': 0.75}), ('f468f9bd-4b39-4768-91d0-4ad13f1abe6f', {'weight': 0.0}), ('98713aa4-1996-4adc-a7bd-7739a8b102a8', {'weight': 0.0}), ('570bdd50-01a7-483a-afff-9d18df0e9c62', {'weight': 0.0}), ('a30d14e3-a5c5-4bec-9fdb-2029f48e050e', {'weight': 0.0}), ('558fb3e6-363d-432f-9c8b-dec6a4a9da0e', {'weight': 0.8571428571428571}), ('39719b1e-eb6d-414e-b351-7430992a204b', {'weight': 0.3076923076923077}), ('b0bfd77f-0824-4e4e-bb00-29501a1eb812', {'weight': 0.4}), ('de8387d5-649f-4e19-bb81-52e6e9d78db6', {'weight': 0.85}), ('6c95ceaf-33d5-4a8e-8b53-ec1446d1d626', {'weight': 0.8}), ('1fd680db-a65d-45bb-9906-bef56be3180f', {'weight': 1.0}), ('251c8314-a1b4-48cd-9f83-bdbffac94d1e', {'weight': 0.0}), ('bea0d74e-345f-4bef-b901-6cacf0132234', {'weight': 0.0}), ('4785c433-0403-4bc1-8d5b-094e558f0c3d', {'weight': 0.0}), ('49a73f77-2a13-4e56-837f-7980975dc26f', {'weight': 1.0}), ('3335e9bd-9a67-476d-a8b5-988542d35490', {'weight': 0.0}), ('ea061357-b300-4046-b8ea-410a9e6870b3', {'weight': 1.0}), ('4c5251b2-4a4c-4b6e-88ca-82c8c031580f', {'weight': 0.0}), ('c6cbe83b-9547-4ed3-aedf-86f926bd23f9', {'weight': 0.0}), ('298acba8-8912-4406-9197-9e1424d6715d', {'weight': 0.3333333333333333}), ('72ecbaa0-dbf4-497d-b76d-049d6e78f536', {'weight': 0.0}), ('1a82136b-d83a-4a5e-84dc-849ed78c618e', {'weight': 0.0}), ('78f74b47-5496-4e82-9609-7110b9fe8470', {'weight': 0.875}), ('7d1f3891-dd8e-4c26-822b-411965e984b9', {'weight': 0.7916666666666666}), ('96c9d68c-2205-4740-8177-2a53cee74965', {'weight': 0.6666666666666666}), ('7d1810fc-1fcc-4eed-8036-6a637b691900', {'weight': 0.0}), ('525c22b3-6ed1-4bdc-b35a-d861d0d2459d', {'weight': 0.5}), ('6fb0becd-28ad-40a4-9e0e-5ef30e88ff02', {'weight': 0.16666666666666666}), ('f9f9d548-718e-41f8-a8ad-5ce042263123', {'weight': 1.0}), ('fd7bc8ca-f7d3-43dc-9271-019e882dba90', {'weight': 0.0}), ('99760390-a548-4f78-aecd-3b3cd2510569', {'weight': 0.0}), ('62c6c491-b394-4c81-bf11-6308d6c3cfcf', {'weight': 0.0}), ('0560b4c4-8407-4a30-b903-03e39b335917', {'weight': 0.0}), ('d817f27a-1445-4ee8-b2ce-e4ea4931d964', {'weight': 0.0}), ('5b3fb471-e683-42ee-856f-3b99fe2ccdd1', {'weight': 0.0}), ('ab2f8568-ff30-46a6-89d1-de318a5008cd', {'weight': 0.0}), ('33233654-24a4-4115-a4e2-a62995fe2890', {'weight': 0.0}), ('ec2a3c5d-c063-456e-8ec9-8167845d494a', {'weight': 1.0}), ('c691eb1e-5096-4591-8270-c8bf7d2a4f01', {'weight': 1.0}), ('751d5f6a-137d-455b-aa9a-14fd675b2080', {'weight': 1.0}), ('c842be34-2489-4ae0-a7f3-6ed8506849b6', {'weight': 0.5}), ('c9938356-deb7-46d9-b89e-b883f878a57c', {'weight': 1.0}), ('1770dd39-5aeb-49a4-9ef9-f8096c2cd87b', {'weight': 0.0}), ('a2600a8e-8e59-479d-8592-ded862205fca', {'weight': 0.5}), ('b6b1d02f-cfa6-4df4-a96d-b19b58411f65', {'weight': 1.0}), ('d8db1bda-ab8f-4d4c-ba87-c7e96b9cc468', {'weight': 0.0}), ('f73a7e7f-2e5e-4829-94d7-3c51966d1336', {'weight': 1.0}), ('d74d7e57-cb99-4b5e-94f0-c293a5fd0d54', {'weight': 0.0}), ('8001cdbd-48c4-49f5-928a-c85d9b1e7b88', {'weight': 0.0}), ('ff5fd46c-1451-4507-acc4-25559d29a5be', {'weight': 0.5}), ('059139bc-b03c-4387-aedc-ab6f45270e56', {'weight': 0.0}), ('6756d8e8-2c8f-4301-999f-c9fdf428a867', {'weight': 1.0}), ('2683181e-82b6-4816-a565-afdc2711bfa1', {'weight': 1.0}), ('5c2dcb09-7c84-418b-b58d-bca57cb2a577', {'weight': 0.0}), ('956654c5-67ef-4181-8bf3-503de9ba4f9b', {'weight': 0.0}), ('5f007969-66d3-4a38-ad7e-3dd508ff3239', {'weight': 0.0}), ('657d43c2-f647-42bf-b0ff-2e34baa4d5e6', {'weight': 0.25}), ('89bc0840-5714-47aa-88a8-a17fe2918baa', {'weight': 0.0}), ('a84254ee-87dd-42af-9381-df20028d3d51', {'weight': 1.0}), ('67c2df25-ae1b-4a52-847f-469359c0632a', {'weight': 0.0}), ('13789f8d-041c-49fc-954c-b845201b76a3', {'weight': 0.0}), ('c2ffe177-4e13-47ac-92e8-3e246be447ca', {'weight': 0.0}), ('dc0de834-ca19-4d3d-9c14-b322b0b0f094', {'weight': 0.0}), ('4b8e28d3-5866-4c7f-97a0-bc8a6c304206', {'weight': 0.0}), ('0b082e73-b0af-440b-82d1-eccab790f3ba', {'weight': 0.0}), ('87d25fac-6dcf-44d5-8667-d5041791141d', {'weight': 0.0}), ('802e1b9f-b4e7-4295-867a-6db6a2ab117c', {'weight': 0.0}), ('edc93765-93ff-48cc-b553-739aacbeadb9', {'weight': 0.0}), ('87dfe878-2e8f-4659-8472-0440c30b3f83', {'weight': 0.0}), ('f1463e37-c67b-424b-a590-a3ca65f997ab', {'weight': 0.0}), ('d0c5f1e9-88be-4ce3-be2d-40e3688e8bc6', {'weight': 1.0}), ('ea1a4c55-e6b6-41e5-bd7e-b5c7bd399cdc', {'weight': 0.0}), ('337cc37c-36c2-4f5c-9237-731ba7733e7b', {'weight': 1.0}), ('8a288076-c7f7-4706-b236-eac80b8bcc41', {'weight': 0.0}), ('39080396-7a36-44d7-86bf-43b23247e5ff', {'weight': 1.0}), ('5bf07cea-eb35-41a8-bced-bc9cdbde0f4f', {'weight': 0.16666666666666666}), ('93323f8b-24f3-4441-9541-d09a7e2f77f9', {'weight': 0.0}), ('849b863d-c71e-4f18-9d92-cfd84908e4a5', {'weight': 0.0}), ('d7ca9caf-4367-4c8d-9def-804d4e47a7c4', {'weight': 0.5}), ('e26321a2-6df3-4c7b-a67d-ff6636ed6863', {'weight': 0.0}), ('95cc9863-5637-4798-b1dc-c51368eaaeee', {'weight': 0.875}), ('841f0eb7-c2b6-4a60-9b35-4bbe55becb54', {'weight': 1.0}), ('7fc3cf83-3cb3-42c4-9074-fd3b3a8bc833', {'weight': 0.0}), ('9e91da7a-8ebf-4cb0-938d-8277d067449d', {'weight': 0.0}), ('10fac3bc-9222-4bb9-bed8-44b0c6f135bd', {'weight': 0.0}), ('2c3467f8-b065-4da2-95aa-ec7003d9f544', {'weight': 1.0}), ('aaaeeccb-bc0c-45eb-b121-e0b3e18ec4bc', {'weight': 1.0}), ('19dd1729-27cd-4c90-bd7c-eeb93c4f1085', {'weight': 0.0}), ('82572255-4e23-45e6-8078-a97fed139d2d', {'weight': 1.0}), ('4692a21e-0d7a-4ee0-899d-f94283691211', {'weight': 0.0}), ('026f2407-e9c8-4fc4-988c-7b748069df89', {'weight': 1.0}), ('e2682fd8-c7a7-4500-ad73-7f7728e6261d', {'weight': 0.3333333333333333}), ('85c5e162-f17d-45b6-9e2a-acb5c786c545', {'weight': 1.0}), ('a8b58705-7922-4200-a129-4544ed26cc2a', {'weight': 0.0}), ('7ce67109-6517-45a9-94c7-2897b4fb67b8', {'weight': 0.0}), ('6a530dc6-5176-4190-9c01-177e14c3181b', {'weight': 0.0}), ('b1f40211-08bc-4551-b065-6cd0fb1d6da2', {'weight': 0.0}), ('e84ddc98-a789-4b2f-8394-a0970c6aec22', {'weight': 1.0}), ('393c4aed-f6b7-47d3-bc56-410c620a5d75', {'weight': 0.0}), ('6e5cc7dd-60b6-46df-9259-09d8e3054536', {'weight': 1.0}), ('ebc43f6d-5fc3-4d05-b90b-06c08213f851', {'weight': 0.0}), ('03591749-0181-49f8-9b79-eabb40a563cd', {'weight': 1.0}), ('1b334a9a-02af-40b3-a0c7-3032306dc9b4', {'weight': 0.0}), ('d9151f91-3d88-40e5-9a32-c39f865ae307', {'weight': 1.0}), ('0a9a149f-9235-4294-ac00-37e563063fdd', {'weight': 0.3333333333333333}), ('89da984f-ab70-4f11-ac28-4335b32543b0', {'weight': 0.0}), ('a5dd13a0-2d3c-4c6e-b309-58ca2db041e6', {'weight': 0.0}), ('e8052d7e-7e44-44c1-b82d-8a151887a187', {'weight': 0.0}), ('fa6433c4-e6c8-4b79-82e6-f72d3f7f3202', {'weight': 1.0}), ('4b661a6e-291b-42ab-a44e-7c1156e8c8e4', {'weight': 0.6666666666666666}), ('39885d17-11ef-4503-938a-25f4655b1de7', {'weight': 0.0}), ('14d7d93a-4d86-48d3-8aa9-e1ecd8773d3d', {'weight': 0.0}), ('06f1fae5-7ea3-4087-9976-c34cc5e9fefa', {'weight': 0.0}), ('acc2242d-bf7a-4c2f-9ee3-74bf2ba66353', {'weight': 0.4}), ('f0e66539-0f94-47cd-adb4-d2cab0e55efd', {'weight': 1.0}), ('b427df83-b160-4c76-bc07-a0534973dd5e', {'weight': 0.5}), ('8e57cc67-58ec-4de3-b7c5-f7e5d23f6495', {'weight': 0.0}), ('ebdfb2cc-1233-4aa6-bb86-dc9c71cab781', {'weight': 0.0}), ('d334323f-ec20-4264-a7a6-691ce4f9bd98', {'weight': 0.6666666666666666}), ('bf12593c-4d62-450f-a818-479844fab5c4', {'weight': 1.0}), ('40afb273-e547-4cea-8e0a-e73fb0d21ffb', {'weight': 0.0}), ('3ae92018-bc72-4db9-9b81-83576654e44f', {'weight': 0.0}), ('cb6e373e-d19b-4fcf-b13b-720745c7e22e', {'weight': 1.0}), ('bf64c166-8e42-4e22-939d-5b1159144448', {'weight': 1.0}), ('cc0757f7-16bc-4c30-be2d-02707ecaf8c4', {'weight': 1.0}), ('f95a43db-68c6-460a-868f-d770e7145b4a', {'weight': 0.0}), ('c982115b-3cb8-4f9f-95cf-b94835f7a6d1', {'weight': 0.0}), ('cfdcad0c-e984-4141-acc2-7a9f0d98478d', {'weight': 0.0}), ('e5c2999e-d3d4-408e-a5de-c53c897c0c8a', {'weight': 1.0}), ('a550d24c-c9ee-4eb3-b9a5-8a4f745fd21d', {'weight': 1.0}), ('5b3aeeb2-8176-4352-8ab1-a7e7ba2760f8', {'weight': 1.0}), ('760e8dda-2f8e-45d9-ba3f-dd3ec96c1e81', {'weight': 1.0}), ('972a0bf2-e7cd-429d-9ae8-d78acd1e2a26', {'weight': 0.0}), ('05d719e2-e859-4c29-8ac4-0aae89666dce', {'weight': 1.0}), ('494dd474-0006-4804-b91a-29880f6da000', {'weight': 0.0}), ('c0cd42d0-23c6-4d99-8f5e-c7b05524a54c', {'weight': 0.0}), ('4b9287a9-9d9a-4856-9928-9e6539665117', {'weight': 0.0}), ('68a396ca-ee61-4587-a8c5-daa3d2414c10', {'weight': 1.0}), ('6d0e9911-d827-44f7-814f-3f0a8b193d99', {'weight': 0.625}), ('f6db2935-f67b-4c95-b2c2-829308fe8ae7', {'weight': 1.0}), ('407b2327-c8c5-4533-a36a-189d2a6caaca', {'weight': 1.0}), ('403cdae9-2272-483f-b5be-0a20ab08926a', {'weight': 0.0}), ('e614ca08-2620-4b85-b8d6-186160ceac7c', {'weight': 0.0}), ('817fa9c5-167b-459b-8cf0-8100103cae7d', {'weight': 0.0}), ('44006620-1e60-42fc-8780-bd967680a41e', {'weight': 1.0}), ('976aa3ed-2d82-431d-8b94-d1461e497691', {'weight': 0.25}), ('363e47b7-6ac4-49b0-871f-76ca55cdcbbe', {'weight': 0.0}), ('ab3a2f59-ddfc-4b36-beda-9f40b9fe7cb4', {'weight': 0.5}), ('f24a2df5-1333-477b-84ea-ec468b745cce', {'weight': 0.0}), ('972912eb-62f6-4c07-b192-bcd9759a1829', {'weight': 0.0}), ('59d45240-68ba-4a39-89b2-b81c0d1150b6', {'weight': 0.0}), ('9b334bb4-a862-46d6-a471-f9b2b9d8824c', {'weight': 1.0}), ('e42d57ed-bfc6-4853-851d-fdff6f391891', {'weight': 0.0}), ('5969a94d-ab33-4aa1-9b6e-0c2a13b6364d', {'weight': 0.0}), ('035e5569-5dc2-416f-8b08-87542a3316cf', {'weight': 0.0}), ('3eb81166-828a-419f-bff0-ea01c60e3aa4', {'weight': 0.0}), ('3034daa1-2a30-42cc-9c2c-57a9dedf8f28', {'weight': 0.0}), ('7e43328c-3ba1-4de8-b7f1-48b96c327873', {'weight': 1.0}), ('bd1b4677-38e2-461f-98be-be2db3b98d06', {'weight': 0.3333333333333333}), ('de7cd395-5520-416c-826a-62bdd25e82ff', {'weight': 0.0}), ('ca78627d-f6e7-48f4-add1-2782e15befc3', {'weight': 1.0}), ('0dcf1329-ab43-4f76-afb8-94eacbd8dd03', {'weight': 1.0}), ('79dbcf00-9638-4641-96d6-82904e68640a', {'weight': 1.0}), ('0f02a7cc-11b8-4dee-ae71-44d6c242d086', {'weight': 1.0}), ('700221a9-3a54-4935-8d89-dd41a05c2cc1', {'weight': 0.0}), ('5d32f70b-6593-4d67-a644-37bc451d00b1', {'weight': 1.0}), ('133cfe89-f9ca-484b-bc29-8add52cf476b', {'weight': 0.0}), ('a3d510a4-73ef-4b19-8359-34db0a880b2c', {'weight': 0.0}), ('ceca8788-52ac-49a0-98b3-4cf20d2944ba', {'weight': 0.0}), ('a21b33af-ccce-4b00-8e93-3eb6d3ef382d', {'weight': 1.0}), ('c514dc05-f4c2-4f33-990d-8e17cad8b45a', {'weight': 1.0}), ('d41e338c-ae5e-4f67-b290-d5f70ec4011a', {'weight': 0.0}), ('dba01161-715e-42e4-9084-31549e36fde9', {'weight': 0.0}), ('0f70d32b-9824-48c1-abf3-968bcdbc2999', {'weight': 0.0}), ('a5b90c8e-d1c0-46e3-af69-00665db83c89', {'weight': 0.0}), ('df876f3a-8376-4c6e-9c43-30bc501dfd3b', {'weight': 0.0}), ('c6768823-5c21-41a8-92e8-78b676ad850c', {'weight': 0.0}), ('c6124a6c-7de5-4fe6-8df5-a01f4b27d353', {'weight': 1.0}), ('7797904c-ff45-4b17-809f-6bbed12be064', {'weight': 1.0}), ('03022723-e74f-4072-aa1c-c0be9aa7cbf5', {'weight': 0.0})]
[('e62cea34-5174-4cfd-a59d-7ebea8b78dca', 'H04L63/1458', 6), ('e62cea34-5174-4cfd-a59d-7ebea8b78dca', 'H04L63/1491', 2), ('2098b97e-24f3-4f9b-9db6-da54999d745d', 'H04L63/1458', 1), ('19b4ed1b-7ef1-4bb7-af26-878fa25c9924', 'H04L63/1458', 30), ('19b4ed1b-7ef1-4bb7-af26-878fa25c9924', 'H04W12/126', 2), ('c0b57b8b-d348-4323-b29c-0c5f38e9f179', 'H04L63/1458', 5), ('c0b57b8b-d348-4323-b29c-0c5f38e9f179', 'H04L63/1491', 2), ('c0b57b8b-d348-4323-b29c-0c5f38e9f179', 'G06F21/74', 1), ('bb4c7fe8-3e26-462f-9577-312354d0c603', 'H04L63/1458', 3), ('bb4c7fe8-3e26-462f-9577-312354d0c603', 'H04L63/1491', 1), ('bb4c7fe8-3e26-462f-9577-312354d0c603', 'G06F21/74', 15), ('cc924fe6-bb70-4924-9166-95e7047a5a9f', 'H04L63/1458', 2), ('1f3aea53-afb2-4532-a53c-3ca86665a1b8', 'H04L63/1458', 1), ('1f3aea53-afb2-4532-a53c-3ca86665a1b8', 'H04L63/1491', 1), ('7b4e2fc9-47c8-46ea-ba79-457ba97c5150', 'H04L63/1458', 2), ('8085beb6-c2e8-46a7-925a-c9aa641640d3', 'H04L63/1458', 4), ('8085beb6-c2e8-46a7-925a-c9aa641640d3', 'H04L63/1491', 1), ('17b0eccf-13fc-46ef-80a4-05f4fe837195', 'H04L63/1458', 1), ('206c005a-bb62-450d-a6c9-304cde11fb19', 'H04L63/1458', 1), ('9e4ed436-c0f4-4a94-8ecc-670c521c55f2', 'H04L63/1458', 1), ('f8c63eb8-c33a-47dd-9238-236c8e0a2640', 'H04L63/1458', 1), ('fc99c0b0-fd8a-46e6-b508-6d2442ba3724', 'H04L63/1458', 3), ('fc99c0b0-fd8a-46e6-b508-6d2442ba3724', 'H04L63/1491', 1), ('fe5b3737-49aa-46b9-a060-593e929087b5', 'H04L63/1458', 2), ('fe5b3737-49aa-46b9-a060-593e929087b5', 'H04W12/126', 1), ('fe5b3737-49aa-46b9-a060-593e929087b5', 'G06F21/74', 6), ('1863794f-8146-4f77-a3a4-402293cb31c8', 'H04L63/1458', 1), ('1863794f-8146-4f77-a3a4-402293cb31c8', 'H04W12/126', 1), ('1863794f-8146-4f77-a3a4-402293cb31c8', 'G06F21/74', 1), ('f0e500af-e10d-4508-8d46-20b29a45988d', 'H04L63/1458', 1), ('86afbbb1-c416-49c2-a360-2dd81584f088', 'H04L63/1458', 1), ('fb338146-68c6-4d0a-9c05-940b324e6906', 'H04L63/1458', 4), ('fb338146-68c6-4d0a-9c05-940b324e6906', 'H04L63/1491', 1), ('8363ab02-b78a-4803-9cf8-b9f59bba97ab', 'H04L63/1458', 2), ('f77d1487-8040-4b75-b4ad-8e55d3577c18', 'H04L63/1458', 2), ('66e286b1-fb35-43bc-a184-592cb08d534a', 'H04L63/1458', 1), ('66e286b1-fb35-43bc-a184-592cb08d534a', 'H04L63/1491', 1), ('2c4297e9-52a3-40fb-ab2f-3e8f1b5d6c0f', 'H04L63/1458', 3), ('2c4297e9-52a3-40fb-ab2f-3e8f1b5d6c0f', 'H04L63/1491', 2), ('2c4297e9-52a3-40fb-ab2f-3e8f1b5d6c0f', 'H04W12/126', 2), ('2c4297e9-52a3-40fb-ab2f-3e8f1b5d6c0f', 'G06F21/74', 1), ('ebc86374-5faf-4834-a31f-ac5963a345b3', 'H04L63/1458', 4), ('ebc86374-5faf-4834-a31f-ac5963a345b3', 'H04L63/1491', 4), ('776d6287-b242-4d83-b99c-347b9bc8bba9', 'H04L63/1458', 1), ('f625788b-f90d-4bd6-989e-7cf0ec1db848', 'H04L63/1458', 1), ('fdf025da-081b-4a18-8d93-89b4752e25fa', 'H04L63/1458', 1), ('49050903-5b78-4365-bdeb-3cad39f2b6a1', 'H04L63/1458', 1), ('b0e41602-d133-4b02-9566-e03b1fdb55ae', 'H04L63/1458', 5), ('cefac8e6-2663-424b-bc5b-080c31a9781a', 'H04L63/1458', 3), ('cefac8e6-2663-424b-bc5b-080c31a9781a', 'H04W12/126', 1), ('ab3fae62-1ecf-4cc4-8ead-777a2c6c977a', 'H04L63/1458', 1), ('bb031f8b-8c9a-4de5-b09d-709c787014aa', 'H04L63/1458', 1), ('e43bb587-155d-43ec-838a-6facf930618a', 'H04L63/1458', 4), ('f64e9720-2f0c-4ac4-9e5e-f225905a7a40', 'H04L63/1458', 1), ('cbf12f04-88cc-4197-bf95-bc1c4f03ddc1', 'H04L63/1458', 4), ('f468f9bd-4b39-4768-91d0-4ad13f1abe6f', 'H04L63/1458', 1), ('98713aa4-1996-4adc-a7bd-7739a8b102a8', 'H04L63/1458', 1), ('570bdd50-01a7-483a-afff-9d18df0e9c62', 'H04L63/1458', 2), ('a30d14e3-a5c5-4bec-9fdb-2029f48e050e', 'H04L63/1458', 1), ('a30d14e3-a5c5-4bec-9fdb-2029f48e050e', 'H04L63/1491', 2), ('558fb3e6-363d-432f-9c8b-dec6a4a9da0e', 'H04L63/1458', 7), ('39719b1e-eb6d-414e-b351-7430992a204b', 'H04L63/1458', 1), ('39719b1e-eb6d-414e-b351-7430992a204b', 'H04L63/1491', 1), ('39719b1e-eb6d-414e-b351-7430992a204b', 'H04W12/126', 2), ('39719b1e-eb6d-414e-b351-7430992a204b', 'G06F21/74', 9), ('b0bfd77f-0824-4e4e-bb00-29501a1eb812', 'H04L63/1458', 5), ('de8387d5-649f-4e19-bb81-52e6e9d78db6', 'H04L63/1458', 2), ('de8387d5-649f-4e19-bb81-52e6e9d78db6', 'H04L63/1491', 3), ('de8387d5-649f-4e19-bb81-52e6e9d78db6', 'H04W12/126', 3), ('de8387d5-649f-4e19-bb81-52e6e9d78db6', 'G06F21/74', 12), ('6c95ceaf-33d5-4a8e-8b53-ec1446d1d626', 'H04L63/1458', 3), ('6c95ceaf-33d5-4a8e-8b53-ec1446d1d626', 'H04L63/1491', 1), ('6c95ceaf-33d5-4a8e-8b53-ec1446d1d626', 'H04W12/126', 1), ('1fd680db-a65d-45bb-9906-bef56be3180f', 'H04L63/1458', 2), ('251c8314-a1b4-48cd-9f83-bdbffac94d1e', 'H04L63/1458', 1), ('bea0d74e-345f-4bef-b901-6cacf0132234', 'H04L63/1458', 1), ('4785c433-0403-4bc1-8d5b-094e558f0c3d', 'H04L63/1458', 1), ('49a73f77-2a13-4e56-837f-7980975dc26f', 'H04L63/1458', 1), ('3335e9bd-9a67-476d-a8b5-988542d35490', 'H04L63/1458', 1), ('ea061357-b300-4046-b8ea-410a9e6870b3', 'H04L63/1458', 1), ('4c5251b2-4a4c-4b6e-88ca-82c8c031580f', 'H04L63/1458', 1), ('c6cbe83b-9547-4ed3-aedf-86f926bd23f9', 'H04L63/1458', 1), ('298acba8-8912-4406-9197-9e1424d6715d', 'H04L63/1458', 2), ('298acba8-8912-4406-9197-9e1424d6715d', 'G06F21/74', 1), ('72ecbaa0-dbf4-497d-b76d-049d6e78f536', 'H04L63/1458', 1), ('1a82136b-d83a-4a5e-84dc-849ed78c618e', 'H04L63/1458', 1), ('78f74b47-5496-4e82-9609-7110b9fe8470', 'H04L63/1458', 1), ('78f74b47-5496-4e82-9609-7110b9fe8470', 'H04L63/1491', 7), ('7d1f3891-dd8e-4c26-822b-411965e984b9', 'H04L63/1458', 4), ('7d1f3891-dd8e-4c26-822b-411965e984b9', 'H04L63/1491', 9), ('7d1f3891-dd8e-4c26-822b-411965e984b9', 'H04W12/126', 5), ('7d1f3891-dd8e-4c26-822b-411965e984b9', 'G06F21/74', 6), ('96c9d68c-2205-4740-8177-2a53cee74965', 'H04L63/1458', 2), ('96c9d68c-2205-4740-8177-2a53cee74965', 'G06F21/74', 1), ('7d1810fc-1fcc-4eed-8036-6a637b691900', 'H04L63/1458', 4), ('525c22b3-6ed1-4bdc-b35a-d861d0d2459d', 'H04L63/1458', 4), ('6fb0becd-28ad-40a4-9e0e-5ef30e88ff02', 'H04L63/1458', 5), ('6fb0becd-28ad-40a4-9e0e-5ef30e88ff02', 'H04W12/126', 1), ('f9f9d548-718e-41f8-a8ad-5ce042263123', 'H04L63/1458', 1), ('fd7bc8ca-f7d3-43dc-9271-019e882dba90', 'H04L63/1458', 1), ('99760390-a548-4f78-aecd-3b3cd2510569', 'H04L63/1458', 2), ('62c6c491-b394-4c81-bf11-6308d6c3cfcf', 'H04L63/1458', 1), ('0560b4c4-8407-4a30-b903-03e39b335917', 'H04L63/1458', 1), ('0560b4c4-8407-4a30-b903-03e39b335917', 'H04L63/1491', 1), ('d817f27a-1445-4ee8-b2ce-e4ea4931d964', 'H04L63/1458', 1), ('5b3fb471-e683-42ee-856f-3b99fe2ccdd1', 'H04L63/1458', 1), ('ab2f8568-ff30-46a6-89d1-de318a5008cd', 'H04L63/1458', 5), ('ab2f8568-ff30-46a6-89d1-de318a5008cd', 'G06F21/74', 1), ('33233654-24a4-4115-a4e2-a62995fe2890', 'H04L63/1458', 1), ('33233654-24a4-4115-a4e2-a62995fe2890', 'H04L63/1491', 1), ('ec2a3c5d-c063-456e-8ec9-8167845d494a', 'H04L63/1458', 1), ('c691eb1e-5096-4591-8270-c8bf7d2a4f01', 'H04L63/1458', 1), ('751d5f6a-137d-455b-aa9a-14fd675b2080', 'H04L63/1458', 1), ('c842be34-2489-4ae0-a7f3-6ed8506849b6', 'H04L63/1458', 3), ('c842be34-2489-4ae0-a7f3-6ed8506849b6', 'H04L63/1491', 1), ('c9938356-deb7-46d9-b89e-b883f878a57c', 'H04L63/1458', 1), ('1770dd39-5aeb-49a4-9ef9-f8096c2cd87b', 'H04L63/1458', 2), ('a2600a8e-8e59-479d-8592-ded862205fca', 'H04L63/1458', 2), ('b6b1d02f-cfa6-4df4-a96d-b19b58411f65', 'H04L63/1458', 1), ('d8db1bda-ab8f-4d4c-ba87-c7e96b9cc468', 'H04L63/1458', 2), ('f73a7e7f-2e5e-4829-94d7-3c51966d1336', 'H04L63/1458', 1), ('d74d7e57-cb99-4b5e-94f0-c293a5fd0d54', 'H04L63/1458', 1), ('d74d7e57-cb99-4b5e-94f0-c293a5fd0d54', 'H04L63/1491', 1), ('8001cdbd-48c4-49f5-928a-c85d9b1e7b88', 'H04L63/1458', 1), ('ff5fd46c-1451-4507-acc4-25559d29a5be', 'H04L63/1458', 1), ('ff5fd46c-1451-4507-acc4-25559d29a5be', 'H04L63/1491', 2), ('ff5fd46c-1451-4507-acc4-25559d29a5be', 'H04W12/126', 1), ('059139bc-b03c-4387-aedc-ab6f45270e56', 'H04L63/1458', 1), ('6756d8e8-2c8f-4301-999f-c9fdf428a867', 'H04L63/1458', 1), ('2683181e-82b6-4816-a565-afdc2711bfa1', 'H04L63/1458', 2), ('5c2dcb09-7c84-418b-b58d-bca57cb2a577', 'H04L63/1458', 1), ('956654c5-67ef-4181-8bf3-503de9ba4f9b', 'H04L63/1458', 1), ('5f007969-66d3-4a38-ad7e-3dd508ff3239', 'H04L63/1458', 1), ('5f007969-66d3-4a38-ad7e-3dd508ff3239', 'G06F21/74', 1), ('657d43c2-f647-42bf-b0ff-2e34baa4d5e6', 'H04L63/1458', 1), ('657d43c2-f647-42bf-b0ff-2e34baa4d5e6', 'G06F21/74', 3), ('89bc0840-5714-47aa-88a8-a17fe2918baa', 'H04L63/1458', 1), ('a84254ee-87dd-42af-9381-df20028d3d51', 'H04L63/1458', 1), ('a84254ee-87dd-42af-9381-df20028d3d51', 'G06F21/74', 1), ('67c2df25-ae1b-4a52-847f-469359c0632a', 'H04L63/1458', 1), ('67c2df25-ae1b-4a52-847f-469359c0632a', 'H04W12/126', 1), ('13789f8d-041c-49fc-954c-b845201b76a3', 'H04L63/1458', 1), ('c2ffe177-4e13-47ac-92e8-3e246be447ca', 'H04L63/1458', 1), ('dc0de834-ca19-4d3d-9c14-b322b0b0f094', 'H04L63/1458', 1), ('dc0de834-ca19-4d3d-9c14-b322b0b0f094', 'H04L63/1491', 1), ('4b8e28d3-5866-4c7f-97a0-bc8a6c304206', 'H04L63/1458', 1), ('0b082e73-b0af-440b-82d1-eccab790f3ba', 'H04L63/1458', 1), ('0b082e73-b0af-440b-82d1-eccab790f3ba', 'H04L63/1491', 3), ('87d25fac-6dcf-44d5-8667-d5041791141d', 'H04L63/1458', 1), ('87d25fac-6dcf-44d5-8667-d5041791141d', 'G06F21/74', 1), ('802e1b9f-b4e7-4295-867a-6db6a2ab117c', 'H04L63/1458', 1), ('802e1b9f-b4e7-4295-867a-6db6a2ab117c', 'H04L63/1491', 2), ('802e1b9f-b4e7-4295-867a-6db6a2ab117c', 'G06F21/74', 2), ('edc93765-93ff-48cc-b553-739aacbeadb9', 'H04L63/1458', 1), ('87dfe878-2e8f-4659-8472-0440c30b3f83', 'H04L63/1458', 1), ('f1463e37-c67b-424b-a590-a3ca65f997ab', 'H04L63/1458', 1), ('d0c5f1e9-88be-4ce3-be2d-40e3688e8bc6', 'H04L63/1458', 1), ('d0c5f1e9-88be-4ce3-be2d-40e3688e8bc6', 'G06F21/74', 3), ('ea1a4c55-e6b6-41e5-bd7e-b5c7bd399cdc', 'H04L63/1491', 1), ('337cc37c-36c2-4f5c-9237-731ba7733e7b', 'H04L63/1491', 4), ('8a288076-c7f7-4706-b236-eac80b8bcc41', 'H04L63/1491', 2), ('39080396-7a36-44d7-86bf-43b23247e5ff', 'H04L63/1491', 1), ('5bf07cea-eb35-41a8-bced-bc9cdbde0f4f', 'H04L63/1491', 12), ('93323f8b-24f3-4441-9541-d09a7e2f77f9', 'H04L63/1491', 2), ('849b863d-c71e-4f18-9d92-cfd84908e4a5', 'H04L63/1491', 1), ('d7ca9caf-4367-4c8d-9def-804d4e47a7c4', 'H04L63/1491', 2), ('e26321a2-6df3-4c7b-a67d-ff6636ed6863', 'H04L63/1491', 1), ('95cc9863-5637-4798-b1dc-c51368eaaeee', 'H04L63/1491', 7), ('95cc9863-5637-4798-b1dc-c51368eaaeee', 'H04W12/126', 1), ('841f0eb7-c2b6-4a60-9b35-4bbe55becb54', 'H04L63/1491', 5), ('7fc3cf83-3cb3-42c4-9074-fd3b3a8bc833', 'H04L63/1491', 1), ('7fc3cf83-3cb3-42c4-9074-fd3b3a8bc833', 'G06F21/74', 1), ('9e91da7a-8ebf-4cb0-938d-8277d067449d', 'H04L63/1491', 1), ('10fac3bc-9222-4bb9-bed8-44b0c6f135bd', 'H04L63/1491', 1), ('2c3467f8-b065-4da2-95aa-ec7003d9f544', 'H04L63/1491', 1), ('aaaeeccb-bc0c-45eb-b121-e0b3e18ec4bc', 'H04L63/1491', 1), ('19dd1729-27cd-4c90-bd7c-eeb93c4f1085', 'H04L63/1491', 1), ('82572255-4e23-45e6-8078-a97fed139d2d', 'H04L63/1491', 1), ('4692a21e-0d7a-4ee0-899d-f94283691211', 'H04L63/1491', 1), ('026f2407-e9c8-4fc4-988c-7b748069df89', 'H04L63/1491', 1), ('e2682fd8-c7a7-4500-ad73-7f7728e6261d', 'H04L63/1491', 2), ('e2682fd8-c7a7-4500-ad73-7f7728e6261d', 'G06F21/74', 1), ('85c5e162-f17d-45b6-9e2a-acb5c786c545', 'H04L63/1491', 1), ('a8b58705-7922-4200-a129-4544ed26cc2a', 'H04L63/1491', 1), ('7ce67109-6517-45a9-94c7-2897b4fb67b8', 'H04L63/1491', 1), ('6a530dc6-5176-4190-9c01-177e14c3181b', 'H04L63/1491', 1), ('b1f40211-08bc-4551-b065-6cd0fb1d6da2', 'H04L63/1491', 1), ('e84ddc98-a789-4b2f-8394-a0970c6aec22', 'H04L63/1491', 1), ('393c4aed-f6b7-47d3-bc56-410c620a5d75', 'H04L63/1491', 1), ('6e5cc7dd-60b6-46df-9259-09d8e3054536', 'H04L63/1491', 1), ('ebc43f6d-5fc3-4d05-b90b-06c08213f851', 'H04L63/1491', 1), ('03591749-0181-49f8-9b79-eabb40a563cd', 'H04L63/1491', 1), ('1b334a9a-02af-40b3-a0c7-3032306dc9b4', 'H04L63/1491', 1), ('d9151f91-3d88-40e5-9a32-c39f865ae307', 'H04L63/1491', 1), ('0a9a149f-9235-4294-ac00-37e563063fdd', 'H04W12/126', 3), ('89da984f-ab70-4f11-ac28-4335b32543b0', 'H04W12/126', 1), ('a5dd13a0-2d3c-4c6e-b309-58ca2db041e6', 'H04W12/126', 1), ('e8052d7e-7e44-44c1-b82d-8a151887a187', 'H04W12/126', 1), ('fa6433c4-e6c8-4b79-82e6-f72d3f7f3202', 'H04W12/126', 1), ('4b661a6e-291b-42ab-a44e-7c1156e8c8e4', 'H04W12/126', 1), ('4b661a6e-291b-42ab-a44e-7c1156e8c8e4', 'G06F21/74', 2), ('39885d17-11ef-4503-938a-25f4655b1de7', 'H04W12/126', 1), ('14d7d93a-4d86-48d3-8aa9-e1ecd8773d3d', 'H04W12/126', 1), ('06f1fae5-7ea3-4087-9976-c34cc5e9fefa', 'H04W12/126', 2), ('acc2242d-bf7a-4c2f-9ee3-74bf2ba66353', 'H04W12/126', 5), ('f0e66539-0f94-47cd-adb4-d2cab0e55efd', 'H04W12/126', 1), ('b427df83-b160-4c76-bc07-a0534973dd5e', 'H04W12/126', 2), ('8e57cc67-58ec-4de3-b7c5-f7e5d23f6495', 'H04W12/126', 1), ('ebdfb2cc-1233-4aa6-bb86-dc9c71cab781', 'H04W12/126', 2), ('ebdfb2cc-1233-4aa6-bb86-dc9c71cab781', 'G06F21/74', 2), ('d334323f-ec20-4264-a7a6-691ce4f9bd98', 'H04W12/126', 2), ('d334323f-ec20-4264-a7a6-691ce4f9bd98', 'G06F21/74', 7), ('bf12593c-4d62-450f-a818-479844fab5c4', 'H04W12/126', 1), ('40afb273-e547-4cea-8e0a-e73fb0d21ffb', 'H04W12/126', 1), ('3ae92018-bc72-4db9-9b81-83576654e44f', 'H04W12/126', 1), ('cb6e373e-d19b-4fcf-b13b-720745c7e22e', 'H04W12/126', 1), ('bf64c166-8e42-4e22-939d-5b1159144448', 'H04W12/126', 1), ('cc0757f7-16bc-4c30-be2d-02707ecaf8c4', 'H04W12/126', 1), ('f95a43db-68c6-460a-868f-d770e7145b4a', 'H04W12/126', 1), ('c982115b-3cb8-4f9f-95cf-b94835f7a6d1', 'H04W12/126', 1), ('cfdcad0c-e984-4141-acc2-7a9f0d98478d', 'H04W12/126', 1), ('e5c2999e-d3d4-408e-a5de-c53c897c0c8a', 'H04W12/126', 1), ('a550d24c-c9ee-4eb3-b9a5-8a4f745fd21d', 'H04W12/126', 1), ('5b3aeeb2-8176-4352-8ab1-a7e7ba2760f8', 'H04W12/126', 1), ('760e8dda-2f8e-45d9-ba3f-dd3ec96c1e81', 'H04W12/126', 1), ('760e8dda-2f8e-45d9-ba3f-dd3ec96c1e81', 'G06F21/74', 1), ('972a0bf2-e7cd-429d-9ae8-d78acd1e2a26', 'H04W12/126', 1), ('05d719e2-e859-4c29-8ac4-0aae89666dce', 'H04W12/126', 1), ('494dd474-0006-4804-b91a-29880f6da000', 'H04W12/126', 1), ('c0cd42d0-23c6-4d99-8f5e-c7b05524a54c', 'G06F21/74', 2), ('4b9287a9-9d9a-4856-9928-9e6539665117', 'G06F21/74', 2), ('68a396ca-ee61-4587-a8c5-daa3d2414c10', 'G06F21/74', 1), ('6d0e9911-d827-44f7-814f-3f0a8b193d99', 'G06F21/74', 8), ('f6db2935-f67b-4c95-b2c2-829308fe8ae7', 'G06F21/74', 2), ('407b2327-c8c5-4533-a36a-189d2a6caaca', 'G06F21/74', 1), ('403cdae9-2272-483f-b5be-0a20ab08926a', 'G06F21/74', 1), ('e614ca08-2620-4b85-b8d6-186160ceac7c', 'G06F21/74', 2), ('817fa9c5-167b-459b-8cf0-8100103cae7d', 'G06F21/74', 1), ('44006620-1e60-42fc-8780-bd967680a41e', 'G06F21/74', 1), ('976aa3ed-2d82-431d-8b94-d1461e497691', 'G06F21/74', 5), ('363e47b7-6ac4-49b0-871f-76ca55cdcbbe', 'G06F21/74', 1), ('ab3a2f59-ddfc-4b36-beda-9f40b9fe7cb4', 'G06F21/74', 2), ('f24a2df5-1333-477b-84ea-ec468b745cce', 'G06F21/74', 1), ('972912eb-62f6-4c07-b192-bcd9759a1829', 'G06F21/74', 1), ('59d45240-68ba-4a39-89b2-b81c0d1150b6', 'G06F21/74', 1), ('9b334bb4-a862-46d6-a471-f9b2b9d8824c', 'G06F21/74', 1), ('e42d57ed-bfc6-4853-851d-fdff6f391891', 'G06F21/74', 1), ('5969a94d-ab33-4aa1-9b6e-0c2a13b6364d', 'G06F21/74', 1), ('035e5569-5dc2-416f-8b08-87542a3316cf', 'G06F21/74', 1), ('3eb81166-828a-419f-bff0-ea01c60e3aa4', 'G06F21/74', 1), ('3034daa1-2a30-42cc-9c2c-57a9dedf8f28', 'G06F21/74', 1), ('7e43328c-3ba1-4de8-b7f1-48b96c327873', 'G06F21/74', 1), ('bd1b4677-38e2-461f-98be-be2db3b98d06', 'G06F21/74', 3), ('de7cd395-5520-416c-826a-62bdd25e82ff', 'G06F21/74', 1), ('ca78627d-f6e7-48f4-add1-2782e15befc3', 'G06F21/74', 1), ('0dcf1329-ab43-4f76-afb8-94eacbd8dd03', 'G06F21/74', 1), ('79dbcf00-9638-4641-96d6-82904e68640a', 'G06F21/74', 1), ('0f02a7cc-11b8-4dee-ae71-44d6c242d086', 'G06F21/74', 1), ('700221a9-3a54-4935-8d89-dd41a05c2cc1', 'G06F21/74', 1), ('5d32f70b-6593-4d67-a644-37bc451d00b1', 'G06F21/74', 1), ('133cfe89-f9ca-484b-bc29-8add52cf476b', 'G06F21/74', 1), ('a3d510a4-73ef-4b19-8359-34db0a880b2c', 'G06F21/74', 1), ('ceca8788-52ac-49a0-98b3-4cf20d2944ba', 'G06F21/74', 1), ('a21b33af-ccce-4b00-8e93-3eb6d3ef382d', 'G06F21/74', 1), ('c514dc05-f4c2-4f33-990d-8e17cad8b45a', 'G06F21/74', 1), ('d41e338c-ae5e-4f67-b290-d5f70ec4011a', 'G06F21/74', 1), ('dba01161-715e-42e4-9084-31549e36fde9', 'G06F21/74', 1), ('0f70d32b-9824-48c1-abf3-968bcdbc2999', 'G06F21/74', 1), ('a5b90c8e-d1c0-46e3-af69-00665db83c89', 'G06F21/74', 1), ('df876f3a-8376-4c6e-9c43-30bc501dfd3b', 'G06F21/74', 1), ('c6768823-5c21-41a8-92e8-78b676ad850c', 'G06F21/74', 1), ('c6124a6c-7de5-4fe6-8df5-a01f4b27d353', 'G06F21/74', 1), ('7797904c-ff45-4b17-809f-6bbed12be064', 'G06F21/74', 1), ('03022723-e74f-4072-aa1c-c0be9aa7cbf5', 'G06F21/74', 1)]
There are 274 edges
6.5 Calculating Technology Index (2022-02-11 15:11:35.706180)
           CPC  count  emergingness     delta  tech index                      desc
0  H04L63/1458   2065      0.440758 -0.118912   -0.008306  Network architectures...
1  H04L63/1491    749      0.504425 -0.053546   -0.016125  Network architectures...
2   H04W12/126   1019      0.492063 -0.082649    0.005254  Security arrangements...
3    G06F21/74   1266      0.482517 -0.047333   -0.005508  Security arrangements...
6.6 Calculating Assignee Index (2022-02-11 15:11:36.777777)
                           ID                      name              emergingness count impact normalised impact influence
0    e62cea34-5174-4cfd-a5...  Amazon Technologies, ...  [1.0, 0.0, 0.0, 1.0, ...   NaN    NaN               NaN       NaN
1    2098b97e-24f3-4f9b-9d...           Zycada Networks                     [0.0]   NaN    NaN               NaN       NaN
2    19b4ed1b-7ef1-4bb7-af...    CISCO TECHNOLOGY, INC.  [0.0, 1.0, 1.0, 1.0, ...   NaN    NaN               NaN       NaN
3    c0b57b8b-d348-4323-b2...           NEC CORPORATION  [0.0, 1.0, 0.0, 0.0, ...   NaN    NaN               NaN       NaN
4    bb4c7fe8-3e26-462f-95...         INTEL CORPORATION  [0.0, 0.0, 0.0, 1.0, ...   NaN    NaN               NaN       NaN
..                        ...                       ...                       ...   ...    ...               ...       ...
209  df876f3a-8376-4c6e-9c...  Texas Instruments Inc...                     [0.0]   NaN    NaN               NaN       NaN
210  c6768823-5c21-41a8-92...     ARRIS Enterprises LLC                     [0.0]   NaN    NaN               NaN       NaN
211  c6124a6c-7de5-4fe6-8d...  INFINEON TECHNOLOGIES AG                     [1.0]   NaN    NaN               NaN       NaN
212  7797904c-ff45-4b17-80...    CyberArk Software Ltd.                     [1.0]   NaN    NaN               NaN       NaN
213  03022723-e74f-4072-aa...   MOTOROLA SOUTIONS, INC.                     [0.0]   NaN    NaN               NaN       NaN

[214 rows x 7 columns]
6.7 Calculating Impact Index (2022-02-11 15:11:36.783074)
6.4 Creating graph (2022-02-11 15:11:36.783083)
[('H04L63/1458', {'emergingness': 0.44075829383886256, 'patent_count': 211}), ('H04L63/1491', {'emergingness': 0.504424778761062, 'patent_count': 113}), ('H04W12/126', {'emergingness': 0.49206349206349204, 'patent_count': 63}), ('G06F21/74', {'emergingness': 0.4825174825174825, 'patent_count': 143}), ('e62cea34-5174-4cfd-a59d-7ebea8b78dca', {'weight': 0.75}), ('2098b97e-24f3-4f9b-9db6-da54999d745d', {'weight': 0.0}), ('19b4ed1b-7ef1-4bb7-af26-878fa25c9924', {'weight': 0.9375}), ('c0b57b8b-d348-4323-b29c-0c5f38e9f179', {'weight': 0.375}), ('bb4c7fe8-3e26-462f-9577-312354d0c603', {'weight': 0.5}), ('cc924fe6-bb70-4924-9166-95e7047a5a9f', {'weight': 0.0}), ('1f3aea53-afb2-4532-a53c-3ca86665a1b8', {'weight': 1.0}), ('7b4e2fc9-47c8-46ea-ba79-457ba97c5150', {'weight': 0.0}), ('8085beb6-c2e8-46a7-925a-c9aa641640d3', {'weight': 0.8}), ('17b0eccf-13fc-46ef-80a4-05f4fe837195', {'weight': 0.0}), ('206c005a-bb62-450d-a6c9-304cde11fb19', {'weight': 0.0}), ('9e4ed436-c0f4-4a94-8ecc-670c521c55f2', {'weight': 0.0}), ('f8c63eb8-c33a-47dd-9238-236c8e0a2640', {'weight': 0.0}), ('fc99c0b0-fd8a-46e6-b508-6d2442ba3724', {'weight': 0.0}), ('fe5b3737-49aa-46b9-a060-593e929087b5', {'weight': 0.0}), ('1863794f-8146-4f77-a3a4-402293cb31c8', {'weight': 0.0}), ('f0e500af-e10d-4508-8d46-20b29a45988d', {'weight': 1.0}), ('86afbbb1-c416-49c2-a360-2dd81584f088', {'weight': 0.0}), ('fb338146-68c6-4d0a-9c05-940b324e6906', {'weight': 0.0}), ('8363ab02-b78a-4803-9cf8-b9f59bba97ab', {'weight': 0.0}), ('f77d1487-8040-4b75-b4ad-8e55d3577c18', {'weight': 0.0}), ('66e286b1-fb35-43bc-a184-592cb08d534a', {'weight': 0.0}), ('2c4297e9-52a3-40fb-ab2f-3e8f1b5d6c0f', {'weight': 0.625}), ('ebc86374-5faf-4834-a31f-ac5963a345b3', {'weight': 1.0}), ('776d6287-b242-4d83-b99c-347b9bc8bba9', {'weight': 0.0}), ('f625788b-f90d-4bd6-989e-7cf0ec1db848', {'weight': 0.0}), ('fdf025da-081b-4a18-8d93-89b4752e25fa', {'weight': 0.0}), ('49050903-5b78-4365-bdeb-3cad39f2b6a1', {'weight': 0.0}), ('b0e41602-d133-4b02-9566-e03b1fdb55ae', {'weight': 1.0}), ('cefac8e6-2663-424b-bc5b-080c31a9781a', {'weight': 0.0}), ('ab3fae62-1ecf-4cc4-8ead-777a2c6c977a', {'weight': 0.0}), ('bb031f8b-8c9a-4de5-b09d-709c787014aa', {'weight': 1.0}), ('e43bb587-155d-43ec-838a-6facf930618a', {'weight': 0.0}), ('f64e9720-2f0c-4ac4-9e5e-f225905a7a40', {'weight': 0.0}), ('cbf12f04-88cc-4197-bf95-bc1c4f03ddc1', {'weight': 0.75}), ('f468f9bd-4b39-4768-91d0-4ad13f1abe6f', {'weight': 0.0}), ('98713aa4-1996-4adc-a7bd-7739a8b102a8', {'weight': 0.0}), ('570bdd50-01a7-483a-afff-9d18df0e9c62', {'weight': 0.0}), ('a30d14e3-a5c5-4bec-9fdb-2029f48e050e', {'weight': 0.0}), ('558fb3e6-363d-432f-9c8b-dec6a4a9da0e', {'weight': 0.8571428571428571}), ('39719b1e-eb6d-414e-b351-7430992a204b', {'weight': 0.3076923076923077}), ('b0bfd77f-0824-4e4e-bb00-29501a1eb812', {'weight': 0.4}), ('de8387d5-649f-4e19-bb81-52e6e9d78db6', {'weight': 0.85}), ('6c95ceaf-33d5-4a8e-8b53-ec1446d1d626', {'weight': 0.8}), ('1fd680db-a65d-45bb-9906-bef56be3180f', {'weight': 1.0}), ('251c8314-a1b4-48cd-9f83-bdbffac94d1e', {'weight': 0.0}), ('bea0d74e-345f-4bef-b901-6cacf0132234', {'weight': 0.0}), ('4785c433-0403-4bc1-8d5b-094e558f0c3d', {'weight': 0.0}), ('49a73f77-2a13-4e56-837f-7980975dc26f', {'weight': 1.0}), ('3335e9bd-9a67-476d-a8b5-988542d35490', {'weight': 0.0}), ('ea061357-b300-4046-b8ea-410a9e6870b3', {'weight': 1.0}), ('4c5251b2-4a4c-4b6e-88ca-82c8c031580f', {'weight': 0.0}), ('c6cbe83b-9547-4ed3-aedf-86f926bd23f9', {'weight': 0.0}), ('298acba8-8912-4406-9197-9e1424d6715d', {'weight': 0.3333333333333333}), ('72ecbaa0-dbf4-497d-b76d-049d6e78f536', {'weight': 0.0}), ('1a82136b-d83a-4a5e-84dc-849ed78c618e', {'weight': 0.0}), ('78f74b47-5496-4e82-9609-7110b9fe8470', {'weight': 0.875}), ('7d1f3891-dd8e-4c26-822b-411965e984b9', {'weight': 0.7916666666666666}), ('96c9d68c-2205-4740-8177-2a53cee74965', {'weight': 0.6666666666666666}), ('7d1810fc-1fcc-4eed-8036-6a637b691900', {'weight': 0.0}), ('525c22b3-6ed1-4bdc-b35a-d861d0d2459d', {'weight': 0.5}), ('6fb0becd-28ad-40a4-9e0e-5ef30e88ff02', {'weight': 0.16666666666666666}), ('f9f9d548-718e-41f8-a8ad-5ce042263123', {'weight': 1.0}), ('fd7bc8ca-f7d3-43dc-9271-019e882dba90', {'weight': 0.0}), ('99760390-a548-4f78-aecd-3b3cd2510569', {'weight': 0.0}), ('62c6c491-b394-4c81-bf11-6308d6c3cfcf', {'weight': 0.0}), ('0560b4c4-8407-4a30-b903-03e39b335917', {'weight': 0.0}), ('d817f27a-1445-4ee8-b2ce-e4ea4931d964', {'weight': 0.0}), ('5b3fb471-e683-42ee-856f-3b99fe2ccdd1', {'weight': 0.0}), ('ab2f8568-ff30-46a6-89d1-de318a5008cd', {'weight': 0.0}), ('33233654-24a4-4115-a4e2-a62995fe2890', {'weight': 0.0}), ('ec2a3c5d-c063-456e-8ec9-8167845d494a', {'weight': 1.0}), ('c691eb1e-5096-4591-8270-c8bf7d2a4f01', {'weight': 1.0}), ('751d5f6a-137d-455b-aa9a-14fd675b2080', {'weight': 1.0}), ('c842be34-2489-4ae0-a7f3-6ed8506849b6', {'weight': 0.5}), ('c9938356-deb7-46d9-b89e-b883f878a57c', {'weight': 1.0}), ('1770dd39-5aeb-49a4-9ef9-f8096c2cd87b', {'weight': 0.0}), ('a2600a8e-8e59-479d-8592-ded862205fca', {'weight': 0.5}), ('b6b1d02f-cfa6-4df4-a96d-b19b58411f65', {'weight': 1.0}), ('d8db1bda-ab8f-4d4c-ba87-c7e96b9cc468', {'weight': 0.0}), ('f73a7e7f-2e5e-4829-94d7-3c51966d1336', {'weight': 1.0}), ('d74d7e57-cb99-4b5e-94f0-c293a5fd0d54', {'weight': 0.0}), ('8001cdbd-48c4-49f5-928a-c85d9b1e7b88', {'weight': 0.0}), ('ff5fd46c-1451-4507-acc4-25559d29a5be', {'weight': 0.5}), ('059139bc-b03c-4387-aedc-ab6f45270e56', {'weight': 0.0}), ('6756d8e8-2c8f-4301-999f-c9fdf428a867', {'weight': 1.0}), ('2683181e-82b6-4816-a565-afdc2711bfa1', {'weight': 1.0}), ('5c2dcb09-7c84-418b-b58d-bca57cb2a577', {'weight': 0.0}), ('956654c5-67ef-4181-8bf3-503de9ba4f9b', {'weight': 0.0}), ('5f007969-66d3-4a38-ad7e-3dd508ff3239', {'weight': 0.0}), ('657d43c2-f647-42bf-b0ff-2e34baa4d5e6', {'weight': 0.25}), ('89bc0840-5714-47aa-88a8-a17fe2918baa', {'weight': 0.0}), ('a84254ee-87dd-42af-9381-df20028d3d51', {'weight': 1.0}), ('67c2df25-ae1b-4a52-847f-469359c0632a', {'weight': 0.0}), ('13789f8d-041c-49fc-954c-b845201b76a3', {'weight': 0.0}), ('c2ffe177-4e13-47ac-92e8-3e246be447ca', {'weight': 0.0}), ('dc0de834-ca19-4d3d-9c14-b322b0b0f094', {'weight': 0.0}), ('4b8e28d3-5866-4c7f-97a0-bc8a6c304206', {'weight': 0.0}), ('0b082e73-b0af-440b-82d1-eccab790f3ba', {'weight': 0.0}), ('87d25fac-6dcf-44d5-8667-d5041791141d', {'weight': 0.0}), ('802e1b9f-b4e7-4295-867a-6db6a2ab117c', {'weight': 0.0}), ('edc93765-93ff-48cc-b553-739aacbeadb9', {'weight': 0.0}), ('87dfe878-2e8f-4659-8472-0440c30b3f83', {'weight': 0.0}), ('f1463e37-c67b-424b-a590-a3ca65f997ab', {'weight': 0.0}), ('d0c5f1e9-88be-4ce3-be2d-40e3688e8bc6', {'weight': 1.0}), ('ea1a4c55-e6b6-41e5-bd7e-b5c7bd399cdc', {'weight': 0.0}), ('337cc37c-36c2-4f5c-9237-731ba7733e7b', {'weight': 1.0}), ('8a288076-c7f7-4706-b236-eac80b8bcc41', {'weight': 0.0}), ('39080396-7a36-44d7-86bf-43b23247e5ff', {'weight': 1.0}), ('5bf07cea-eb35-41a8-bced-bc9cdbde0f4f', {'weight': 0.16666666666666666}), ('93323f8b-24f3-4441-9541-d09a7e2f77f9', {'weight': 0.0}), ('849b863d-c71e-4f18-9d92-cfd84908e4a5', {'weight': 0.0}), ('d7ca9caf-4367-4c8d-9def-804d4e47a7c4', {'weight': 0.5}), ('e26321a2-6df3-4c7b-a67d-ff6636ed6863', {'weight': 0.0}), ('95cc9863-5637-4798-b1dc-c51368eaaeee', {'weight': 0.875}), ('841f0eb7-c2b6-4a60-9b35-4bbe55becb54', {'weight': 1.0}), ('7fc3cf83-3cb3-42c4-9074-fd3b3a8bc833', {'weight': 0.0}), ('9e91da7a-8ebf-4cb0-938d-8277d067449d', {'weight': 0.0}), ('10fac3bc-9222-4bb9-bed8-44b0c6f135bd', {'weight': 0.0}), ('2c3467f8-b065-4da2-95aa-ec7003d9f544', {'weight': 1.0}), ('aaaeeccb-bc0c-45eb-b121-e0b3e18ec4bc', {'weight': 1.0}), ('19dd1729-27cd-4c90-bd7c-eeb93c4f1085', {'weight': 0.0}), ('82572255-4e23-45e6-8078-a97fed139d2d', {'weight': 1.0}), ('4692a21e-0d7a-4ee0-899d-f94283691211', {'weight': 0.0}), ('026f2407-e9c8-4fc4-988c-7b748069df89', {'weight': 1.0}), ('e2682fd8-c7a7-4500-ad73-7f7728e6261d', {'weight': 0.3333333333333333}), ('85c5e162-f17d-45b6-9e2a-acb5c786c545', {'weight': 1.0}), ('a8b58705-7922-4200-a129-4544ed26cc2a', {'weight': 0.0}), ('7ce67109-6517-45a9-94c7-2897b4fb67b8', {'weight': 0.0}), ('6a530dc6-5176-4190-9c01-177e14c3181b', {'weight': 0.0}), ('b1f40211-08bc-4551-b065-6cd0fb1d6da2', {'weight': 0.0}), ('e84ddc98-a789-4b2f-8394-a0970c6aec22', {'weight': 1.0}), ('393c4aed-f6b7-47d3-bc56-410c620a5d75', {'weight': 0.0}), ('6e5cc7dd-60b6-46df-9259-09d8e3054536', {'weight': 1.0}), ('ebc43f6d-5fc3-4d05-b90b-06c08213f851', {'weight': 0.0}), ('03591749-0181-49f8-9b79-eabb40a563cd', {'weight': 1.0}), ('1b334a9a-02af-40b3-a0c7-3032306dc9b4', {'weight': 0.0}), ('d9151f91-3d88-40e5-9a32-c39f865ae307', {'weight': 1.0}), ('0a9a149f-9235-4294-ac00-37e563063fdd', {'weight': 0.3333333333333333}), ('89da984f-ab70-4f11-ac28-4335b32543b0', {'weight': 0.0}), ('a5dd13a0-2d3c-4c6e-b309-58ca2db041e6', {'weight': 0.0}), ('e8052d7e-7e44-44c1-b82d-8a151887a187', {'weight': 0.0}), ('fa6433c4-e6c8-4b79-82e6-f72d3f7f3202', {'weight': 1.0}), ('4b661a6e-291b-42ab-a44e-7c1156e8c8e4', {'weight': 0.6666666666666666}), ('39885d17-11ef-4503-938a-25f4655b1de7', {'weight': 0.0}), ('14d7d93a-4d86-48d3-8aa9-e1ecd8773d3d', {'weight': 0.0}), ('06f1fae5-7ea3-4087-9976-c34cc5e9fefa', {'weight': 0.0}), ('acc2242d-bf7a-4c2f-9ee3-74bf2ba66353', {'weight': 0.4}), ('f0e66539-0f94-47cd-adb4-d2cab0e55efd', {'weight': 1.0}), ('b427df83-b160-4c76-bc07-a0534973dd5e', {'weight': 0.5}), ('8e57cc67-58ec-4de3-b7c5-f7e5d23f6495', {'weight': 0.0}), ('ebdfb2cc-1233-4aa6-bb86-dc9c71cab781', {'weight': 0.0}), ('d334323f-ec20-4264-a7a6-691ce4f9bd98', {'weight': 0.6666666666666666}), ('bf12593c-4d62-450f-a818-479844fab5c4', {'weight': 1.0}), ('40afb273-e547-4cea-8e0a-e73fb0d21ffb', {'weight': 0.0}), ('3ae92018-bc72-4db9-9b81-83576654e44f', {'weight': 0.0}), ('cb6e373e-d19b-4fcf-b13b-720745c7e22e', {'weight': 1.0}), ('bf64c166-8e42-4e22-939d-5b1159144448', {'weight': 1.0}), ('cc0757f7-16bc-4c30-be2d-02707ecaf8c4', {'weight': 1.0}), ('f95a43db-68c6-460a-868f-d770e7145b4a', {'weight': 0.0}), ('c982115b-3cb8-4f9f-95cf-b94835f7a6d1', {'weight': 0.0}), ('cfdcad0c-e984-4141-acc2-7a9f0d98478d', {'weight': 0.0}), ('e5c2999e-d3d4-408e-a5de-c53c897c0c8a', {'weight': 1.0}), ('a550d24c-c9ee-4eb3-b9a5-8a4f745fd21d', {'weight': 1.0}), ('5b3aeeb2-8176-4352-8ab1-a7e7ba2760f8', {'weight': 1.0}), ('760e8dda-2f8e-45d9-ba3f-dd3ec96c1e81', {'weight': 1.0}), ('972a0bf2-e7cd-429d-9ae8-d78acd1e2a26', {'weight': 0.0}), ('05d719e2-e859-4c29-8ac4-0aae89666dce', {'weight': 1.0}), ('494dd474-0006-4804-b91a-29880f6da000', {'weight': 0.0}), ('c0cd42d0-23c6-4d99-8f5e-c7b05524a54c', {'weight': 0.0}), ('4b9287a9-9d9a-4856-9928-9e6539665117', {'weight': 0.0}), ('68a396ca-ee61-4587-a8c5-daa3d2414c10', {'weight': 1.0}), ('6d0e9911-d827-44f7-814f-3f0a8b193d99', {'weight': 0.625}), ('f6db2935-f67b-4c95-b2c2-829308fe8ae7', {'weight': 1.0}), ('407b2327-c8c5-4533-a36a-189d2a6caaca', {'weight': 1.0}), ('403cdae9-2272-483f-b5be-0a20ab08926a', {'weight': 0.0}), ('e614ca08-2620-4b85-b8d6-186160ceac7c', {'weight': 0.0}), ('817fa9c5-167b-459b-8cf0-8100103cae7d', {'weight': 0.0}), ('44006620-1e60-42fc-8780-bd967680a41e', {'weight': 1.0}), ('976aa3ed-2d82-431d-8b94-d1461e497691', {'weight': 0.25}), ('363e47b7-6ac4-49b0-871f-76ca55cdcbbe', {'weight': 0.0}), ('ab3a2f59-ddfc-4b36-beda-9f40b9fe7cb4', {'weight': 0.5}), ('f24a2df5-1333-477b-84ea-ec468b745cce', {'weight': 0.0}), ('972912eb-62f6-4c07-b192-bcd9759a1829', {'weight': 0.0}), ('59d45240-68ba-4a39-89b2-b81c0d1150b6', {'weight': 0.0}), ('9b334bb4-a862-46d6-a471-f9b2b9d8824c', {'weight': 1.0}), ('e42d57ed-bfc6-4853-851d-fdff6f391891', {'weight': 0.0}), ('5969a94d-ab33-4aa1-9b6e-0c2a13b6364d', {'weight': 0.0}), ('035e5569-5dc2-416f-8b08-87542a3316cf', {'weight': 0.0}), ('3eb81166-828a-419f-bff0-ea01c60e3aa4', {'weight': 0.0}), ('3034daa1-2a30-42cc-9c2c-57a9dedf8f28', {'weight': 0.0}), ('7e43328c-3ba1-4de8-b7f1-48b96c327873', {'weight': 1.0}), ('bd1b4677-38e2-461f-98be-be2db3b98d06', {'weight': 0.3333333333333333}), ('de7cd395-5520-416c-826a-62bdd25e82ff', {'weight': 0.0}), ('ca78627d-f6e7-48f4-add1-2782e15befc3', {'weight': 1.0}), ('0dcf1329-ab43-4f76-afb8-94eacbd8dd03', {'weight': 1.0}), ('79dbcf00-9638-4641-96d6-82904e68640a', {'weight': 1.0}), ('0f02a7cc-11b8-4dee-ae71-44d6c242d086', {'weight': 1.0}), ('700221a9-3a54-4935-8d89-dd41a05c2cc1', {'weight': 0.0}), ('5d32f70b-6593-4d67-a644-37bc451d00b1', {'weight': 1.0}), ('133cfe89-f9ca-484b-bc29-8add52cf476b', {'weight': 0.0}), ('a3d510a4-73ef-4b19-8359-34db0a880b2c', {'weight': 0.0}), ('ceca8788-52ac-49a0-98b3-4cf20d2944ba', {'weight': 0.0}), ('a21b33af-ccce-4b00-8e93-3eb6d3ef382d', {'weight': 1.0}), ('c514dc05-f4c2-4f33-990d-8e17cad8b45a', {'weight': 1.0}), ('d41e338c-ae5e-4f67-b290-d5f70ec4011a', {'weight': 0.0}), ('dba01161-715e-42e4-9084-31549e36fde9', {'weight': 0.0}), ('0f70d32b-9824-48c1-abf3-968bcdbc2999', {'weight': 0.0}), ('a5b90c8e-d1c0-46e3-af69-00665db83c89', {'weight': 0.0}), ('df876f3a-8376-4c6e-9c43-30bc501dfd3b', {'weight': 0.0}), ('c6768823-5c21-41a8-92e8-78b676ad850c', {'weight': 0.0}), ('c6124a6c-7de5-4fe6-8df5-a01f4b27d353', {'weight': 1.0}), ('7797904c-ff45-4b17-809f-6bbed12be064', {'weight': 1.0}), ('03022723-e74f-4072-aa1c-c0be9aa7cbf5', {'weight': 0.0})]
('e62cea34-5174-4cfd-a59d-7ebea8b78dca', {'weight': 0.75})
{'weight': 0.75}
{'H04L63/1458': {'weight': 6}, 'H04L63/1491': {'weight': 2}}
