/cluster/raid/home/michael.tsesmelis/SideProject/network_analysis.py:113: SettingWithCopyWarning: 
A value is trying to be set on a copy of a slice from a DataFrame.
Try using .loc[row_indexer,col_indexer] = value instead

See the caveats in the documentation: https://pandas.pydata.org/pandas-docs/stable/user_guide/indexing.html#returning-a-view-versus-a-copy
  assignee_df[assignee_df['ID'] == node[0]]['impact'] = impact
/cluster/raid/home/michael.tsesmelis/SideProject/network_analysis.py:114: SettingWithCopyWarning: 
A value is trying to be set on a copy of a slice from a DataFrame.
Try using .loc[row_indexer,col_indexer] = value instead

See the caveats in the documentation: https://pandas.pydata.org/pandas-docs/stable/user_guide/indexing.html#returning-a-view-versus-a-copy
  assignee_df[assignee_df['ID'] == node[0]]['normalised impact'] = impact/length
Traceback (most recent call last):
  File "main.py", line 125, in <module>
    managerial_layer()
  File "main.py", line 121, in managerial_layer
    unfold_network(cpc_time_series, tensors, topical_patents[:2]) 
  File "/cluster/raid/home/michael.tsesmelis/SideProject/network_analysis.py", line 157, in unfold_network
    assignee_df = network_indices(cpc_nodes, assignee_nodes, edges, assignee_df)
  File "/cluster/raid/home/michael.tsesmelis/SideProject/network_analysis.py", line 118, in network_indices
    centrality = nx.katz_centrality(network, 1 / phi - 0.01)
  File "/cluster/raid/home/michael.tsesmelis/SideProject/lib/python3.8/site-packages/networkx/utils/decorators.py", line 795, in func
    return argmap._lazy_compile(__wrapper)(*args, **kwargs)
  File "<class 'networkx.utils.decorators.argmap'> compilation 4", line 4, in argmap_katz_centrality_1
  File "/cluster/raid/home/michael.tsesmelis/SideProject/lib/python3.8/site-packages/networkx/algorithms/centrality/katz.py", line 193, in katz_centrality
    raise nx.PowerIterationFailedConvergence(max_iter)
networkx.exception.PowerIterationFailedConvergence: (PowerIterationFailedConvergence(...), 'power iteration failed to converge within 1000 iterations')
