/cluster/raid/home/michael.tsesmelis/SideProject/network_analysis.py:114: SettingWithCopyWarning: 
A value is trying to be set on a copy of a slice from a DataFrame.
Try using .loc[row_indexer,col_indexer] = value instead

See the caveats in the documentation: https://pandas.pydata.org/pandas-docs/stable/user_guide/indexing.html#returning-a-view-versus-a-copy
  assignee_df[assignee_df['ID'] == node[0]]['impact'] = impact
/cluster/raid/home/michael.tsesmelis/SideProject/network_analysis.py:115: SettingWithCopyWarning: 
A value is trying to be set on a copy of a slice from a DataFrame.
Try using .loc[row_indexer,col_indexer] = value instead

See the caveats in the documentation: https://pandas.pydata.org/pandas-docs/stable/user_guide/indexing.html#returning-a-view-versus-a-copy
  assignee_df[assignee_df['ID'] == node[0]]['normalised impact'] = impact/length
/cluster/raid/home/michael.tsesmelis/SideProject/network_analysis.py:122: SettingWithCopyWarning: 
A value is trying to be set on a copy of a slice from a DataFrame.
Try using .loc[row_indexer,col_indexer] = value instead

See the caveats in the documentation: https://pandas.pydata.org/pandas-docs/stable/user_guide/indexing.html#returning-a-view-versus-a-copy
  assignee_df[assignee_df['ID'] == node]['influence'] = centrality_measure
/cluster/raid/home/michael.tsesmelis/SideProject/network_analysis.py:114: SettingWithCopyWarning: 
A value is trying to be set on a copy of a slice from a DataFrame.
Try using .loc[row_indexer,col_indexer] = value instead

See the caveats in the documentation: https://pandas.pydata.org/pandas-docs/stable/user_guide/indexing.html#returning-a-view-versus-a-copy
  assignee_df[assignee_df['ID'] == node[0]]['impact'] = impact
/cluster/raid/home/michael.tsesmelis/SideProject/network_analysis.py:115: SettingWithCopyWarning: 
A value is trying to be set on a copy of a slice from a DataFrame.
Try using .loc[row_indexer,col_indexer] = value instead

See the caveats in the documentation: https://pandas.pydata.org/pandas-docs/stable/user_guide/indexing.html#returning-a-view-versus-a-copy
  assignee_df[assignee_df['ID'] == node[0]]['normalised impact'] = impact/length
/cluster/raid/home/michael.tsesmelis/SideProject/network_analysis.py:122: SettingWithCopyWarning: 
A value is trying to be set on a copy of a slice from a DataFrame.
Try using .loc[row_indexer,col_indexer] = value instead

See the caveats in the documentation: https://pandas.pydata.org/pandas-docs/stable/user_guide/indexing.html#returning-a-view-versus-a-copy
  assignee_df[assignee_df['ID'] == node]['influence'] = centrality_measure
Traceback (most recent call last):
  File "main.py", line 125, in <module>
    managerial_layer()
  File "main.py", line 121, in managerial_layer
    unfold_network(cpc_time_series, tensors, topical_patents[:2]) 
  File "/cluster/raid/home/michael.tsesmelis/SideProject/network_analysis.py", line 147, in unfold_network
    assignee_df = assignee_index(topical_assignees, tensors["assignee"])
  File "/cluster/raid/home/michael.tsesmelis/SideProject/network_analysis.py", line 76, in assignee_index
    assignees_df['emergingness'] = assignees_df.apply(lambda row: sum(topical_assignees[row['ID']]['emergingness']) / row['count'], axis=1)
  File "/cluster/raid/home/michael.tsesmelis/SideProject/lib/python3.8/site-packages/pandas/core/frame.py", line 3602, in __setitem__
    self._set_item_frame_value(key, value)
  File "/cluster/raid/home/michael.tsesmelis/SideProject/lib/python3.8/site-packages/pandas/core/frame.py", line 3729, in _set_item_frame_value
    raise ValueError("Columns must be same length as key")
ValueError: Columns must be same length as key
