/cluster/raid/home/michael.tsesmelis/SideProject
3. Finished preparing data (2022-02-11 17:46:07.098736)
4. Running job ['cyber', 'honeypot', 'cybersecurity'] (2022-02-11 17:46:07.099067)
5. Finding topical patents (2022-02-11 17:46:07.099082)
['10757132', '9544326', '11032310', '9985987', '10701089', '10623436', '10949534', '10897712', '7865732', '9280911', '10135855', '10594729', '10990432', '10541954', '10986130', '10542015', '7694339', '9699209', '9705899', '9537887', '10107014', '10609061', '8707180', '10826939', '10372915', '9094449', '10641585', '8601587', '10135867', '10181038', '10686825', '9350754', '8413241', '8683589', '8832808', '10958685', '8826401', '10826925', '9749343', '9774616', '10820198', '10867034', '9379912', '10326776', '10515564', '11050778', '10110629', '9648029', '9954897', '10313382', '10862919', '9906538', '9774626', '9910993', '8856231', '10171488', '10430588', '10848515', '8843953', '10218736', '9930061', '6947405', '8776226', '10404729', '10614401', '8726393', '10412078', '10268976', '10439884', '10505953', '10986129', '9552470', '10601856', '10262143', '10380335', '7950060', '10614214', '7949710', '11038920', '9680857', '10803182', '10623416', '10116994', '9602536', '10404737', '8782141', '9159246', '10503899', '10419480', '9178899', '8869133', '10320827', '10979391', '9245116', '9996692', '10728265', '10798125', '9697352', '11032319', '10542046', '10728239', '10686807', '9270690', '10122751', '10992706', '10904282', '10560467', '7904958', '9602529', '9210185', '10695884', '10217071', '10498763', '6676477', '11037083', '10938842', '10601853', '10931702', '9762605', '9712553', '11036865', '10979448', '10491619', '10333974', '10298609', '8099460', '9178897', '10826324', '10298608', '10742667', '10438155', '10404748', '9258321', '9712547', '9635016', '10474470', '10367841', '9942245', '9794283', '10728019', '10887334', '10412117', '7962756', '10454958', '10447734', '9357397', '10791139', '10859622', '10616265', '10560483', '8583583', '9497161', '10812517', '10158653', '10554412', '10182065', '7856405', '9319414', '10681068', '10992699', '10798065', '10915217', '6981146', '10929541', '9979621', '10235523', '8787928', '10721262', '10904283', '10826931', '10511621', '10346395', '10063583', '10685115', '10542013', '8943594', '10129290', '10791136', '10033754', '9509716', '9521163', '10412100', '10516698', '9537884', '9558677', '8181250', '10862925', '10685293', '8621637', '10454894', '9171167', '8374626', '9392013', '10075474', '10171510', '9930062', '10951651', '10616270', '10972256', '9501645', '10951662', '10944795', '10440055', '10348752', '10372910', '10979454', '10476678', '10956566', '7904959', '9509712', '9104516', '10943097', '10284598', '9501647', '10021119', '8762188', '10897473', '10002374', '10764334', '9008617', '9817969', '10418008', '10986117', '8479288', '10924481', '10887325', '10625694', '10515328', '10778714', '9374382', '10423787', '10812499', '9253203', '10581897', '8515881', '10692365', '8528092', '8667582', '10635838', '10103890', '10003609', '8608644', '7676841', '10860460', '10902114', '9135306', '10462139', '8266701', '10587647', '10193923', '9319420', '10497071', '9838427', '10050989', '9503472', '10990916', '10666792', '10469527', '7930256', '9560075', '10681074', '10943693', '11012463', '9338175', '9596256', '10148678', '10867512', '10880337', '10043197', '10938795', '10243993', '10958684', '10348747', '9544724', '10484411', '9614863', '9137242', '11012417', '10574697', '10963572', '10061635', '10142365', '9298925', '9137241', '10243998', '10205734', '9373144', '10878084', '10581877', '10903871', '10270798', '10915641', '9876811', '10178060', '10977587', '9083741', '9253181', '10671957', '8800037', '9635025', '8977843', '10546135', '10616253', '9584537', '10498756', '10986128', '10511446', '8516596', '10222405', '9392003', '8443446', '10063568', '10735456', '10708282', '10320820', '8914880', '10853883', '9591009', '10593311', '8732807', '10021136', '10320619', '11050714', '10592938', '11019063', '10986090', '10812510', '10242193', '7917593', '9426169', '10728261', '5590197', '9767279', '10063580', '10623437', '10678954', '10686841', '9749347', '10949784', '10999316', '10277622', '10965758', '10958670', '9578055', '9241008', '8826231', '9954884', '10932135', '9373267', '10050990', '10903933', '10929529', '10425438', '10291642', '10708271', '10812519', '10277629', '8732296', '10509373', '9531669', '10986126', '10056005', '10681079', '7159180', '10681061', '10348757', '10291650', '9473526', '10311360', '6263318', '10924510', '11012448', '9781149', '10091220', '11050779', '9300682', '10075475', '10523642', '10812504', '9117076', '9661006', '9203859', '11012414', '10805317', '10594714', '10572659', '9894036', '8191149', '10805343', '10587651', '9596266', '11031135', '9544047', '10419468', '10116690', '7457780', '10311245', '10609079', '11005869', '9363278', '10764313', '10264012', '9965133', '10944639', '9614872', '8443439', '10518162', '9882918', '10250619', '10404735', '10410158', '8156541', '10511635', '11003773', '11025674', '10037546', '9542919', '10237351', '10523609', '10719622', '10708304', '10659490', '9485276', '10438001', '9027126', '9166981', '9824609', '10505853', '9251509', '9185124', '10749875', '10419474', '9032521', '9350758', '11005839', '8769649', '10979453', '10581894', '9584541', '10887346', '10986112', '8588823', '10681066', '9660996', '10502572', '10706746', '9306965', '10949543', '10205733', '10262133', '10630713', '9923922', '10027705', '10970188', '7756933', '10992708', '9646588', '11010469', '10839076', '10097581', '9398029', '8701174', '11019038', '10778701', '8595831', '11005860', '10735466', '9641550', '9305106', '10367839', '10862926', '10469518', '7934258', '10296748', '10791144', '10257100', '10884044', '10885133', '10505972', '10931660', '9729507', '10673887', '9870715', '7328187', '10791140', '9602530', '9923915', '7383578', '7149937', '10264004', '10003598', '10454963', '10079850', '10154046', '9998426', '8793790', '10812351', '8286225', '10097577', '10817750', '9807109', '7937765', '8677484', '8752174', '9177139', '9866575', '8769267', '10530808', '9521160', '11036853', '10929539', '9840212', '10630726', '10193919', '9614669', '10248522', '10958672', '8150783', '10176320', '9129108', '10366229', '10432660', '9118702', '10645118', '10606991', '10387657', '8893281', '10404672', '10999653', '7412723', '9697355', '11023585', '9800604', '10148686', '10778708', '10812516', '9875360', '9756062', '10382474', '10546276', '8832794', '8640238', '10938854', '10341376', '10498759', '9690932', '8549642', '6330491', '10944778', '10911482', '10599838', '7559079', '10691795', '10848517', '10462181', '9092631', '10397259', '9049226', '10917428', '8627060', '10257226', '10963910', '9813454', '10135236', '10248910', '10862901', '10162969', '10218731', '10681071', '10708291', '10491624', '8434136', '9118714', '10896261', '10339321', '10586052', '10885393', '10237297', '10440119', '10333898', '9367694', '9621569', '10789373', '9479507', '9930058', '10742658', '9294498', '11038919', '10523695', '8799189', '10339837', '9990660', '9503420', '10230764', '10897483', '10212184', '9749344', '9616828', '10238948', '9224067', '10127160', '9521120', '10516680']
6. Unfolding network (2022-02-11 17:49:12.079884)
6.1 Finding topical clusters (2022-02-11 17:49:12.079940)
6.2 Finding topical assignees (2022-02-11 17:49:12.079967)
6.2.1 Finding topical assignees for cluster G09B19/0038 (2022-02-11 17:49:12.079976)
10896625: no assignee
10814197: no assignee
10898776: no assignee
10953300: no assignee
10783675: no assignee
10706962: no assignee
10783674: no assignee
10789708: no assignee
11033792: no assignee
10991131: no assignee
10881941: no assignee
11045688: no assignee
10751572: no assignee
10888762: no assignee
10737165: no assignee
10751570: no assignee
11011072: no assignee
10918924: no assignee
10873837: no assignee
10846891: no assignee
10839566: no assignee
10758778: no assignee
10846890: no assignee
10789590: no assignee
10803769: no assignee
10997751: no assignee
10780319: no assignee
10967221: no assignee
10888760: no assignee
10987543: no assignee
6.2.1 Finding topical assignees for cluster G06Q10/06398 (2022-02-11 17:49:12.081204)
10706962: no assignee
10719892: no assignee
10762463: no assignee
10977598: no assignee
10733561: no assignee
10885487: no assignee
11037086: no assignee
10846629: no assignee
6.2.1 Finding topical assignees for cluster H04L63/1433 (2022-02-11 17:49:12.082454)
10872341: no assignee
10820194: no assignee
10911494: no assignee
10805018: no assignee
10938816: no assignee
10708040: no assignee
10841281: no assignee
10951644: no assignee
10860721: no assignee
10969982: no assignee
10749891: no assignee
11019085: no assignee
10862597: no assignee
6.2.1 Finding topical assignees for cluster G09B9/003 (2022-02-11 17:49:12.087473)
10825349: no assignee
10713967: no assignee
10890964: no assignee
11004353: no assignee
6.2.1 Finding topical assignees for cluster F41H11/00 (2022-02-11 17:49:12.087614)
10877142: no assignee
10703451: no assignee
10840000: no assignee
6.2.1 Finding topical assignees for cluster H04L63/1441 (2022-02-11 17:49:12.087692)
10911494: no assignee
10873458: no assignee
11012229: no assignee
11030301: no assignee
10949566: no assignee
10887215: no assignee
10810212: no assignee
6.2.1 Finding topical assignees for cluster H04L63/1416 (2022-02-11 17:49:12.090854)
10931677: no assignee
10904259: no assignee
10805018: no assignee
10911463: no assignee
10873578: no assignee
11038896: no assignee
10860832: no assignee
10911482: no assignee
11019055: no assignee
10966091: no assignee
10839052: no assignee
10764324: no assignee
11019085: no assignee
11005841: no assignee
10862597: no assignee
11044268: no assignee
6.4 Getting nodes and edges (2022-02-11 17:49:12.095176)
6.5 Calculating Technology Index (2022-02-11 17:49:12.095968)
6.6 Calculating Assignee Index (2022-02-11 17:49:13.165941)
