Traceback (most recent call last):
  File "main.py", line 125, in <module>
    managerial_layer()
  File "main.py", line 121, in managerial_layer
    unfold_network(cpc_time_series, tensors, topical_patents) 
  File "/cluster/raid/home/michael.tsesmelis/SideProject/network_analysis.py", line 151, in unfold_network
    clusters_df = technology_index(topical_clusters, cpc_time_series, tensors["cpc_sub_patent"])
  File "/cluster/raid/home/michael.tsesmelis/SideProject/network_analysis.py", line 58, in technology_index
    clusters_df['tech index'] = clusters_df['CPC'].apply(calculate_technology_index)
  File "/cluster/raid/home/michael.tsesmelis/SideProject/lib/python3.8/site-packages/pandas/core/series.py", line 4357, in apply
    return SeriesApply(self, func, convert_dtype, args, kwargs).apply()
  File "/cluster/raid/home/michael.tsesmelis/SideProject/lib/python3.8/site-packages/pandas/core/apply.py", line 1043, in apply
    return self.apply_standard()
  File "/cluster/raid/home/michael.tsesmelis/SideProject/lib/python3.8/site-packages/pandas/core/apply.py", line 1098, in apply_standard
    mapped = lib.map_infer(
  File "pandas/_libs/lib.pyx", line 2859, in pandas._libs.lib.map_infer
  File "/cluster/raid/home/michael.tsesmelis/SideProject/network_analysis.py", line 55, in calculate_technology_index
    return np.prod(deltas)
  File "<__array_function__ internals>", line 180, in prod
  File "/cluster/raid/home/michael.tsesmelis/SideProject/lib/python3.8/site-packages/numpy/core/fromnumeric.py", line 3088, in prod
    return _wrapreduction(a, np.multiply, 'prod', axis, dtype, out,
  File "/cluster/raid/home/michael.tsesmelis/SideProject/lib/python3.8/site-packages/numpy/core/fromnumeric.py", line 86, in _wrapreduction
    return ufunc.reduce(obj, axis, dtype, out, **passkwargs)
TypeError: unsupported operand type(s) for *: 'float' and 'NoneType'
