/cluster/raid/home/michael.tsesmelis/SideProject
3. Finished preparing data (2022-02-11 15:41:31.052850)
4. Running job ['cyber', 'honeypot', 'cybersecurity'] (2022-02-11 15:41:31.053167)
5. Finding topical patents (2022-02-11 15:41:31.053183)
['10404672', '10311360', '10454963', '10021119', '10812516', '10887334', '9251509', '10484411', '11036853', '10181038', '10701089', '10063580', '10182065', '10695884', '9807109', '10686807', '10341376', '10135236', '9614872', '7917593', '10897483', '10791139', '10673887', '10986090', '10291642', '8977843', '7904958', '10944795', '11003773', '10862901', '10462181', '10311245', '10708271', '10380335', '8726393', '9092631', '7457780', '9392003', '10924510', '10839076', '9521120', '10348757', '11012414', '10635838', '10867034', '9813454', '9118702', '11010469', '9501647', '10979448', '9614669', '10826324', '10885393', '11025674', '9923922', '10958685', '10205734', '9531669', '9840212', '11019063', '10938854', '10515328', '7383578', '10903933', '9660996', '10218736', '9473526', '8515881', '9712547', '10728019', '9990660', '10037546', '8443446', '10614401', '8914880', '10333898', '10812499', '9503472', '10979453', '10469527', '8627060', '10623436', '11005869', '9756062', '10122751', '10546135', '10826931', '9621569', '10965758', '10625694', '10958670', '10986130', '9166981', '10686841', '10791140', '8601587', '10097581', '10382474', '10884044', '10498759', '9641550', '10708291', '10491624', '8528092', '10681068', '10237351', '10757132', '10205733', '10277622', '10915217', '9875360', '10043197', '10346395', '11050778', '10462139', '9596266', '10929541', '10990432', '9635025', '10778708', '10616265', '8583583', '10523695', '9117076', '10372915', '10986128', '10511621', '10178060', '9338175', '8793790', '7676841', '10778714', '9616828', '10515564', '9602530', '10440055', '8434136', '10878084', '10491619', '9426169', '10606991', '8732296', '10509373', '8843953', '10671957', '10474470', '10079850', '10581894', '7865732', '10523642', '11036865', '10897712', '8549642', '11038920', '7962756', '10742658', '8443439', '10887346', '10516680', '10594729', '9578055', '8640238', '10601853', '8621637', '10432660', '10572659', '10951662', '9118714', '10860460', '10497071', '10021136', '10542015', '9552470', '10367841', '9253181', '8701174', '9537884', '8856231', '9800604', '10423787', '10148678', '6676477', '10789373', '9008617', '9294498', '10222405', '9544724', '10932135', '8150783', '10798125', '10820198', '10812519', '9185124', '10003598', '10298608', '9894036', '10979454', '10764334', '11032310', '10848515', '9319414', '10616253', '10593311', '10235523', '9379912', '10257100', '10397259', '9560075', '11032319', '8869133', '10749875', '10963572', '9367694', '9596256', '9646588', '10990916', '9300682', '9774616', '10958672', '10630726', '10546276', '7904959', '9635016', '10817750', '10685293', '8799189', '10056005', '8413241', '6263318', '10623416', '10412100', '10372910', '10735466', '11031135', '9584541', '10103890', '10641585', '9049226', '10999316', '9690932', '10887325', '9542919', '8608644', '10956566', '10685115', '10339321', '10430588', '8181250', '10142365', '10951651', '11050779', '10587647', '10367839', '10678954', '8769267', '9137241', '10721262', '10719622', '7149937', '10938842', '9135306', '9027126', '10862919', '10944778', '9584537', '10002374', '9697352', '9129108', '10848517', '10217071', '8769649', '7412723', '9083741', '9501645', '10193919', '8588823', '8374626', '10609079', '10050989', '10110629', '10530808', '10242193', '10963910', '10587651', '10986117', '10033754', '10248910', '8266701', '10897473', '6947405', '10986126', '9241008', '10826939', '10148686', '10412078', '10574697', '10812517', '10264012', '9392013', '9661006', '9749343', '9882918', '8832808', '9774626', '10742667', '9762605', '10791136', '10419480', '10666792', '11005839', '10116994', '9159246', '10366229', '9374382', '9298925', '10915641', '9712553', '10859622', '9104516', '10812504', '10505853', '10476678', '9998426', '10404735', '10728239', '10075474', '10270798', '10979391', '10438155', '9602536', '8707180', '9729507', '8800037', '10116690', '9544326', '9930058', '7937765', '10917428', '10498763', '9521163', '10250619', '9203859', '10958684', '10061635', '10977587', '10601856', '9171167', '10107014', '8286225', '10404748', '10949784', '9705899', '9954897', '8826401', '10581877', '10003609', '9923915', '8762188', '9942245', '9306965', '8683589', '10630713', '8832794', '8943594', '10880337', '10505953', '9767279', '10518162', '8099460', '10218731', '9558677', '10387657', '9838427', '10419468', '10896261', '11012448', '9357397', '9930062', '10902114', '10862925', '10339837', '9270690', '10659490', '8677484', '9245116', '9373144', '10498756', '9824609', '10686825', '8893281', '10594714', '10599838', '9996692', '10469518', '8595831', '10326776', '9253203', '11005860', '10581897', '9224067', '10970188', '10264004', '9699209', '10440119', '10503899', '10425438', '11012417', '10238948', '8479288', '9985987', '9521160', '9350754', '10812510', '10862926', '10091220', '10313382', '10853883', '10903871', '10268976', '9680857', '10171510', '10616270', '10050990', '10230764', '9954884', '10681066', '10262143', '10681079', '10248522', '10237297', '9648029', '10904282', '9906538', '10791144', '9363278', '10931660', '10999653', '9614863', '9137242', '9509716', '10992706', '10291650', '10708304', '10418008', '10404729', '10296748', '10681061', '10154046', '10063568', '10609061', '10284598', '10320827', '10447734', '10812351', '9749344', '10764313', '9373267', '7159180', '8782141', '9965133', '10944639', '10541954', '10728261', '10681074', '10560483', '10410158', '10511635', '10439884', '9210185', '7694339', '10193923', '10516698', '10560467', '10320820', '10706746', '10135855', '10162969', '10542013', '9094449', '10949534', '10826925', '10511446', '10885133', '10992708', '10614214', '10949543', '10986129', '8752174', '11050714', '9509712', '10929529', '7559079', '9602529', '7934258', '10027705', '10972256', '8787928', '10708282', '9319420', '10523609', '9178897', '10333974', '9591009', '9537887', '7856405', '7949710', '10691795', '10171488', '10554412', '10438001', '10992699', '11038919', '9497161', '11019038', '10623437', '7950060', '9697355', '9398029', '10586052', '6981146', '9032521', '7930256', '8191149', '9866575', '10931702', '9876811', '10805317', '10798065', '10063583', '9178899', '10262133', '10805343', '10728265', '10502572', '8776226', '10419474', '10129290', '10298609', '11012463', '10681071', '10212184', '10135867', '10929539', '9870715', '9258321', '10542046', '10243993', '9280911', '8826231', '10176320', '10692365', '10348752', '10257226', '9749347', '10158653', '10911482', '9979621', '9794283', '10735456', '8516596', '8156541', '10404737', '9910993', '10075475', '10645118', '9544047', '11037083', '10348747', '6330491', '9817969', '8732807', '10454958', '10867512', '9479507', '10943693', '9503420', '11023585', '9930061', '10412117', '9485276', '7328187', '10943097', '10592938', '10127160', '10097577', '5590197', '9781149', '8667582', '10320619', '9177139', '10986112', '10243998', '9350758', '10505972', '7756933', '10938795', '10454894', '10277629', '10778701', '10924481', '10904283', '10803182', '9305106']
6. Unfolding network (2022-02-11 15:44:37.663565)
6.1 Finding topical clusters (2022-02-11 15:44:37.663620)
['G06F16/217', 'G06N3/006', 'G06N5/022', 'H04L63/1433', 'H04L63/083', 'G06F16/24553', 'H04L63/06', 'G06N20/00']
6.2 Finding topical assignees (2022-02-11 15:44:37.663654)
6.2.1 Finding topical assignees for cluster G06F16/217 (2022-02-11 15:44:37.663663)
11003628: no assignee
6.2.1 Finding topical assignees for cluster G06N3/006 (2022-02-11 15:44:37.664457)
10923234: no assignee
10776696: no assignee
10733558: no assignee
11032423: no assignee
10872289: no assignee
10791987: no assignee
10909441: no assignee
10748663: no assignee
10922850: no assignee
10776121: no assignee
11019087: no assignee
10853579: no assignee
10991142: no assignee
6.2.1 Finding topical assignees for cluster G06N5/022 (2022-02-11 15:44:37.668455)
11010614: no assignee
11010674: no assignee
11023809: no assignee
10922363: no assignee
10739149: no assignee
10706741: no assignee
10810509: no assignee
10878326: no assignee
10977332: no assignee
10733350: no assignee
10853579: no assignee
6.2.1 Finding topical assignees for cluster H04L63/1433 (2022-02-11 15:44:37.673704)
10872341: no assignee
10820194: no assignee
10911494: no assignee
10805018: no assignee
10938816: no assignee
10708040: no assignee
10841281: no assignee
10951644: no assignee
10860721: no assignee
10969982: no assignee
10749891: no assignee
11019085: no assignee
10862597: no assignee
6.2.1 Finding topical assignees for cluster H04L63/083 (2022-02-11 15:44:37.678342)
10726405: no assignee
10819697: no assignee
10885215: no assignee
10728732: no assignee
10867700: no assignee
11017353: no assignee
10826912: no assignee
10938790: no assignee
10783230: no assignee
11044247: no assignee
11010464: no assignee
10873458: no assignee
10963979: no assignee
10992782: no assignee
10820198: no assignee
10706421: no assignee
10958658: no assignee
10880331: no assignee
10739149: no assignee
10992646: no assignee
10929509: no assignee
10834073: no assignee
11044604: no assignee
10931667: no assignee
10728711: no assignee
11038896: no assignee
10959090: no assignee
10764056: no assignee
10911440: no assignee
10708776: no assignee
10827352: no assignee
10761084: no assignee
10958732: no assignee
10834072: no assignee
10742626: no assignee
10825345: no assignee
10771250: no assignee
10986089: no assignee
10708273: no assignee
10848489: no assignee
10944746: no assignee
10872135: no assignee
10798132: no assignee
10820285: no assignee
10902469: no assignee
6.2.1 Finding topical assignees for cluster G06F16/24553 (2022-02-11 15:44:37.684228)
6.2.1 Finding topical assignees for cluster H04L63/06 (2022-02-11 15:44:37.684740)
11025714: no assignee
10812324: no assignee
10742634: no assignee
10992471: no assignee
10855465: no assignee
10909254: no assignee
10999258: no assignee
10892047: no assignee
10771250: no assignee
10841301: no assignee
6.2.1 Finding topical assignees for cluster G06N20/00 (2022-02-11 15:44:37.686772)
10867586: no assignee
10854336: no assignee
10931677: no assignee
10999059: no assignee
10997621: no assignee
10852134: no assignee
11010614: no assignee
10905337: no assignee
10839452: no assignee
10740716: no assignee
10957083: no assignee
10962955: no assignee
10984477: no assignee
10943173: no assignee
10891587: no assignee
10803375: no assignee
10997195: no assignee
10726535: no assignee
10812992: no assignee
10896034: no assignee
10912615: no assignee
10748081: no assignee
10977336: no assignee
10825303: no assignee
10872341: no assignee
10991463: no assignee
10904259: no assignee
10734096: no assignee
10797718: no assignee
10722180: no assignee
10936700: no assignee
10748215: no assignee
10733558: no assignee
10825084: no assignee
11002513: no assignee
11032423: no assignee
10936962: no assignee
10733156: no assignee
10929715: no assignee
10949259: no assignee
11024276: no assignee
10942989: no assignee
11010848: no assignee
10769463: no assignee
10970321: no assignee
10915828: no assignee
10817958: no assignee
10990893: no assignee
10831585: no assignee
10713601: no assignee
10838936: no assignee
10783225: no assignee
10911463: no assignee
10739149: no assignee
10724830: no assignee
10873578: no assignee
11010679: no assignee
11037024: no assignee
10832172: no assignee
10739852: no assignee
10817787: no assignee
10729118: no assignee
10791353: no assignee
10810481: no assignee
10832656: no assignee
11000118: no assignee
11012480: no assignee
10763893: no assignee
10966377: no assignee
10909573: no assignee
10984423: no assignee
10861097: no assignee
10984450: no assignee
11012381: no assignee
10846592: no assignee
10749915: no assignee
11012927: no assignee
10796279: no assignee
10992488: no assignee
10884705: no assignee
10832262: no assignee
10857460: no assignee
10909441: no assignee
10719896: no assignee
10748663: no assignee
11030577: no assignee
10943693: no assignee
11017323: no assignee
10922572: no assignee
10839454: no assignee
10942990: no assignee
10911482: no assignee
10948210: no assignee
11019055: no assignee
10755291: no assignee
10891518: no assignee
10776121: no assignee
11042980: no assignee
10983760: no assignee
10740563: no assignee
10780271: no assignee
10902334: no assignee
10888735: no assignee
10857426: no assignee
10877975: no assignee
10893466: no assignee
11045271: no assignee
10747796: no assignee
10810509: no assignee
10878691: no assignee
10878330: no assignee
10776615: no assignee
10762198: no assignee
10848508: no assignee
10733561: no assignee
10960266: no assignee
11005841: no assignee
10846622: no assignee
10846777: no assignee
10729119: no assignee
10950338: no assignee
10997703: no assignee
10861076: no assignee
10909630: no assignee
11032624: no assignee
10872204: no assignee
10729351: no assignee
11010345: no assignee
11043307: no assignee
10734105: no assignee
10976730: no assignee
10915836: no assignee
10991142: no assignee
10796456: no assignee
6.4 Getting nodes and edges (2022-02-11 15:44:37.719686)
There are 2637 edges
6.5 Calculating Technology Index (2022-02-11 15:44:37.722854)
6.6 Calculating Assignee Index (2022-02-11 15:44:38.791578)
6.7 Calculating Impact Index (2022-02-11 15:44:38.798501)
6.4 Creating graph (2022-02-11 15:44:38.798517)
