/cluster/raid/home/michael.tsesmelis/SideProject
1. Loading tensors (2022-02-09 11:24:31.007714)
2. Preparing CPC clusters (2022-02-09 11:27:37.593064)
2.1 Preparing dataframe (2022-02-09 11:27:37.593309)
2.1.1 Generating empty frame (2022-02-09 11:27:37.593318)
2.2 Calculating indicators (2022-02-09 11:27:49.900486)
2.2.1 Calculating emergingness for entire dataframe (2022-02-09 11:27:49.978828)
0.25    0.0
0.50    1.0
0.75    4.0
Name: forward_citations, dtype: float64
0: 1943763
1: 1208193
2: 787581
3: 525339
4: 361738
5: 257006
6: 187409
7: 140415
8: 107303
9: 84154
10+:  470682
2.2.1.0.1 Balancing dataset (2022-02-09 11:27:55.676884)
2.2.1.0.2 Output values for dataset (2022-02-09 11:27:56.192797)
0.0    5000
1.0    5000
Name: output, dtype: int64
2.2.1.1 One hot encoding the datasets (2022-02-09 11:27:56.380585)
['date' 'forward_citations' 'CTO' 'PK' 'SK' 'TCT' 'TS' 'PCD' 'COL' 'INV'
 'TKH' 'CKH' 'TTS' 'CTS' 'output' 'A01B' 'A01C' 'A01D' 'A01F' 'A01G'
 'A01H' 'A01J' 'A01K' 'A01L' 'A01M' 'A01N' 'A21B' 'A21C' 'A21D' 'A22B'
 'A22C' 'A23B' 'A23C' 'A23D' 'A23F' 'A23G' 'A23J' 'A23K' 'A23L' 'A23N'
 'A23P' 'A23V' 'A24B' 'A24D' 'A24F' 'A41B' 'A41C' 'A41D' 'A41G' 'A42B'
 'A43B' 'A43C' 'A43D' 'A44B' 'A44C' 'A45B' 'A45C' 'A45D' 'A45F' 'A46B'
 'A46D' 'A47B' 'A47C' 'A47D' 'A47F' 'A47G' 'A47H' 'A47J' 'A47K' 'A47L'
 'A61B' 'A61C' 'A61F' 'A61G' 'A61H' 'A61J' 'A61K' 'A61L' 'A61M' 'A61N'
 'A61P' 'A61Q' 'A62B' 'A62C' 'A62D' 'A63B' 'A63C' 'A63D' 'A63F' 'A63G'
 'A63H' 'A63J' 'A63K' 'B01D' 'B01F' 'B01J' 'B01L' 'B02B' 'B02C' 'B03B'
 'B03C' 'B04B' 'B04C' 'B05B' 'B05C' 'B05D' 'B06B' 'B07B' 'B07C' 'B08B'
 'B09B' 'B09C' 'B21B' 'B21C' 'B21D' 'B21F' 'B21H' 'B21J' 'B21K' 'B22C'
 'B22D' 'B22F' 'B23B' 'B23C' 'B23D' 'B23H' 'B23K' 'B23P' 'B23Q' 'B24B'
 'B24D' 'B25B' 'B25C' 'B25D' 'B25F' 'B25G' 'B25H' 'B25J' 'B26B' 'B26D'
 'B26F' 'B27B' 'B27D' 'B27G' 'B27L' 'B27M' 'B27N' 'B28B' 'B28D' 'B29B'
 'B29C' 'B29D' 'B29K' 'B29L' 'B30B' 'B31B' 'B31D' 'B31F' 'B32B' 'B33Y'
 'B41C' 'B41F' 'B41J' 'B41L' 'B41M' 'B41N' 'B41P' 'B42C' 'B42D' 'B42F'
 'B42P' 'B43K' 'B43L' 'B43M' 'B44C' 'B44D' 'B44F' 'B60B' 'B60C' 'B60D'
 'B60G' 'B60H' 'B60J' 'B60K' 'B60L' 'B60N' 'B60P' 'B60Q' 'B60R' 'B60S'
 'B60T' 'B60W' 'B60Y' 'B61B' 'B61C' 'B61D' 'B61F' 'B61J' 'B61K' 'B61L'
 'B62B' 'B62D' 'B62H' 'B62J' 'B62K' 'B62L' 'B62M' 'B63B' 'B63C' 'B63G'
 'B63H' 'B64B' 'B64C' 'B64D' 'B64F' 'B64G' 'B65B' 'B65C' 'B65D' 'B65F'
 'B65G' 'B65H' 'B66B' 'B66C' 'B66D' 'B66F' 'B67B' 'B67C' 'B67D' 'B68C'
 'B68G' 'B81B' 'B81C' 'B82B' 'B82Y' 'C01B' 'C01C' 'C01D' 'C01F' 'C01G'
 'C01P' 'C02F' 'C03B' 'C03C' 'C04B' 'C05B' 'C05C' 'C05F' 'C05G' 'C06B'
 'C06D' 'C07B' 'C07C' 'C07D' 'C07F' 'C07H' 'C07J' 'C07K' 'C08B' 'C08C'
 'C08F' 'C08G' 'C08J' 'C08K' 'C08L' 'C09B' 'C09C' 'C09D' 'C09F' 'C09G'
 'C09J' 'C09K' 'C10B' 'C10C' 'C10G' 'C10J' 'C10K' 'C10L' 'C10M' 'C10N'
 'C11B' 'C11C' 'C11D' 'C12C' 'C12G' 'C12H' 'C12M' 'C12N' 'C12P' 'C12Q'
 'C12R' 'C12Y' 'C13B' 'C13K' 'C14C' 'C21B' 'C21C' 'C21D' 'C22B' 'C22C'
 'C22F' 'C23C' 'C23F' 'C23G' 'C25B' 'C25C' 'C25D' 'C25F' 'C30B' 'C40B'
 'D01D' 'D01F' 'D01G' 'D01H' 'D02G' 'D02H' 'D02J' 'D03C' 'D03D' 'D03J'
 'D04B' 'D04C' 'D04H' 'D05B' 'D05C' 'D05D' 'D06B' 'D06C' 'D06F' 'D06G'
 'D06L' 'D06M' 'D06N' 'D06P' 'D10B' 'D21B' 'D21C' 'D21D' 'D21F' 'D21G'
 'D21H' 'E01B' 'E01C' 'E01D' 'E01F' 'E01H' 'E02B' 'E02D' 'E02F' 'E03B'
 'E03C' 'E03D' 'E03F' 'E04B' 'E04C' 'E04D' 'E04F' 'E04G' 'E04H' 'E05B'
 'E05C' 'E05D' 'E05F' 'E05Y' 'E06B' 'E06C' 'E21B' 'E21C' 'E21D' 'F01B'
 'F01C' 'F01D' 'F01K' 'F01L' 'F01M' 'F01N' 'F01P' 'F02B' 'F02C' 'F02D'
 'F02F' 'F02G' 'F02K' 'F02M' 'F02N' 'F02P' 'F03B' 'F03C' 'F03D' 'F03G'
 'F03H' 'F04B' 'F04C' 'F04D' 'F04F' 'F05B' 'F05C' 'F05D' 'F15B' 'F15C'
 'F15D' 'F16B' 'F16C' 'F16D' 'F16F' 'F16G' 'F16H' 'F16J' 'F16K' 'F16L'
 'F16M' 'F16N' 'F16P' 'F17C' 'F17D' 'F21K' 'F21L' 'F21S' 'F21V' 'F21W'
 'F21Y' 'F22B' 'F22G' 'F23B' 'F23C' 'F23D' 'F23G' 'F23J' 'F23L' 'F23M'
 'F23N' 'F23Q' 'F23R' 'F24B' 'F24C' 'F24D' 'F24F' 'F24H' 'F24S' 'F24T'
 'F25B' 'F25C' 'F25D' 'F25J' 'F26B' 'F27B' 'F27D' 'F28B' 'F28C' 'F28D'
 'F28F' 'F28G' 'F41A' 'F41B' 'F41C' 'F41G' 'F41H' 'F41J' 'F42B' 'F42C'
 'F42D' 'G01B' 'G01C' 'G01D' 'G01F' 'G01G' 'G01H' 'G01J' 'G01K' 'G01L'
 'G01M' 'G01N' 'G01P' 'G01Q' 'G01R' 'G01S' 'G01T' 'G01V' 'G01W' 'G02B'
 'G02C' 'G02F' 'G03B' 'G03C' 'G03D' 'G03F' 'G03G' 'G03H' 'G04B' 'G04C'
 'G04F' 'G04G' 'G05B' 'G05D' 'G05F' 'G05G' 'G06F' 'G06J' 'G06K' 'G06M'
 'G06N' 'G06Q' 'G06T' 'G07B' 'G07C' 'G07D' 'G07F' 'G07G' 'G08B' 'G08C'
 'G08G' 'G09B' 'G09F' 'G09G' 'G10C' 'G10D' 'G10G' 'G10H' 'G10K' 'G10L'
 'G11B' 'G11C' 'G16B' 'G16C' 'G16H' 'G16Z' 'G21B' 'G21C' 'G21D' 'G21F'
 'G21G' 'G21H' 'G21K' 'H01B' 'H01C' 'H01F' 'H01G' 'H01H' 'H01J' 'H01K'
 'H01L' 'H01M' 'H01P' 'H01Q' 'H01R' 'H01S' 'H01T' 'H02B' 'H02G' 'H02H'
 'H02J' 'H02K' 'H02M' 'H02N' 'H02P' 'H02S' 'H03B' 'H03C' 'H03D' 'H03F'
 'H03G' 'H03H' 'H03J' 'H03K' 'H03L' 'H03M' 'H04B' 'H04H' 'H04J' 'H04K'
 'H04L' 'H04M' 'H04N' 'H04Q' 'H04R' 'H04S' 'H04W' 'H05B' 'H05C' 'H05F'
 'H05G' 'H05H' 'H05K' 'Y02A' 'Y02B' 'Y02C' 'Y02D' 'Y02E' 'Y02P' 'Y02T'
 'Y02W' 'Y04S' 'Y10S' 'Y10T'] 594
['date' 'forward_citations' 'CTO' 'PK' 'SK' 'TCT' 'TS' 'PCD' 'COL' 'INV'
 'TKH' 'CKH' 'TTS' 'CTS' 'output' 'A01B' 'A01C' 'A01D' 'A01F' 'A01G'
 'A01H' 'A01J' 'A01K' 'A01L' 'A01M' 'A01N' 'A21B' 'A21C' 'A21D' 'A22B'
 'A22C' 'A23B' 'A23C' 'A23D' 'A23F' 'A23G' 'A23J' 'A23K' 'A23L' 'A23N'
 'A23P' 'A23V' 'A24B' 'A24D' 'A24F' 'A41B' 'A41C' 'A41D' 'A41G' 'A42B'
 'A43B' 'A43C' 'A43D' 'A44B' 'A44C' 'A45B' 'A45C' 'A45D' 'A45F' 'A46B'
 'A46D' 'A47B' 'A47C' 'A47D' 'A47F' 'A47G' 'A47H' 'A47J' 'A47K' 'A47L'
 'A61B' 'A61C' 'A61F' 'A61G' 'A61H' 'A61J' 'A61K' 'A61L' 'A61M' 'A61N'
 'A61P' 'A61Q' 'A62B' 'A62C' 'A62D' 'A63B' 'A63C' 'A63D' 'A63F' 'A63G'
 'A63H' 'A63J' 'A63K' 'B01D' 'B01F' 'B01J' 'B01L' 'B02B' 'B02C' 'B03B'
 'B03C' 'B04B' 'B04C' 'B05B' 'B05C' 'B05D' 'B06B' 'B07B' 'B07C' 'B08B'
 'B09B' 'B09C' 'B21B' 'B21C' 'B21D' 'B21F' 'B21H' 'B21J' 'B21K' 'B22C'
 'B22D' 'B22F' 'B23B' 'B23C' 'B23D' 'B23H' 'B23K' 'B23P' 'B23Q' 'B24B'
 'B24D' 'B25B' 'B25C' 'B25D' 'B25F' 'B25G' 'B25H' 'B25J' 'B26B' 'B26D'
 'B26F' 'B27B' 'B27D' 'B27G' 'B27L' 'B27M' 'B27N' 'B28B' 'B28D' 'B29B'
 'B29C' 'B29D' 'B29K' 'B29L' 'B30B' 'B31B' 'B31D' 'B31F' 'B32B' 'B33Y'
 'B41C' 'B41F' 'B41J' 'B41L' 'B41M' 'B41N' 'B41P' 'B42C' 'B42D' 'B42F'
 'B42P' 'B43K' 'B43L' 'B43M' 'B44C' 'B44D' 'B44F' 'B60B' 'B60C' 'B60D'
 'B60G' 'B60H' 'B60J' 'B60K' 'B60L' 'B60N' 'B60P' 'B60Q' 'B60R' 'B60S'
 'B60T' 'B60W' 'B60Y' 'B61B' 'B61C' 'B61D' 'B61F' 'B61J' 'B61K' 'B61L'
 'B62B' 'B62D' 'B62H' 'B62J' 'B62K' 'B62L' 'B62M' 'B63B' 'B63C' 'B63G'
 'B63H' 'B64B' 'B64C' 'B64D' 'B64F' 'B64G' 'B65B' 'B65C' 'B65D' 'B65F'
 'B65G' 'B65H' 'B66B' 'B66C' 'B66D' 'B66F' 'B67B' 'B67C' 'B67D' 'B68C'
 'B68G' 'B81B' 'B81C' 'B82B' 'B82Y' 'C01B' 'C01C' 'C01D' 'C01F' 'C01G'
 'C01P' 'C02F' 'C03B' 'C03C' 'C04B' 'C05B' 'C05C' 'C05F' 'C05G' 'C06B'
 'C06D' 'C07B' 'C07C' 'C07D' 'C07F' 'C07H' 'C07J' 'C07K' 'C08B' 'C08C'
 'C08F' 'C08G' 'C08J' 'C08K' 'C08L' 'C09B' 'C09C' 'C09D' 'C09F' 'C09G'
 'C09J' 'C09K' 'C10B' 'C10C' 'C10G' 'C10J' 'C10K' 'C10L' 'C10M' 'C10N'
 'C11B' 'C11C' 'C11D' 'C12C' 'C12G' 'C12H' 'C12M' 'C12N' 'C12P' 'C12Q'
 'C12R' 'C12Y' 'C13B' 'C13K' 'C14C' 'C21B' 'C21C' 'C21D' 'C22B' 'C22C'
 'C22F' 'C23C' 'C23F' 'C23G' 'C25B' 'C25C' 'C25D' 'C25F' 'C30B' 'C40B'
 'D01D' 'D01F' 'D01G' 'D01H' 'D02G' 'D02H' 'D02J' 'D03C' 'D03D' 'D03J'
 'D04B' 'D04C' 'D04H' 'D05B' 'D05C' 'D05D' 'D06B' 'D06C' 'D06F' 'D06G'
 'D06L' 'D06M' 'D06N' 'D06P' 'D10B' 'D21B' 'D21C' 'D21D' 'D21F' 'D21G'
 'D21H' 'E01B' 'E01C' 'E01D' 'E01F' 'E01H' 'E02B' 'E02D' 'E02F' 'E03B'
 'E03C' 'E03D' 'E03F' 'E04B' 'E04C' 'E04D' 'E04F' 'E04G' 'E04H' 'E05B'
 'E05C' 'E05D' 'E05F' 'E05Y' 'E06B' 'E06C' 'E21B' 'E21C' 'E21D' 'F01B'
 'F01C' 'F01D' 'F01K' 'F01L' 'F01M' 'F01N' 'F01P' 'F02B' 'F02C' 'F02D'
 'F02F' 'F02G' 'F02K' 'F02M' 'F02N' 'F02P' 'F03B' 'F03C' 'F03D' 'F03G'
 'F03H' 'F04B' 'F04C' 'F04D' 'F04F' 'F05B' 'F05C' 'F05D' 'F15B' 'F15C'
 'F15D' 'F16B' 'F16C' 'F16D' 'F16F' 'F16G' 'F16H' 'F16J' 'F16K' 'F16L'
 'F16M' 'F16N' 'F16P' 'F17C' 'F17D' 'F21K' 'F21L' 'F21S' 'F21V' 'F21W'
 'F21Y' 'F22B' 'F22G' 'F23B' 'F23C' 'F23D' 'F23G' 'F23J' 'F23L' 'F23M'
 'F23N' 'F23Q' 'F23R' 'F24B' 'F24C' 'F24D' 'F24F' 'F24H' 'F24S' 'F24T'
 'F25B' 'F25C' 'F25D' 'F25J' 'F26B' 'F27B' 'F27D' 'F28B' 'F28C' 'F28D'
 'F28F' 'F28G' 'F41A' 'F41B' 'F41C' 'F41G' 'F41H' 'F41J' 'F42B' 'F42C'
 'F42D' 'G01B' 'G01C' 'G01D' 'G01F' 'G01G' 'G01H' 'G01J' 'G01K' 'G01L'
 'G01M' 'G01N' 'G01P' 'G01Q' 'G01R' 'G01S' 'G01T' 'G01V' 'G01W' 'G02B'
 'G02C' 'G02F' 'G03B' 'G03C' 'G03D' 'G03F' 'G03G' 'G03H' 'G04B' 'G04C'
 'G04F' 'G04G' 'G05B' 'G05D' 'G05F' 'G05G' 'G06F' 'G06J' 'G06K' 'G06M'
 'G06N' 'G06Q' 'G06T' 'G07B' 'G07C' 'G07D' 'G07F' 'G07G' 'G08B' 'G08C'
 'G08G' 'G09B' 'G09F' 'G09G' 'G10C' 'G10D' 'G10G' 'G10H' 'G10K' 'G10L'
 'G11B' 'G11C' 'G16B' 'G16C' 'G16H' 'G16Z' 'G21B' 'G21C' 'G21D' 'G21F'
 'G21G' 'G21H' 'G21K' 'H01B' 'H01C' 'H01F' 'H01G' 'H01H' 'H01J' 'H01K'
 'H01L' 'H01M' 'H01P' 'H01Q' 'H01R' 'H01S' 'H01T' 'H02B' 'H02G' 'H02H'
 'H02J' 'H02K' 'H02M' 'H02N' 'H02P' 'H02S' 'H03B' 'H03C' 'H03D' 'H03F'
 'H03G' 'H03H' 'H03J' 'H03K' 'H03L' 'H03M' 'H04B' 'H04H' 'H04J' 'H04K'
 'H04L' 'H04M' 'H04N' 'H04Q' 'H04R' 'H04S' 'H04W' 'H05B' 'H05C' 'H05F'
 'H05G' 'H05H' 'H05K' 'Y02A' 'Y02B' 'Y02C' 'Y02D' 'Y02E' 'Y02P' 'Y02T'
 'Y02W' 'Y04S' 'Y10S' 'Y10T'] 594
2.2.1.2 Balanced dataset and dataset to forecast (2022-02-09 11:28:16.347610)
              date  forward_citations      CTO  PK  SK     TCT  TS  PCD  COL  INV  ...  Y02B  Y02C  Y02D  Y02E  Y02P  Y02T  Y02W  Y04S  Y10S  Y10T
8708788 2014-04-29                0.0  0.90258  62   9  3038.0   2   18    0    4  ...     0     0     0     0     0     0     0     0     0     1
4784044 1988-11-15                1.0  0.64000   4   2  4382.0   2   24    0    1  ...     0     0     0     0     0     0     0     0     0     0
3992010 1976-11-16                0.0  1.00000   5   0     NaN   2    2    0    1  ...     0     0     0     0     0     0     0     0     0     1
7779667 2010-08-24                3.0  0.68578  31   0  5085.5   2    8    0    1  ...     0     0     0     0     0     0     0     0     0     0
D278406 1985-04-16                0.0  0.00000   5   0   518.0   0    1    0    1  ...     0     0     0     0     0     0     0     0     0     0
...            ...                ...      ...  ..  ..     ...  ..  ...  ...  ...  ...   ...   ...   ...   ...   ...   ...   ...   ...   ...   ...
4480495 1984-11-06                7.0  0.83951   4   1   756.0   2   12    0    1  ...     0     0     0     0     0     0     0     0     0     1
4135775 1979-01-23                9.0  0.73469   5   0   448.0   1    3    0    1  ...     0     0     0     0     0     0     0     0     0     0
5965243 1999-10-12                8.0  0.88766  48  16  2744.0   3    6    0    5  ...     0     0     0     0     0     0     0     0     1     1
D725920 2015-04-07                8.0  0.50000  23   0  3472.0   0    1    0    1  ...     0     0     0     0     0     0     0     0     0     0
D636656 2011-04-26                7.0  0.91962  29   1  5033.0   0    1    0    3  ...     0     0     0     0     0     0     0     0     0     0

[10000 rows x 594 columns]
               date  forward_citations      CTO  PK  SK     TCT  TS  PCD  COL  INV  ...  Y02B  Y02C  Y02D  Y02E  Y02P  Y02T  Y02W  Y04S  Y10S  Y10T
9935971  2018-04-03                NaN  0.50000   3   3  1568.0   2   20    0    4  ...     0     0     0     0     0     0     0     0     0     0
10294156 2019-05-21                NaN  0.00000   0   0     NaN   4   16    0    1  ...     0     0     0     0     0     0     1     0     0     0
10998659 2021-05-04                NaN  0.44444   3   1  8316.0   1    6    1    1  ...     0     0     0     0     0     0     0     0     0     0
D919631  2021-05-18                NaN  0.76562  12   2  1774.5   0    1    0    1  ...     0     0     0     0     0     0     0     0     0     0
10517110 2019-12-24                NaN  0.00000   0  46     NaN   1   19    0    2  ...     0     0     0     0     0     0     0     0     0     0
...             ...                ...      ...  ..  ..     ...  ..  ...  ...  ...  ...   ...   ...   ...   ...   ...   ...   ...   ...   ...   ...
9527693  2016-12-27                NaN  0.56000   5   4  6559.0   1   22    0    1  ...     0     0     0     0     0     0     0     0     0     0
10647009 2020-05-12                NaN  0.72000   2   6  9513.0   3   20    0    4  ...     0     0     0     0     0     0     0     0     0     0
10418313 2019-09-17                NaN  0.24490   6   0  1372.0   1   14    0    3  ...     0     0     0     0     0     0     0     0     0     0
9912089  2018-03-06                NaN  0.31405   9   5  7560.0   1   13    1    6  ...     0     0     0     0     0     0     0     0     0     0
D823548  2018-07-17                NaN  0.48000  34   0  5614.0   0    1    0    2  ...     0     0     0     0     0     0     0     0     0     0

[1740613 rows x 594 columns]
2.2.1.3 Running ML classifier (2022-02-09 11:28:16.682650)
2.2.1.4 sprint statistics (2022-02-09 11:48:43.938423)
auto-sklearn results:
  Dataset name: fe55e9c6-8992-11ec-abb4-0b0d54ef91e0
  Metric: accuracy
  Best validation score: 0.669600
  Number of target algorithm runs: 20
  Number of successful target algorithm runs: 10
  Number of crashed target algorithm runs: 0
  Number of target algorithms that exceeded the time limit: 5
  Number of target algorithms that exceeded the memory limit: 5

2.2.1.5 Prediction phase (2022-02-09 11:48:43.952108)
               date  output
9935971  2018-04-03     1.0
10294156 2019-05-21     0.0
10998659 2021-05-04     0.0
D919631  2021-05-18     0.0
10517110 2019-12-24     0.0
...             ...     ...
10325804 2019-06-18     0.0
11039546 2021-06-15     1.0
9695543  2017-07-04     1.0
9760675  2017-09-12     1.0
9825018  2017-11-21     1.0

[100000 rows x 2 columns]
