[nltk_data] Downloading package wordnet to
[nltk_data]     /cluster/raid/home/michael.tsesmelis/nltk_data...
[nltk_data]   Package wordnet is already up-to-date!
[nltk_data] Downloading package omw-1.4 to
[nltk_data]     /cluster/raid/home/michael.tsesmelis/nltk_data...
[nltk_data]   Package omw-1.4 is already up-to-date!
  0%|          | 0/18 [00:00<?, ?it/s]  0%|          | 0/18 [00:05<?, ?it/s]
Traceback (most recent call last):
  File "main.py", line 125, in <module>
    managerial_layer(loading=False)
  File "main.py", line 102, in managerial_layer
    cpc_time_series, tensors = run_ML(tensors, job_config.start, job_config.end)
  File "/cluster/raid/home/michael.tsesmelis/SideProject/ML.py", line 168, in run_ML
    time_series, tensors["patent"] = calculate_indicators(ml_df,
  File "/cluster/raid/home/michael.tsesmelis/SideProject/ML.py", line 109, in calculate_indicators
    df_final, tensor_patent = calculate_emergingness(ml_df, tensor_patent, from_files=True)
  File "/cluster/raid/home/michael.tsesmelis/SideProject/ML.py", line 74, in calculate_emergingness
    predictions = cls.predict(subset.drop(["date", "forward_citations", "output"], axis=1), n_jobs=6)
  File "/cluster/raid/home/michael.tsesmelis/SideProject/lib/python3.8/site-packages/autosklearn/estimators.py", line 1074, in predict
    return super().predict(X, batch_size=batch_size, n_jobs=n_jobs)
  File "/cluster/raid/home/michael.tsesmelis/SideProject/lib/python3.8/site-packages/autosklearn/estimators.py", line 530, in predict
    return self.automl_.predict(X, batch_size=batch_size, n_jobs=n_jobs)
  File "/cluster/raid/home/michael.tsesmelis/SideProject/lib/python3.8/site-packages/autosklearn/automl.py", line 2089, in predict
    predicted_probabilities = super().predict(X, batch_size=batch_size,
  File "/cluster/raid/home/michael.tsesmelis/SideProject/lib/python3.8/site-packages/autosklearn/automl.py", line 1427, in predict
    all_predictions = joblib.Parallel(n_jobs=n_jobs)(
  File "/cluster/raid/home/michael.tsesmelis/SideProject/lib/python3.8/site-packages/joblib/parallel.py", line 1056, in __call__
    self.retrieve()
  File "/cluster/raid/home/michael.tsesmelis/SideProject/lib/python3.8/site-packages/joblib/parallel.py", line 935, in retrieve
    self._output.extend(job.get(timeout=self.timeout))
  File "/cluster/raid/home/michael.tsesmelis/SideProject/lib/python3.8/site-packages/joblib/_parallel_backends.py", line 542, in wrap_future_result
    return future.result(timeout=timeout)
  File "/usr/lib/python3.8/concurrent/futures/_base.py", line 439, in result
    return self.__get_result()
  File "/usr/lib/python3.8/concurrent/futures/_base.py", line 388, in __get_result
    raise self._exception
ValueError: X has 650 features, but ColumnTransformer is expecting 626 features as input.
