/cluster/raid/home/michael.tsesmelis/SideProject
3. Finished preparing data (2022-02-11 16:35:32.827794)
4. Running job ['cyber', 'honeypot', 'cybersecurity'] (2022-02-11 16:35:32.828114)
5. Finding topical patents (2022-02-11 16:35:32.828129)
['10277629', '9298925', '10972256', '10182065', '9083741', '9942245', '10056005', '10992706', '10447734', '10546276', '10826939', '10728019', '9774616', '8707180', '8443439', '10949543', '10560483', '9178899', '10990432', '9985987', '8443446', '10367841', '8826401', '8621637', '9840212', '8914880', '10635838', '10262133', '10412078', '7756933', '9509716', '9521120', '10397259', '9253203', '9373267', '9560075', '10594729', '8893281', '10695884', '10880337', '8156541', '10742658', '9680857', '10158653', '10116994', '10148686', '9008617', '10050989', '10097577', '8640238', '9094449', '11050714', '9699209', '9584537', '10708304', '10686841', '9660996', '10812351', '10043197', '7559079', '10681071', '10502572', '10243993', '8752174', '10003609', '7328187', '11023585', '10963572', '10346395', '10542015', '7904959', '9363278', '10812517', '10235523', '10601853', '8977843', '8191149', '9705899', '9646588', '10439884', '10641585', '10127160', '9954897', '9998426', '10110629', '10929539', '10523609', '9749343', '10862901', '9930061', '9392013', '9501647', '10419468', '9521163', '9866575', '9503472', '10949784', '11038919', '9762605', '10142365', '9954884', '9294498', '10222405', '10546135', '10268976', '9614872', '10812510', '10523642', '10037546', '8099460', '10367839', '9602529', '10193923', '8826231', '10867034', '9552470', '10298608', '10862926', '10372915', '10516698', '10313382', '7904958', '10560467', '10212184', '10826324', '10708291', '10817750', '10320619', '10341376', '10896261', '7930256', '9774626', '9224067', '9118714', '10791139', '10719622', '10938842', '8627060', '10645118', '10404737', '10176320', '8181250', '9712547', '10257226', '10958684', '10348747', '10742667', '7917593', '10708271', '10430588', '9374382', '9398029', '6263318', '10311360', '10505953', '10917428', '8832794', '10977587', '10673887', '10803182', '10986090', '10264004', '10586052', '9027126', '9171167', '10516680', '10944639', '8800037', '8588823', '8732296', '10454963', '10217071', '10887325', '9544724', '10530808', '8516596', '9032521', '10171488', '9635016', '10311245', '7676841', '11012463', '10805317', '10678954', '10404729', '9616828', '10432660', '10778714', '8515881', '10061635', '10728265', '10623416', '10979391', '10154046', '10462139', '11005860', '6330491', '10992699', '7950060', '9338175', '10616270', '10671957', '10491624', '9357397', '10986130', '10666792', '10542046', '8667582', '10681079', '10270798', '10462181', '10237297', '10298609', '10791140', '9241008', '10243998', '10791144', '6947405', '9894036', '9813454', '10348757', '8374626', '7934258', '9501645', '10587651', '10623437', '9251509', '8150783', '9838427', '9996692', '10999316', '9203859', '10027705', '10419480', '11050778', '9602530', '9503420', '10911482', '8787928', '10339321', '10333974', '10826925', '10606991', '9614669', '7159180', '11036865', '10050990', '8762188', '10625694', '6981146', '9767279', '10599838', '10943693', '10867512', '10812516', '8549642', '10079850', '10205734', '11005869', '11012414', '8799189', '10820198', '10958670', '10812504', '8608644', '10903933', '10932135', '10949534', '10630726', '9870715', '9537884', '10958685', '10515328', '11003773', '10284598', '10581877', '10021119', '7962756', '10757132', '8677484', '10107014', '9473526', '10970188', '10418008', '9300682', '10812499', '11010469', '7856405', '10826931', '10862925', '10135236', '11005839', '9965133', '10075475', '10958672', '7949710', '10523695', '10366229', '10681061', '11032319', '10572659', '9910993', '10904282', '10581894', '10171510', '10348752', '10257100', '10129290', '9537887', '10686825', '10798125', '10924481', '10853883', '10924510', '10593311', '9092631', '10218731', '10812519', '10248910', '10574697', '9319420', '8776226', '8793790', '10454894', '9497161', '10614214', '10075474', '9930058', '10511635', '7694339', '8601587', '10440055', '9210185', '10915641', '10474470', '9350754', '9479507', '10979454', '10691795', '8434136', '10778701', '7412723', '9596266', '9729507', '10897712', '10135867', '10587647', '6676477', '10497071', '10135855', '10681066', '10614401', '10380335', '8479288', '8943594', '10438155', '10484411', '10503899', '10509373', '10333898', '10979448', '10616253', '8683589', '10965758', '10148678', '9166981', '9602536', '10659490', '9578055', '11032310', '9824609', '9509712', '11012417', '10791136', '10498756', '9614863', '10003598', '10178060', '10505853', '10990916', '8266701', '10951662', '10326776', '9531669', '10938854', '10986128', '10410158', '9178897', '10805343', '9485276', '8769267', '10498763', '10237351', '10404735', '9990660', '10798065', '9521160', '10944778', '10885133', '10515564', '10438001', '10860460', '10929529', '10721262', '8726393', '10505972', '10116690', '10915217', '9906538', '8769649', '10063580', '10862919', '8413241', '9544047', '9350758', '7457780', '10878084', '9923922', '10986126', '10339837', '10581897', '10264012', '10986117', '11031135', '7865732', '9129108', '9584541', '10692365', '10701089', '10728239', '10372910', '10511446', '10623436', '8832808', '11025674', '10986129', '9159246', '10404672', '10412117', '9800604', '9137242', '9135306', '10193919', '10848517', '9697352', '10728261', '10033754', '9817969', '10735466', '10296748', '10404748', '9542919', '10609061', '10162969', '10764334', '10897473', '9697355', '9306965', '10885393', '10277622', '10859622', '10498759', '10686807', '5590197', '7937765', '10554412', '10839076', '11038920', '9756062', '10511621', '10992708', '10248522', '11037083', '10902114', '9621569', '10848515', '10419474', '9280911', '8782141', '8843953', '9117076', '9648029', '9426169', '10630713', '10320820', '10979453', '10387657', '10291650', '9875360', '10469518', '10425438', '10986112', '9544326', '10423787', '10789373', '9367694', '10230764', '11050779', '10778708', '10063568', '10681068', '9635025', '10904283', '9118702', '9661006', '10412100', '7149937', '10594714', '10382474', '10609079', '10440119', '10708282', '10681074', '10103890', '10943097', '10601856', '10903871', '9185124', '10963910', '9749344', '9245116', '10491619', '10291642', '8869133', '10685115', '9104516', '9807109', '10931702', '8583583', '10476678', '10706746', '10469527', '9712553', '9392003', '9690932', '9882918', '10122751', '10887346', '9930062', '10999653', '10897483', '11036853', '9305106', '10685293', '10091220', '10887334', '10205733', '10063583', '10250619', '10944795', '8528092', '8595831', '9591009', '9137241', '10884044', '9794283', '10242193', '9270690', '10454958', '8701174', '10749875', '10592938', '10181038', '8856231', '10616265', '9319414', '10002374', '9258321', '10735456', '10956566', '9749347', '9979621', '9596256', '10938795', '10929541', '10262143', '9049226', '8732807', '9558677', '10764313', '9923915', '8286225', '9373144', '10021136', '9781149', '9876811', '9379912', '10518162', '9253181', '10542013', '10320827', '10238948', '11019063', '9177139', '10541954', '9641550', '10218736', '11019038', '7383578', '10097581', '10931660', '10951651', '11012448']
6. Unfolding network (2022-02-11 16:38:37.288102)
6.1 Finding topical clusters (2022-02-11 16:38:37.288158)
['H04L2463/146', 'H04L63/1491', 'G06F2221/034', 'G06F21/577', 'H04L63/00', 'G06F16/285', 'H04L63/1416', 'H04L63/1433']
6.2 Finding topical assignees (2022-02-11 16:38:37.288189)
6.2.1 Finding topical assignees for cluster H04L2463/146 (2022-02-11 16:38:37.288198)
6.2.1 Finding topical assignees for cluster H04L63/1491 (2022-02-11 16:38:37.288389)
11019085: no assignee
6.2.1 Finding topical assignees for cluster G06F2221/034 (2022-02-11 16:38:37.289364)
10706156: no assignee
11030301: no assignee
10860721: no assignee
6.2.1 Finding topical assignees for cluster G06F21/577 (2022-02-11 16:38:37.292482)
10795707: no assignee
10706156: no assignee
10803180: no assignee
10860721: no assignee
10713354: no assignee
10839052: no assignee
10810303: no assignee
6.2.1 Finding topical assignees for cluster H04L63/00 (2022-02-11 16:38:37.295640)
10951409: no assignee
10725743: no assignee
6.2.1 Finding topical assignees for cluster G06F16/285 (2022-02-11 16:38:37.296340)
10936673: no assignee
10997599: no assignee
11023659: no assignee
10706737: no assignee
10719559: no assignee
10832822: no assignee
10860671: no assignee
10719560: no assignee
11036745: no assignee
10776438: no assignee
10990575: no assignee
10895134: no assignee
10885067: no assignee
10846105: no assignee
10902010: no assignee
10754510: no assignee
10776403: no assignee
11010345: no assignee
10902016: no assignee
6.2.1 Finding topical assignees for cluster H04L63/1416 (2022-02-11 16:38:37.302011)
10931677: no assignee
10904259: no assignee
10805018: no assignee
10911463: no assignee
10873578: no assignee
11038896: no assignee
10860832: no assignee
10911482: no assignee
11019055: no assignee
10966091: no assignee
10839052: no assignee
10764324: no assignee
11019085: no assignee
11005841: no assignee
10862597: no assignee
11044268: no assignee
6.2.1 Finding topical assignees for cluster H04L63/1433 (2022-02-11 16:38:37.307236)
10872341: no assignee
10820194: no assignee
10911494: no assignee
10805018: no assignee
10938816: no assignee
10708040: no assignee
10841281: no assignee
10951644: no assignee
10860721: no assignee
10969982: no assignee
10749891: no assignee
11019085: no assignee
10862597: no assignee
6.4 Getting nodes and edges (2022-02-11 16:38:37.309796)
There are 1436 edges
6.5 Calculating Technology Index (2022-02-11 16:38:37.310765)
6.6 Calculating Assignee Index (2022-02-11 16:38:38.381022)
6.7 Calculating Impact Index (2022-02-11 16:38:38.385543)
6.4 Creating graph (2022-02-11 16:38:38.385558)
(PowerIterationFailedConvergence(...), 'power iteration failed to converge within 1000 iterations')
6.10 Writing to output files (2022-02-11 16:38:49.727605)
            CPC  count  emergingness     delta  tech index                      desc
0  H04L2463/146    190      0.705882  0.050710    1.148520  Additional details re...
1   H04L63/1491    749      0.504425 -0.053546    1.101595  Network architectures...
2  G06F2221/034   1962      0.576923 -0.026942    1.148290  Indexing scheme relat...
3    G06F21/577   3352      0.639469 -0.002322    1.143689  Security arrangements...
4     H04L63/00    733      0.533333 -0.031023    0.975479  Network architectures...
5    G06F16/285   4688      0.593220  0.006784    1.103164  Information retrieval...
6   H04L63/1416   5920      0.583428 -0.015423    1.095077  Network architectures...
7   H04L63/1433   3893      0.633540  0.034670    1.134499  Network architectures...
                           ID                      name              emergingness count impact normalised impact influence
0    ebc86374-5faf-4834-a3...  Palo Alto Networks, Inc.  [1.0, 1.0, 1.0, 1.0, ...   NaN    NaN               NaN       NaN
1    7d1f3891-dd8e-4c26-82...  International Busines...  [1.0, 1.0, 1.0, 1.0, ...   NaN    NaN               NaN       NaN
2    cc924fe6-bb70-4924-91...          AO Kaspersky Lab  [0.0, 0.0, 0.0, 0.0, ...   NaN    NaN               NaN       NaN
3    ebc43f6d-5fc3-4d05-b9...  General Electric Tech...  [1.0, 0.0, 1.0, 0.0, ...   NaN    NaN               NaN       NaN
4    bb031f8b-8c9a-4de5-b0...    Wells Fargo Bank, N.A.  [1.0, 1.0, 1.0, 1.0, ...   NaN    NaN               NaN       NaN
..                        ...                       ...                       ...   ...    ...               ...       ...
777  54806615-7600-4328-b7...             TRUSONA, INC.                     [0.0]   NaN    NaN               NaN       NaN
778  2669900c-db4d-4ba7-ae...          QATAR UNIVERSITY                     [0.0]   NaN    NaN               NaN       NaN
779  76391cab-53f5-4501-a6...        Lumeta Corporation                     [0.0]   NaN    NaN               NaN       NaN
780  e22afd9b-bebf-4fe4-95...      TeleSign Corporation                     [0.0]   NaN    NaN               NaN       NaN
781  ec3b97ea-d907-4b19-b9...               Credas Inc.                     [0.0]   NaN    NaN               NaN       NaN

[782 rows x 7 columns]
