/cluster/raid/home/michael.tsesmelis/SideProject
3. Finished preparing data (2022-02-11 17:35:43.366443)
4. Running job ['cyber', 'honeypot', 'cybersecurity'] (2022-02-11 17:35:43.379061)
5. Finding topical patents (2022-02-11 17:35:43.379076)
['10719622', '6676477', '10320827', '8156541', '10511621', '10419480', '10587647', '10027705', '7328187', '10419474', '8752174', '10944778', '10673887', '7937765', '9824609', '10986129', '10860460', '7930256', '10097577', '9094449', '11019038', '9118714', '9894036', '10235523', '10929539', '10348747', '10382474', '10728265', '10474470', '10412117', '10812517', '9501645', '10904282', '9690932', '8181250', '10237351', '9767279', '8266701', '8434136', '10979454', '10171488', '10311360', '10404748', '9251509', '11005839', '6330491', '10859622', '10749875', '10462181', '10339837', '9876811', '9357397', '10798125', '9749343', '11038920', '9712553', '10002374', '10326776', '9392003', '10949784', '8516596', '9774616', '9560075', '10264004', '9379912', '8191149', '8914880', '10511446', '10250619', '10706746', '10116994', '9280911', '9497161', '10162969', '9680857', '8588823', '9298925', '9930062', '10958684', '10346395', '7856405', '9817969', '10932135', '9602536', '10181038', '8826231', '5590197', '10986126', '8595831', '10248522', '10511635', '10075475', '10999316', '9954884', '10148686', '8726393', '10805317', '10516698', '10728261', '10257226', '10601853', '8776226', '10671957', '10593311', '10021119', '10791139', '9509712', '9392013', '10523609', '7865732', '10791136', '10515328', '7756933', '10979391', '9578055', '8627060', '10951651', '9027126', '10503899', '10789373', '10277622', '9253181', '10419468', '10061635', '10938795', '9616828', '10685115', '9635016', '10992706', '10366229', '10764334', '10491624', '9203859', '10586052', '10277629', '10397259', '10110629', '10728019', '10609061', '9319420', '10742658', '9521120', '10931702', '7694339', '10791144', '10523642', '10691795', '10291642', '10681061', '10594729', '10979448', '10135236', '10917428', '9521163', '10476678', '10990432', '10237297', '10515564', '10659490', '10498763', '10542046', '9838427', '10205734', '9178899', '9241008', '10063583', '9300682', '9253203', '10986130', '8608644', '9473526', '11037083', '10127160', '10614401', '10884044', '8583583', '9137242', '10708304', '10410158', '10911482', '10999653', '10158653', '10572659', '10681079', '9503420', '9621569', '10423787', '7917593', '10142365', '10542015', '10262133', '9712547', '10404737', '7457780', '10681071', '10721262', '9373144', '10686807', '9373267', '10097581', '10924510', '10728239', '9614669', '10491619', '9224067', '10956566', '9614872', '9596256', '9426169', '10931660', '8374626', '9363278', '10129290', '10268976', '9596266', '10616253', '10630713', '9762605', '10977587', '10222405', '10862926', '8621637', '10990916', '11050778', '10645118', '10887334', '10742667', '10003598', '10896261', '9537884', '9749347', '9661006', '10212184', '10686841', '10574697', '10103890', '10193923', '8701174', '9350754', '10970188', '9294498', '9882918', '10176320', '10432660', '7962756', '10469518', '10264012', '11019063', '10986112', '10270798', '10686825', '10116690', '10581897', '10616265', '8286225', '9542919', '10695884', '9602530', '9135306', '9531669', '9521160', '9177139', '10546135', '8677484', '10438155', '10205733', '8099460', '9697355', '10685293', '9930058', '10623416', '10469527', '10107014', '10986128', '9774626', '9509716', '9118702', '10003609', '10404729', '11005869', '10887346', '10412078', '9544326', '8549642', '10958685', '9591009', '10972256', '10764313', '10848517', '10135855', '8782141', '9129108', '9537887', '10826939', '9930061', '9319414', '10826931', '10079850', '10938854', '11032310', '10509373', '10965758', '10601856', '10257100', '10454958', '9870715', '11050779', '10958670', '10897473', '10885133', '9584541', '10438001', '10599838', '10313382', '10497071', '9697352', '8732296', '8443439', '10380335', '8787928', '10298608', '10339321', '10817750', '10462139', '7559079', '10853883', '10778701', '10606991', '10063568', '11012417', '10218731', '9906538', '10666792', '11012448', '10867034', '9979621', '10242193', '9660996', '10182065', '10812499', '8799189', '10862901', '9923922', '9635025', '9374382', '10778708', '8443446', '10243993', '11050714', '10692365', '10498756', '11032319', '10348757', '8515881', '8843953', '9350758', '10581877', '10320619', '9398029', '10333898', '10915217', '9910993', '10296748', '9305106', '8667582', '10944795', '9503472', '10897483', '9306965', '9705899', '9104516', '9866575', '8869133', '10885393', '10929529', '10056005', '10924481', '10440119', '8683589', '10333974', '10560483', '9178897', '10238948', '10148678', '10826324', '11031135', '10122751', '11010469', '9258321', '9942245', '9781149', '9699209', '9923915', '8640238', '7934258', '9552470', '10592938', '10963572', '10372910', '10992708', '7950060', '10348752', '9646588', '10903871', '10412100', '10560467', '9479507', '6263318', '10902114', '10367841', '10063580', '10812351', '8893281', '10518162', '8856231', '8832794', '8601587', '9813454', '8769649', '10505853', '10542013', '10498759', '9338175', '10949534', '9137241', '10943097', '10681066', '10862925', '9210185', '10218736', '9756062', '9117076', '10826925', '10778714', '10903933', '7949710', '10986090', '10311245', '9171167', '10516680', '11012414', '9990660', '10625694', '10243998', '11025674', '10523695', '10372915', '8826401', '10623437', '10484411', '10387657', '10262143', '7676841', '9794283', '10949543', '10230764', '9485276', '8800037', '10708291', '10878084', '10291650', '10803182', '9648029', '10248910', '7904959', '9032521', '8732807', '10929541', '10735466', '10944639', '10554412', '6947405', '9840212', '11012463', '10820198', '10979453', '10708271', '10447734', '10616270', '9544047', '9270690', '8762188', '9544724', '9985987', '10681074', '8793790', '10805343', '7159180', '10546276', '11036853', '10021136', '8707180', '7149937', '10635838', '10963910', '10541954', '10178060', '10681068', '10609079', '10050989', '9558677', '10587651', '9245116', '10992699', '10630726', '7383578', '9749344', '10915641', '10943693', '11038919', '10075474', '10530808', '10594714', '9083741', '10037546', '10887325', '10812519', '9584537', '8977843', '10154046', '10581894', '9954897', '10880337', '10678954', '7904958', '10505972', '10951662', '9185124', '9008617', '8479288', '10839076', '8413241', '10798065', '10862919', '10757132', '9049226', '8769267', '9501647', '10320820', '10614214', '10439884', '9159246', '10791140', '9092631', '10050990', '10623436', '9729507', '10091220', '9807109', '8150783', '10708282', '10418008', '8943594', '9998426', '11023585', '9641550', '10284598', '10367839', '10193919', '9875360', '10298609', '10502572', '6981146', '10404672', '10641585', '10938842', '10812510', '10701089', '10897712', '10135867', '10404735', '9614863', '9166981', '10812516', '10505953', '11036865', '10171510', '9996692', '10454894', '10958672', '10454963', '11005860', '11003773', '9965133', '7412723', '10033754', '10430588', '10904283', '10848515', '10867512', '10986117', '10812504', '10735456', '10440055', '8832808', '9602529', '8528092', '10425438', '9800604', '9367694', '10341376', '10043197', '10217071']
6. Unfolding network (2022-02-11 17:38:50.063802)
6.1 Finding topical clusters (2022-02-11 17:38:50.063859)
6.2 Finding topical assignees (2022-02-11 17:38:50.063888)
6.2.1 Finding topical assignees for cluster G06F21/6218 (2022-02-11 17:38:50.063897)
10719622: no assignee
10885215: no assignee
10867061: no assignee
10706225: no assignee
10977381: no assignee
10721058: no assignee
10762074: no assignee
11017112: no assignee
10742633: no assignee
10867058: no assignee
10810314: no assignee
10846372: no assignee
11048813: no assignee
10764723: no assignee
10887100: no assignee
11005852: no assignee
10740482: no assignee
10972256: no assignee
10915653: no assignee
10789393: no assignee
11050882: no assignee
10950020: no assignee
10726142: no assignee
10860572: no assignee
10708273: no assignee
10887387: no assignee
10762474: no assignee
10726145: no assignee
10970379: no assignee
10929550: no assignee
10902469: no assignee
6.2.1 Finding topical assignees for cluster H04L67/2842 (2022-02-11 17:38:50.072098)
10719622: no assignee
10986161: no assignee
10778766: no assignee
10778620: no assignee
10805378: no assignee
11032370: no assignee
10819790: no assignee
6.2.1 Finding topical assignees for cluster H04L63/0884 (2022-02-11 17:38:50.076681)
10719622: no assignee
11044247: no assignee
10867058: no assignee
10764056: no assignee
10764286: no assignee
10841306: no assignee
6.2.1 Finding topical assignees for cluster G06F3/067 (2022-02-11 17:38:50.078227)
10719622: no assignee
11023151: no assignee
10819521: no assignee
10803006: no assignee
10978303: no assignee
10963181: no assignee
10949093: no assignee
10713379: no assignee
10826701: no assignee
10708273: no assignee
10802748: no assignee
10761752: no assignee
6.2.1 Finding topical assignees for cluster G06F2221/2143 (2022-02-11 17:38:50.088593)
10719622: no assignee
10978303: no assignee
10824768: no assignee
6.2.1 Finding topical assignees for cluster A63H33/00 (2022-02-11 17:38:50.088990)
10987603: no assignee
10799808: no assignee
10913008: no assignee
10950059: no assignee
10967287: no assignee
10948177: no assignee
10888798: no assignee
6.2.1 Finding topical assignees for cluster G06F3/0659 (2022-02-11 17:38:50.089119)
10719622: no assignee
10769059: no assignee
11010070: no assignee
10860255: no assignee
10819521: no assignee
11030301: no assignee
10978303: no assignee
10963181: no assignee
10817185: no assignee
10788990: no assignee
10826701: no assignee
6.2.1 Finding topical assignees for cluster A63H30/00 (2022-02-11 17:38:50.098057)
6.2.1 Finding topical assignees for cluster G06F3/0622 (2022-02-11 17:38:50.098075)
10719622: no assignee
10819521: no assignee
10963181: no assignee
10826701: no assignee
10796027: no assignee
6.4 Getting nodes and edges (2022-02-11 17:38:50.098708)
6.5 Calculating Technology Index (2022-02-11 17:38:50.099862)
6.6 Calculating Assignee Index (2022-02-11 17:38:51.175507)
