/cluster/raid/home/michael.tsesmelis/SideProject
No devices were found

File cpc_current.tsv has the following columns: 
	"uuid"	"patent_id"	"section_id"	"subsection_id"	"group_id"	"subgroup_id"	"category"	"sequence"
	"0000003f-0d54-4180-ac11-8c05b03c4df1"	"6579498"	"A"	"A61"	"A61B"	"A61B2560/0219"	"additional"	2

There are 242050 entities
Splitting
Running Process 1
Filtering done on 1
> > Process 1: 0/7174217
> > Process 1: 1000000/7174217
> > Process 1: 2000000/7174217
> > Process 1: 3000000/7174217
> > Process 1: 4000000/7174217
> > Process 1: 5000000/7174217
> > Process 1: 6000000/7174217
> > Process 1: 7000000/7174217
Collapsing Process 1
Running Process 0
Filtering done on 0
> > Process 0: 0/7443871
> > Process 0: 1000000/7443871
> > Process 0: 2000000/7443871
> > Process 0: 3000000/7443871
> > Process 0: 4000000/7443871
> > Process 0: 5000000/7443871
> > Process 0: 6000000/7443871
> > Process 0: 7000000/7443871
Collapsing Process 0
Running Process 3
Filtering done on 3
> > Process 3: 0/7343746
> > Process 3: 1000000/7343746
> > Process 3: 2000000/7343746
> > Process 3: 3000000/7343746
> > Process 3: 4000000/7343746
> > Process 3: 5000000/7343746
> > Process 3: 6000000/7343746
> > Process 3: 7000000/7343746
Collapsing Process 3
Running Process 5
Filtering done on 5
> > Process 5: 0/7603310
> > Process 5: 1000000/7603310
> > Process 5: 2000000/7603310
> > Process 5: 3000000/7603310
> > Process 5: 4000000/7603310
> > Process 5: 5000000/7603310
> > Process 5: 6000000/7603310
> > Process 5: 7000000/7603310
Collapsing Process 5
Running Process 4
Filtering done on 4
> > Process 4: 0/7496301
> > Process 4: 1000000/7496301
> > Process 4: 2000000/7496301
> > Process 4: 3000000/7496301
> > Process 4: 4000000/7496301
> > Process 4: 5000000/7496301
> > Process 4: 6000000/7496301
> > Process 4: 7000000/7496301
Collapsing Process 4
Running Process 2
Filtering done on 2
> > Process 2: 0/7679903
> > Process 2: 1000000/7679903
> > Process 2: 2000000/7679903
> > Process 2: 3000000/7679903
> > Process 2: 4000000/7679903
> > Process 2: 5000000/7679903
> > Process 2: 6000000/7679903
> > Process 2: 7000000/7679903
Collapsing Process 2
Merging all thread dictionaries
Tensor saved with 242050 entities.
['11011561', '9052395', '10641606', '10641868', '10436908', '5471050', '10416294', '10989814', '10502816', '10598787', '10684371', '9151677', '8953152', '10613202', '6825455', '10960900', '8760549', '10845468', '10914822', '10746874', '10468439', '10707362', '10545225', '9442196', '7138646', '10712432', '9762890', '5825018', '7601992', '10317515', '5808726', '4521106', '10542228', '10859680', '10620299', '7464351', '10008621', '10422879', '8614411', '10840282', '10382736', '9052382', '7876422', '9961280', '11025847', '9971023', '10890650', '10680720', '5629704', '6515740', '10690753', '9214492', '11089245', '11002832', '5850282', '10061029', '10931905', '8675272', '10455178', '10574909', '10930690', '9704913', '11049896', '9140795', '9989642', '11044429', '9807369', '9905715', '8835826', '9952324', '8363212', '9749613', '10224354', '5856667', '10236400', '10992911', '9927210', '10996320', '8829408', '7119350', '9826214', '9945947', '10368022', '10861888', '6580496', '10488499', '8587773', '11092671', '10477118', '10418407', '10768282', '11018178', '10838222', '7476841', '8289427', '7362419', '10509126', '10291870', '10545242', '9190545', '6927889', '10983216', '10866312', '10356380', '9823067', '9590000', '11016195', '10798328', '9608027', '6906302', '9591247', '10605916', '8648945', '9843755', '10141369', '10948597', '9805476', '10165213', '10868059', '9678200', '10838048', '6777659', '10886312', '8203699', '10677923', '10067053', '10741598', '11029397', '10267901', '10541261', '10613200', '9538101', '9905609', '9344657', '10162048', '9425233', '10914821', '7012738', '10838043', '7053357', '10000000', '10886309', '10775502', '10026768', '10116883', '9232163', '10564263', '10264242', '10132626', '7994465', '10473782', '10976414', '10418410', '11032496', '10388682', '9348018', '6906793']
Hello
