/cluster/raid/home/michael.tsesmelis/SideProject
No devices were found

2022-01-18 17:05:03.217588
Tensors loaded.
        date forward_citations  CTO   PK   SK  TCT   MF   TS  PCD  COL  INV  TKH  CKH  TTS  CTS
8428009  NaN               NaN  NaN  NaN  NaN  NaN  NaN  NaN  NaN  NaN  NaN  NaN  NaN  NaN  NaN
8417817  NaN               NaN  NaN  NaN  NaN  NaN  NaN  NaN  NaN  NaN  NaN  NaN  NaN  NaN  NaN
8498725  NaN               NaN  NaN  NaN  NaN  NaN  NaN  NaN  NaN  NaN  NaN  NaN  NaN  NaN  NaN
8611536  NaN               NaN  NaN  NaN  NaN  NaN  NaN  NaN  NaN  NaN  NaN  NaN  NaN  NaN  NaN
8429719  NaN               NaN  NaN  NaN  NaN  NaN  NaN  NaN  NaN  NaN  NaN  NaN  NaN  NaN  NaN
...      ...               ...  ...  ...  ...  ...  ...  ...  ...  ...  ...  ...  ...  ...  ...
8396437  NaN               NaN  NaN  NaN  NaN  NaN  NaN  NaN  NaN  NaN  NaN  NaN  NaN  NaN  NaN
8428209  NaN               NaN  NaN  NaN  NaN  NaN  NaN  NaN  NaN  NaN  NaN  NaN  NaN  NaN  NaN
8615798  NaN               NaN  NaN  NaN  NaN  NaN  NaN  NaN  NaN  NaN  NaN  NaN  NaN  NaN  NaN
8526460  NaN               NaN  NaN  NaN  NaN  NaN  NaN  NaN  NaN  NaN  NaN  NaN  NaN  NaN  NaN
8411783  NaN               NaN  NaN  NaN  NaN  NaN  NaN  NaN  NaN  NaN  NaN  NaN  NaN  NaN  NaN

[23524 rows x 15 columns]
2022-01-18 17:05:03.926305
2022-01-18 17:05:03.926320
2022-01-18 17:05:05.564441
              date  forward_citations      CTO   PK   SK  TCT   MF   TS  PCD  COL  INV  TKH  CKH  TTS  CTS
8428009 2013-04-23                  3  0.72605  NaN  NaN  NaN  NaN  NaN  NaN  NaN  NaN  NaN  NaN  NaN  NaN
8417817 2013-04-09                 69  0.37500  NaN  NaN  NaN  NaN  NaN  NaN  NaN  NaN  NaN  NaN  NaN  NaN
8498725 2013-07-30                  1  0.87500  NaN  NaN  NaN  NaN  NaN  NaN  NaN  NaN  NaN  NaN  NaN  NaN
8611536 2013-12-17                  0  0.62500  NaN  NaN  NaN  NaN  NaN  NaN  NaN  NaN  NaN  NaN  NaN  NaN
8429719 2013-04-23                  0  0.50000  NaN  NaN  NaN  NaN  NaN  NaN  NaN  NaN  NaN  NaN  NaN  NaN
...            ...                ...      ...  ...  ...  ...  ...  ...  ...  ...  ...  ...  ...  ...  ...
8396437 2013-03-12                  0  0.83673  NaN  NaN  NaN  NaN  NaN  NaN  NaN  NaN  NaN  NaN  NaN  NaN
8428209 2013-04-23                  0  0.00000  NaN  NaN  NaN  NaN  NaN  NaN  NaN  NaN  NaN  NaN  NaN  NaN
8615798 2013-12-24                  1  0.62500  NaN  NaN  NaN  NaN  NaN  NaN  NaN  NaN  NaN  NaN  NaN  NaN
8526460 2013-09-03                  1  0.84000  NaN  NaN  NaN  NaN  NaN  NaN  NaN  NaN  NaN  NaN  NaN  NaN
8411783 2013-04-02                  1  0.50000  NaN  NaN  NaN  NaN  NaN  NaN  NaN  NaN  NaN  NaN  NaN  NaN

[23524 rows x 15 columns]
2022-01-18 17:05:06.274826
              date  forward_citations      CTO  PK   SK  TCT   MF   TS  PCD  COL  INV  TKH  CKH  TTS  CTS
8428009 2013-04-23                  3  0.72605  34  NaN  NaN  NaN  NaN  NaN  NaN  NaN  NaN  NaN  NaN  NaN
8417817 2013-04-09                 69  0.37500   3  NaN  NaN  NaN  NaN  NaN  NaN  NaN  NaN  NaN  NaN  NaN
8498725 2013-07-30                  1  0.87500  31  NaN  NaN  NaN  NaN  NaN  NaN  NaN  NaN  NaN  NaN  NaN
8611536 2013-12-17                  0  0.62500   7  NaN  NaN  NaN  NaN  NaN  NaN  NaN  NaN  NaN  NaN  NaN
8429719 2013-04-23                  0  0.50000   1  NaN  NaN  NaN  NaN  NaN  NaN  NaN  NaN  NaN  NaN  NaN
...            ...                ...      ...  ..  ...  ...  ...  ...  ...  ...  ...  ...  ...  ...  ...
8396437 2013-03-12                  0  0.83673   6  NaN  NaN  NaN  NaN  NaN  NaN  NaN  NaN  NaN  NaN  NaN
8428209 2013-04-23                  0  0.00000   1  NaN  NaN  NaN  NaN  NaN  NaN  NaN  NaN  NaN  NaN  NaN
8615798 2013-12-24                  1  0.62500   8  NaN  NaN  NaN  NaN  NaN  NaN  NaN  NaN  NaN  NaN  NaN
8526460 2013-09-03                  1  0.84000  16  NaN  NaN  NaN  NaN  NaN  NaN  NaN  NaN  NaN  NaN  NaN
8411783 2013-04-02                  1  0.50000   1  NaN  NaN  NaN  NaN  NaN  NaN  NaN  NaN  NaN  NaN  NaN

[23524 rows x 15 columns]
2022-01-18 17:05:06.433473
              date  forward_citations      CTO  PK  SK  TCT   MF   TS  PCD  COL  INV  TKH  CKH  TTS  CTS
8428009 2013-04-23                  3  0.72605  34   7  NaN  NaN  NaN  NaN  NaN  NaN  NaN  NaN  NaN  NaN
8417817 2013-04-09                 69  0.37500   3   0  NaN  NaN  NaN  NaN  NaN  NaN  NaN  NaN  NaN  NaN
8498725 2013-07-30                  1  0.87500  31   0  NaN  NaN  NaN  NaN  NaN  NaN  NaN  NaN  NaN  NaN
8611536 2013-12-17                  0  0.62500   7   3  NaN  NaN  NaN  NaN  NaN  NaN  NaN  NaN  NaN  NaN
8429719 2013-04-23                  0  0.50000   1   3  NaN  NaN  NaN  NaN  NaN  NaN  NaN  NaN  NaN  NaN
...            ...                ...      ...  ..  ..  ...  ...  ...  ...  ...  ...  ...  ...  ...  ...
8396437 2013-03-12                  0  0.83673   6   0  NaN  NaN  NaN  NaN  NaN  NaN  NaN  NaN  NaN  NaN
8428209 2013-04-23                  0  0.00000   1   0  NaN  NaN  NaN  NaN  NaN  NaN  NaN  NaN  NaN  NaN
8615798 2013-12-24                  1  0.62500   8   6  NaN  NaN  NaN  NaN  NaN  NaN  NaN  NaN  NaN  NaN
8526460 2013-09-03                  1  0.84000  16   4  NaN  NaN  NaN  NaN  NaN  NaN  NaN  NaN  NaN  NaN
8411783 2013-04-02                  1  0.50000   1   3  NaN  NaN  NaN  NaN  NaN  NaN  NaN  NaN  NaN  NaN

[23524 rows x 15 columns]
2022-01-18 17:05:06.609478
              date  forward_citations      CTO  PK  SK     TCT   MF   TS  PCD  COL  INV  TKH  CKH  TTS  CTS
8428009 2013-04-23                  3  0.72605  34   7  1970.5  NaN  NaN  NaN  NaN  NaN  NaN  NaN  NaN  NaN
8417817 2013-04-09                 69  0.37500   3   0   973.0  NaN  NaN  NaN  NaN  NaN  NaN  NaN  NaN  NaN
8498725 2013-07-30                  1  0.87500  31   0  3808.0  NaN  NaN  NaN  NaN  NaN  NaN  NaN  NaN  NaN
8611536 2013-12-17                  0  0.62500   7   3  3556.0  NaN  NaN  NaN  NaN  NaN  NaN  NaN  NaN  NaN
8429719 2013-04-23                  0  0.50000   1   3  1379.0  NaN  NaN  NaN  NaN  NaN  NaN  NaN  NaN  NaN
...            ...                ...      ...  ..  ..     ...  ...  ...  ...  ...  ...  ...  ...  ...  ...
8396437 2013-03-12                  0  0.83673   6   0  1984.5  NaN  NaN  NaN  NaN  NaN  NaN  NaN  NaN  NaN
8428209 2013-04-23                  0  0.00000   1   0  2597.0  NaN  NaN  NaN  NaN  NaN  NaN  NaN  NaN  NaN
8615798 2013-12-24                  1  0.62500   8   6  2110.5  NaN  NaN  NaN  NaN  NaN  NaN  NaN  NaN  NaN
8526460 2013-09-03                  1  0.84000  16   4  3185.0  NaN  NaN  NaN  NaN  NaN  NaN  NaN  NaN  NaN
8411783 2013-04-02                  1  0.50000   1   3   700.0  NaN  NaN  NaN  NaN  NaN  NaN  NaN  NaN  NaN

[23524 rows x 15 columns]
2022-01-18 17:05:09.385202
              date  forward_citations      CTO  PK  SK     TCT                        MF  TS  PCD  COL  INV  TKH  CKH  TTS  CTS
8428009 2013-04-23                  3  0.72605  34   7  1970.5              [H04L, H04B]   2  NaN  NaN  NaN  NaN  NaN  NaN  NaN
8417817 2013-04-09                 69  0.37500   3   0   973.0                    [H04L]   1  NaN  NaN  NaN  NaN  NaN  NaN  NaN
8498725 2013-07-30                  1  0.87500  31   0  3808.0        [H04L, H04M, H04N]   3  NaN  NaN  NaN  NaN  NaN  NaN  NaN
8611536 2013-12-17                  0  0.62500   7   3  3556.0              [H04L, H04W]   2  NaN  NaN  NaN  NaN  NaN  NaN  NaN
8429719 2013-04-23                  0  0.50000   1   3  1379.0              [H04L, H04W]   2  NaN  NaN  NaN  NaN  NaN  NaN  NaN
...            ...                ...      ...  ..  ..     ...                       ...  ..  ...  ...  ...  ...  ...  ...  ...
8396437 2013-03-12                  0  0.83673   6   0  1984.5  [H04W, H03G, H04B, H04L]   4  NaN  NaN  NaN  NaN  NaN  NaN  NaN
8428209 2013-04-23                  0  0.00000   1   0  2597.0                    [H04L]   1  NaN  NaN  NaN  NaN  NaN  NaN  NaN
8615798 2013-12-24                  1  0.62500   8   6  2110.5                    [H04L]   1  NaN  NaN  NaN  NaN  NaN  NaN  NaN
8526460 2013-09-03                  1  0.84000  16   4  3185.0              [G06F, H04L]   2  NaN  NaN  NaN  NaN  NaN  NaN  NaN
8411783 2013-04-02                  1  0.50000   1   3   700.0              [H04B, H04L]   2  NaN  NaN  NaN  NaN  NaN  NaN  NaN

[23524 rows x 15 columns]
2022-01-18 17:05:09.557364
              date  forward_citations      CTO  PK  SK     TCT                        MF  TS  PCD  COL  INV  TKH  CKH  TTS  CTS
8428009 2013-04-23                  3  0.72605  34   7  1970.5              [H04L, H04B]   2   11  NaN  NaN  NaN  NaN  NaN  NaN
8417817 2013-04-09                 69  0.37500   3   0   973.0                    [H04L]   1   11  NaN  NaN  NaN  NaN  NaN  NaN
8498725 2013-07-30                  1  0.87500  31   0  3808.0        [H04L, H04M, H04N]   3   16  NaN  NaN  NaN  NaN  NaN  NaN
8611536 2013-12-17                  0  0.62500   7   3  3556.0              [H04L, H04W]   2   23  NaN  NaN  NaN  NaN  NaN  NaN
8429719 2013-04-23                  0  0.50000   1   3  1379.0              [H04L, H04W]   2   18  NaN  NaN  NaN  NaN  NaN  NaN
...            ...                ...      ...  ..  ..     ...                       ...  ..  ...  ...  ...  ...  ...  ...  ...
8396437 2013-03-12                  0  0.83673   6   0  1984.5  [H04W, H03G, H04B, H04L]   4   11  NaN  NaN  NaN  NaN  NaN  NaN
8428209 2013-04-23                  0  0.00000   1   0  2597.0                    [H04L]   1   22  NaN  NaN  NaN  NaN  NaN  NaN
8615798 2013-12-24                  1  0.62500   8   6  2110.5                    [H04L]   1    8  NaN  NaN  NaN  NaN  NaN  NaN
8526460 2013-09-03                  1  0.84000  16   4  3185.0              [G06F, H04L]   2   16  NaN  NaN  NaN  NaN  NaN  NaN
8411783 2013-04-02                  1  0.50000   1   3   700.0              [H04B, H04L]   2    8  NaN  NaN  NaN  NaN  NaN  NaN

[23524 rows x 15 columns]
2022-01-18 17:05:09.722401
              date  forward_citations      CTO  PK  SK     TCT                        MF  TS  PCD  COL  INV  TKH  CKH  TTS  CTS
8428009 2013-04-23                  3  0.72605  34   7  1970.5              [H04L, H04B]   2   11    0  NaN  NaN  NaN  NaN  NaN
8417817 2013-04-09                 69  0.37500   3   0   973.0                    [H04L]   1   11    0  NaN  NaN  NaN  NaN  NaN
8498725 2013-07-30                  1  0.87500  31   0  3808.0        [H04L, H04M, H04N]   3   16    0  NaN  NaN  NaN  NaN  NaN
8611536 2013-12-17                  0  0.62500   7   3  3556.0              [H04L, H04W]   2   23    0  NaN  NaN  NaN  NaN  NaN
8429719 2013-04-23                  0  0.50000   1   3  1379.0              [H04L, H04W]   2   18    0  NaN  NaN  NaN  NaN  NaN
...            ...                ...      ...  ..  ..     ...                       ...  ..  ...  ...  ...  ...  ...  ...  ...
8396437 2013-03-12                  0  0.83673   6   0  1984.5  [H04W, H03G, H04B, H04L]   4   11    0  NaN  NaN  NaN  NaN  NaN
8428209 2013-04-23                  0  0.00000   1   0  2597.0                    [H04L]   1   22    0  NaN  NaN  NaN  NaN  NaN
8615798 2013-12-24                  1  0.62500   8   6  2110.5                    [H04L]   1    8    0  NaN  NaN  NaN  NaN  NaN
8526460 2013-09-03                  1  0.84000  16   4  3185.0              [G06F, H04L]   2   16    0  NaN  NaN  NaN  NaN  NaN
8411783 2013-04-02                  1  0.50000   1   3   700.0              [H04B, H04L]   2    8    0  NaN  NaN  NaN  NaN  NaN

[23524 rows x 15 columns]
2022-01-18 17:05:09.891179
              date  forward_citations      CTO  PK  SK     TCT                        MF  TS  PCD  COL  INV  TKH  CKH  TTS  CTS
8428009 2013-04-23                  3  0.72605  34   7  1970.5              [H04L, H04B]   2   11    0    4  NaN  NaN  NaN  NaN
8417817 2013-04-09                 69  0.37500   3   0   973.0                    [H04L]   1   11    0    1  NaN  NaN  NaN  NaN
8498725 2013-07-30                  1  0.87500  31   0  3808.0        [H04L, H04M, H04N]   3   16    0    1  NaN  NaN  NaN  NaN
8611536 2013-12-17                  0  0.62500   7   3  3556.0              [H04L, H04W]   2   23    0    4  NaN  NaN  NaN  NaN
8429719 2013-04-23                  0  0.50000   1   3  1379.0              [H04L, H04W]   2   18    0    3  NaN  NaN  NaN  NaN
...            ...                ...      ...  ..  ..     ...                       ...  ..  ...  ...  ...  ...  ...  ...  ...
8396437 2013-03-12                  0  0.83673   6   0  1984.5  [H04W, H03G, H04B, H04L]   4   11    0    3  NaN  NaN  NaN  NaN
8428209 2013-04-23                  0  0.00000   1   0  2597.0                    [H04L]   1   22    0    3  NaN  NaN  NaN  NaN
8615798 2013-12-24                  1  0.62500   8   6  2110.5                    [H04L]   1    8    0    1  NaN  NaN  NaN  NaN
8526460 2013-09-03                  1  0.84000  16   4  3185.0              [G06F, H04L]   2   16    0    1  NaN  NaN  NaN  NaN
8411783 2013-04-02                  1  0.50000   1   3   700.0              [H04B, H04L]   2    8    0    3  NaN  NaN  NaN  NaN

[23524 rows x 15 columns]
2022-01-18 17:05:12.488116
              date  forward_citations      CTO  PK  SK     TCT                        MF  TS  PCD  COL  INV       TKH  CKH        TTS  CTS
8428009 2013-04-23                  3  0.72605  34   7  1970.5              [H04L, H04B]   2   11    0    4      69.0  0.0      349.0  0.0
8417817 2013-04-09                 69  0.37500   3   0   973.0                    [H04L]   1   11    0    1   24038.0  0.0   201238.0  0.0
8498725 2013-07-30                  1  0.87500  31   0  3808.0        [H04L, H04M, H04N]   3   16    0    1     196.0  0.0      900.0  0.0
8611536 2013-12-17                  0  0.62500   7   3  3556.0              [H04L, H04W]   2   23    0    4   26930.0  0.0   195613.0  0.0
8429719 2013-04-23                  0  0.50000   1   3  1379.0              [H04L, H04W]   2   18    0    3       3.0  0.0        3.0  0.0
...            ...                ...      ...  ..  ..     ...                       ...  ..  ...  ...  ...       ...  ...        ...  ...
8396437 2013-03-12                  0  0.83673   6   0  1984.5  [H04W, H03G, H04B, H04L]   4   11    0    3   11161.0  0.0    82780.0  0.0
8428209 2013-04-23                  0  0.00000   1   0  2597.0                    [H04L]   1   22    0    3      33.0  0.0       97.0  0.0
8615798 2013-12-24                  1  0.62500   8   6  2110.5                    [H04L]   1    8    0    1  146538.0  0.0  2052609.0  0.0
8526460 2013-09-03                  1  0.84000  16   4  3185.0              [G06F, H04L]   2   16    0    1    3648.0  0.0    68184.0  0.0
8411783 2013-04-02                  1  0.50000   1   3   700.0              [H04B, H04L]   2    8    0    3   45169.0  0.0   529335.0  0.0

[23524 rows x 15 columns]
